mkdir -p build/devices
mkdir -p build/filesys
mkdir -p build/lib
mkdir -p build/lib/kernel
mkdir -p build/lib/user
mkdir -p build/tests/filesys/base
mkdir -p build/tests/filesys/extended
mkdir -p build/tests/userprog
mkdir -p build/threads
mkdir -p build/userprog
cp ../Makefile.build build/Makefile
cd build && make grade
make[1]: Entering directory '/home/6a/pintos/src/filesys/build'
gcc -m32 -E -nostdinc -I../.. -I../../lib -I../../lib/kernel -P ../../threads/kernel.lds.S > threads/kernel.lds.s
gcc -m32 -c ../../threads/start.S -o threads/start.o -Wa,--gstabs -nostdinc -I../.. -I../../lib -I../../lib/kernel -DUSERPROG -DFILESYS -MMD -MF threads/start.d
gcc -m32 -c ../../threads/init.c -o threads/init.o -g -msoft-float -O -march=i686 -fno-stack-protector -nostdinc -I../.. -I../../lib -I../../lib/kernel -Wall -W -Wstrict-prototypes -Wmissing-prototypes -Wsystem-headers -DUSERPROG -DFILESYS -MMD -MF threads/init.d
gcc -m32 -c ../../threads/thread.c -o threads/thread.o -g -msoft-float -O -march=i686 -fno-stack-protector -nostdinc -I../.. -I../../lib -I../../lib/kernel -Wall -W -Wstrict-prototypes -Wmissing-prototypes -Wsystem-headers -DUSERPROG -DFILESYS -MMD -MF threads/thread.d
gcc -m32 -c ../../threads/switch.S -o threads/switch.o -Wa,--gstabs -nostdinc -I../.. -I../../lib -I../../lib/kernel -DUSERPROG -DFILESYS -MMD -MF threads/switch.d
gcc -m32 -c ../../threads/interrupt.c -o threads/interrupt.o -g -msoft-float -O -march=i686 -fno-stack-protector -nostdinc -I../.. -I../../lib -I../../lib/kernel -Wall -W -Wstrict-prototypes -Wmissing-prototypes -Wsystem-headers -DUSERPROG -DFILESYS -MMD -MF threads/interrupt.d
gcc -m32 -c ../../threads/intr-stubs.S -o threads/intr-stubs.o -Wa,--gstabs -nostdinc -I../.. -I../../lib -I../../lib/kernel -DUSERPROG -DFILESYS -MMD -MF threads/intr-stubs.d
gcc -m32 -c ../../threads/synch.c -o threads/synch.o -g -msoft-float -O -march=i686 -fno-stack-protector -nostdinc -I../.. -I../../lib -I../../lib/kernel -Wall -W -Wstrict-prototypes -Wmissing-prototypes -Wsystem-headers -DUSERPROG -DFILESYS -MMD -MF threads/synch.d
gcc -m32 -c ../../threads/palloc.c -o threads/palloc.o -g -msoft-float -O -march=i686 -fno-stack-protector -nostdinc -I../.. -I../../lib -I../../lib/kernel -Wall -W -Wstrict-prototypes -Wmissing-prototypes -Wsystem-headers -DUSERPROG -DFILESYS -MMD -MF threads/palloc.d
gcc -m32 -c ../../threads/malloc.c -o threads/malloc.o -g -msoft-float -O -march=i686 -fno-stack-protector -nostdinc -I../.. -I../../lib -I../../lib/kernel -Wall -W -Wstrict-prototypes -Wmissing-prototypes -Wsystem-headers -DUSERPROG -DFILESYS -MMD -MF threads/malloc.d
gcc -m32 -c ../../devices/pit.c -o devices/pit.o -g -msoft-float -O -march=i686 -fno-stack-protector -nostdinc -I../.. -I../../lib -I../../lib/kernel -Wall -W -Wstrict-prototypes -Wmissing-prototypes -Wsystem-headers -DUSERPROG -DFILESYS -MMD -MF devices/pit.d
gcc -m32 -c ../../devices/timer.c -o devices/timer.o -g -msoft-float -O -march=i686 -fno-stack-protector -nostdinc -I../.. -I../../lib -I../../lib/kernel -Wall -W -Wstrict-prototypes -Wmissing-prototypes -Wsystem-headers -DUSERPROG -DFILESYS -MMD -MF devices/timer.d
gcc -m32 -c ../../devices/kbd.c -o devices/kbd.o -g -msoft-float -O -march=i686 -fno-stack-protector -nostdinc -I../.. -I../../lib -I../../lib/kernel -Wall -W -Wstrict-prototypes -Wmissing-prototypes -Wsystem-headers -DUSERPROG -DFILESYS -MMD -MF devices/kbd.d
gcc -m32 -c ../../devices/vga.c -o devices/vga.o -g -msoft-float -O -march=i686 -fno-stack-protector -nostdinc -I../.. -I../../lib -I../../lib/kernel -Wall -W -Wstrict-prototypes -Wmissing-prototypes -Wsystem-headers -DUSERPROG -DFILESYS -MMD -MF devices/vga.d
gcc -m32 -c ../../devices/serial.c -o devices/serial.o -g -msoft-float -O -march=i686 -fno-stack-protector -nostdinc -I../.. -I../../lib -I../../lib/kernel -Wall -W -Wstrict-prototypes -Wmissing-prototypes -Wsystem-headers -DUSERPROG -DFILESYS -MMD -MF devices/serial.d
gcc -m32 -c ../../devices/block.c -o devices/block.o -g -msoft-float -O -march=i686 -fno-stack-protector -nostdinc -I../.. -I../../lib -I../../lib/kernel -Wall -W -Wstrict-prototypes -Wmissing-prototypes -Wsystem-headers -DUSERPROG -DFILESYS -MMD -MF devices/block.d
gcc -m32 -c ../../devices/partition.c -o devices/partition.o -g -msoft-float -O -march=i686 -fno-stack-protector -nostdinc -I../.. -I../../lib -I../../lib/kernel -Wall -W -Wstrict-prototypes -Wmissing-prototypes -Wsystem-headers -DUSERPROG -DFILESYS -MMD -MF devices/partition.d
gcc -m32 -c ../../devices/ide.c -o devices/ide.o -g -msoft-float -O -march=i686 -fno-stack-protector -nostdinc -I../.. -I../../lib -I../../lib/kernel -Wall -W -Wstrict-prototypes -Wmissing-prototypes -Wsystem-headers -DUSERPROG -DFILESYS -MMD -MF devices/ide.d
gcc -m32 -c ../../devices/input.c -o devices/input.o -g -msoft-float -O -march=i686 -fno-stack-protector -nostdinc -I../.. -I../../lib -I../../lib/kernel -Wall -W -Wstrict-prototypes -Wmissing-prototypes -Wsystem-headers -DUSERPROG -DFILESYS -MMD -MF devices/input.d
gcc -m32 -c ../../devices/intq.c -o devices/intq.o -g -msoft-float -O -march=i686 -fno-stack-protector -nostdinc -I../.. -I../../lib -I../../lib/kernel -Wall -W -Wstrict-prototypes -Wmissing-prototypes -Wsystem-headers -DUSERPROG -DFILESYS -MMD -MF devices/intq.d
gcc -m32 -c ../../devices/rtc.c -o devices/rtc.o -g -msoft-float -O -march=i686 -fno-stack-protector -nostdinc -I../.. -I../../lib -I../../lib/kernel -Wall -W -Wstrict-prototypes -Wmissing-prototypes -Wsystem-headers -DUSERPROG -DFILESYS -MMD -MF devices/rtc.d
gcc -m32 -c ../../devices/shutdown.c -o devices/shutdown.o -g -msoft-float -O -march=i686 -fno-stack-protector -nostdinc -I../.. -I../../lib -I../../lib/kernel -Wall -W -Wstrict-prototypes -Wmissing-prototypes -Wsystem-headers -DUSERPROG -DFILESYS -MMD -MF devices/shutdown.d
gcc -m32 -c ../../devices/speaker.c -o devices/speaker.o -g -msoft-float -O -march=i686 -fno-stack-protector -nostdinc -I../.. -I../../lib -I../../lib/kernel -Wall -W -Wstrict-prototypes -Wmissing-prototypes -Wsystem-headers -DUSERPROG -DFILESYS -MMD -MF devices/speaker.d
gcc -m32 -c ../../lib/debug.c -o lib/debug.o -g -msoft-float -O -march=i686 -fno-stack-protector -nostdinc -I../.. -I../../lib -I../../lib/kernel -Wall -W -Wstrict-prototypes -Wmissing-prototypes -Wsystem-headers -DUSERPROG -DFILESYS -MMD -MF lib/debug.d
gcc -m32 -c ../../lib/random.c -o lib/random.o -g -msoft-float -O -march=i686 -fno-stack-protector -nostdinc -I../.. -I../../lib -I../../lib/kernel -Wall -W -Wstrict-prototypes -Wmissing-prototypes -Wsystem-headers -DUSERPROG -DFILESYS -MMD -MF lib/random.d
gcc -m32 -c ../../lib/stdio.c -o lib/stdio.o -g -msoft-float -O -march=i686 -fno-stack-protector -nostdinc -I../.. -I../../lib -I../../lib/kernel -Wall -W -Wstrict-prototypes -Wmissing-prototypes -Wsystem-headers -DUSERPROG -DFILESYS -MMD -MF lib/stdio.d
gcc -m32 -c ../../lib/stdlib.c -o lib/stdlib.o -g -msoft-float -O -march=i686 -fno-stack-protector -nostdinc -I../.. -I../../lib -I../../lib/kernel -Wall -W -Wstrict-prototypes -Wmissing-prototypes -Wsystem-headers -DUSERPROG -DFILESYS -MMD -MF lib/stdlib.d
gcc -m32 -c ../../lib/string.c -o lib/string.o -g -msoft-float -O -march=i686 -fno-stack-protector -nostdinc -I../.. -I../../lib -I../../lib/kernel -Wall -W -Wstrict-prototypes -Wmissing-prototypes -Wsystem-headers -DUSERPROG -DFILESYS -MMD -MF lib/string.d
gcc -m32 -c ../../lib/arithmetic.c -o lib/arithmetic.o -g -msoft-float -O -march=i686 -fno-stack-protector -nostdinc -I../.. -I../../lib -I../../lib/kernel -Wall -W -Wstrict-prototypes -Wmissing-prototypes -Wsystem-headers -DUSERPROG -DFILESYS -MMD -MF lib/arithmetic.d
gcc -m32 -c ../../lib/ustar.c -o lib/ustar.o -g -msoft-float -O -march=i686 -fno-stack-protector -nostdinc -I../.. -I../../lib -I../../lib/kernel -Wall -W -Wstrict-prototypes -Wmissing-prototypes -Wsystem-headers -DUSERPROG -DFILESYS -MMD -MF lib/ustar.d
gcc -m32 -c ../../lib/kernel/debug.c -o lib/kernel/debug.o -g -msoft-float -O -march=i686 -fno-stack-protector -nostdinc -I../.. -I../../lib -I../../lib/kernel -Wall -W -Wstrict-prototypes -Wmissing-prototypes -Wsystem-headers -DUSERPROG -DFILESYS -MMD -MF lib/kernel/debug.d
gcc -m32 -c ../../lib/kernel/list.c -o lib/kernel/list.o -g -msoft-float -O -march=i686 -fno-stack-protector -nostdinc -I../.. -I../../lib -I../../lib/kernel -Wall -W -Wstrict-prototypes -Wmissing-prototypes -Wsystem-headers -DUSERPROG -DFILESYS -MMD -MF lib/kernel/list.d
gcc -m32 -c ../../lib/kernel/bitmap.c -o lib/kernel/bitmap.o -g -msoft-float -O -march=i686 -fno-stack-protector -nostdinc -I../.. -I../../lib -I../../lib/kernel -Wall -W -Wstrict-prototypes -Wmissing-prototypes -Wsystem-headers -DUSERPROG -DFILESYS -MMD -MF lib/kernel/bitmap.d
gcc -m32 -c ../../lib/kernel/hash.c -o lib/kernel/hash.o -g -msoft-float -O -march=i686 -fno-stack-protector -nostdinc -I../.. -I../../lib -I../../lib/kernel -Wall -W -Wstrict-prototypes -Wmissing-prototypes -Wsystem-headers -DUSERPROG -DFILESYS -MMD -MF lib/kernel/hash.d
gcc -m32 -c ../../lib/kernel/console.c -o lib/kernel/console.o -g -msoft-float -O -march=i686 -fno-stack-protector -nostdinc -I../.. -I../../lib -I../../lib/kernel -Wall -W -Wstrict-prototypes -Wmissing-prototypes -Wsystem-headers -DUSERPROG -DFILESYS -MMD -MF lib/kernel/console.d
gcc -m32 -c ../../userprog/process.c -o userprog/process.o -g -msoft-float -O -march=i686 -fno-stack-protector -nostdinc -I../.. -I../../lib -I../../lib/kernel -Wall -W -Wstrict-prototypes -Wmissing-prototypes -Wsystem-headers -DUSERPROG -DFILESYS -MMD -MF userprog/process.d
gcc -m32 -c ../../userprog/pagedir.c -o userprog/pagedir.o -g -msoft-float -O -march=i686 -fno-stack-protector -nostdinc -I../.. -I../../lib -I../../lib/kernel -Wall -W -Wstrict-prototypes -Wmissing-prototypes -Wsystem-headers -DUSERPROG -DFILESYS -MMD -MF userprog/pagedir.d
gcc -m32 -c ../../userprog/exception.c -o userprog/exception.o -g -msoft-float -O -march=i686 -fno-stack-protector -nostdinc -I../.. -I../../lib -I../../lib/kernel -Wall -W -Wstrict-prototypes -Wmissing-prototypes -Wsystem-headers -DUSERPROG -DFILESYS -MMD -MF userprog/exception.d
gcc -m32 -c ../../userprog/syscall.c -o userprog/syscall.o -g -msoft-float -O -march=i686 -fno-stack-protector -nostdinc -I../.. -I../../lib -I../../lib/kernel -Wall -W -Wstrict-prototypes -Wmissing-prototypes -Wsystem-headers -DUSERPROG -DFILESYS -MMD -MF userprog/syscall.d
gcc -m32 -c ../../userprog/gdt.c -o userprog/gdt.o -g -msoft-float -O -march=i686 -fno-stack-protector -nostdinc -I../.. -I../../lib -I../../lib/kernel -Wall -W -Wstrict-prototypes -Wmissing-prototypes -Wsystem-headers -DUSERPROG -DFILESYS -MMD -MF userprog/gdt.d
gcc -m32 -c ../../userprog/tss.c -o userprog/tss.o -g -msoft-float -O -march=i686 -fno-stack-protector -nostdinc -I../.. -I../../lib -I../../lib/kernel -Wall -W -Wstrict-prototypes -Wmissing-prototypes -Wsystem-headers -DUSERPROG -DFILESYS -MMD -MF userprog/tss.d
gcc -m32 -c ../../filesys/filesys.c -o filesys/filesys.o -g -msoft-float -O -march=i686 -fno-stack-protector -nostdinc -I../.. -I../../lib -I../../lib/kernel -Wall -W -Wstrict-prototypes -Wmissing-prototypes -Wsystem-headers -DUSERPROG -DFILESYS -MMD -MF filesys/filesys.d
gcc -m32 -c ../../filesys/free-map.c -o filesys/free-map.o -g -msoft-float -O -march=i686 -fno-stack-protector -nostdinc -I../.. -I../../lib -I../../lib/kernel -Wall -W -Wstrict-prototypes -Wmissing-prototypes -Wsystem-headers -DUSERPROG -DFILESYS -MMD -MF filesys/free-map.d
gcc -m32 -c ../../filesys/file.c -o filesys/file.o -g -msoft-float -O -march=i686 -fno-stack-protector -nostdinc -I../.. -I../../lib -I../../lib/kernel -Wall -W -Wstrict-prototypes -Wmissing-prototypes -Wsystem-headers -DUSERPROG -DFILESYS -MMD -MF filesys/file.d
gcc -m32 -c ../../filesys/directory.c -o filesys/directory.o -g -msoft-float -O -march=i686 -fno-stack-protector -nostdinc -I../.. -I../../lib -I../../lib/kernel -Wall -W -Wstrict-prototypes -Wmissing-prototypes -Wsystem-headers -DUSERPROG -DFILESYS -MMD -MF filesys/directory.d
gcc -m32 -c ../../filesys/inode.c -o filesys/inode.o -g -msoft-float -O -march=i686 -fno-stack-protector -nostdinc -I../.. -I../../lib -I../../lib/kernel -Wall -W -Wstrict-prototypes -Wmissing-prototypes -Wsystem-headers -DUSERPROG -DFILESYS -MMD -MF filesys/inode.d
gcc -m32 -c ../../filesys/fsutil.c -o filesys/fsutil.o -g -msoft-float -O -march=i686 -fno-stack-protector -nostdinc -I../.. -I../../lib -I../../lib/kernel -Wall -W -Wstrict-prototypes -Wmissing-prototypes -Wsystem-headers -DUSERPROG -DFILESYS -MMD -MF filesys/fsutil.d
ld -melf_i386 -T threads/kernel.lds.s -o kernel.o threads/start.o threads/init.o threads/thread.o threads/switch.o threads/interrupt.o threads/intr-stubs.o threads/synch.o threads/palloc.o threads/malloc.o devices/pit.o devices/timer.o devices/kbd.o devices/vga.o devices/serial.o devices/block.o devices/partition.o devices/ide.o devices/input.o devices/intq.o devices/rtc.o devices/shutdown.o devices/speaker.o lib/debug.o lib/random.o lib/stdio.o lib/stdlib.o lib/string.o lib/arithmetic.o lib/ustar.o lib/kernel/debug.o lib/kernel/list.o lib/kernel/bitmap.o lib/kernel/hash.o lib/kernel/console.o userprog/process.o userprog/pagedir.o userprog/exception.o userprog/syscall.o userprog/gdt.o userprog/tss.o filesys/filesys.o filesys/free-map.o filesys/file.o filesys/directory.o filesys/inode.o filesys/fsutil.o
objcopy -R .note -R .comment -S kernel.o kernel.bin
gcc -m32 -c ../../threads/loader.S -o threads/loader.o -Wa,--gstabs -nostdinc -I../.. -I../../lib 
ld -melf_i386 -N -e 0 -Ttext 0x7c00 --oformat binary -o loader.bin threads/loader.o
gcc -m32 -c ../../tests/userprog/args.c -o tests/userprog/args.o -g -msoft-float -O -march=i686 -fno-stack-protector -nostdinc -I../.. -I../../lib -I../../lib/user -I. -Wall -W -Wstrict-prototypes -Wmissing-prototypes -Wsystem-headers  -MMD -MF tests/userprog/args.d
gcc -m32 -c ../../tests/lib.c -o tests/lib.o -g -msoft-float -O -march=i686 -fno-stack-protector -nostdinc -I../.. -I../../lib -I../../lib/user -I. -Wall -W -Wstrict-prototypes -Wmissing-prototypes -Wsystem-headers  -MMD -MF tests/lib.d
gcc -m32 -c ../../lib/user/entry.c -o lib/user/entry.o -g -msoft-float -O -march=i686 -fno-stack-protector -nostdinc -I../.. -I../../lib -I../../lib/user -I. -Wall -W -Wstrict-prototypes -Wmissing-prototypes -Wsystem-headers  -MMD -MF lib/user/entry.d
gcc -m32 -c ../../lib/user/debug.c -o lib/user/debug.o -g -msoft-float -O -march=i686 -fno-stack-protector -nostdinc -I../.. -I../../lib -I../../lib/user -I. -Wall -W -Wstrict-prototypes -Wmissing-prototypes -Wsystem-headers  -MMD -MF lib/user/debug.d
gcc -m32 -c ../../lib/user/syscall.c -o lib/user/syscall.o -g -msoft-float -O -march=i686 -fno-stack-protector -nostdinc -I../.. -I../../lib -I../../lib/user -I. -Wall -W -Wstrict-prototypes -Wmissing-prototypes -Wsystem-headers  -MMD -MF lib/user/syscall.d
gcc -m32 -c ../../lib/user/console.c -o lib/user/console.o -g -msoft-float -O -march=i686 -fno-stack-protector -nostdinc -I../.. -I../../lib -I../../lib/user -I. -Wall -W -Wstrict-prototypes -Wmissing-prototypes -Wsystem-headers  -MMD -MF lib/user/console.d
rm -f libc.a
ar r libc.a lib/debug.o lib/random.o lib/stdio.o lib/stdlib.o lib/string.o lib/arithmetic.o lib/ustar.o lib/user/debug.o lib/user/syscall.o lib/user/console.o
ranlib libc.a
gcc -m32  -Wl,--build-id=none -nostdlib -static -Wl,-T,../../lib/user/user.lds tests/userprog/args.o tests/lib.o lib/user/entry.o libc.a -o tests/userprog/args-none
pintos -v -k -T 60 --qemu  --filesys-size=2 -p tests/userprog/args-none -a args-none -- -q  -f run args-none < /dev/null 2> tests/userprog/args-none.errors > tests/userprog/args-none.output
perl -I../.. ../../tests/userprog/args-none.ck tests/userprog/args-none tests/userprog/args-none.result
pass tests/userprog/args-none
gcc -m32  -Wl,--build-id=none -nostdlib -static -Wl,-T,../../lib/user/user.lds tests/userprog/args.o tests/lib.o lib/user/entry.o libc.a -o tests/userprog/args-single
pintos -v -k -T 60 --qemu  --filesys-size=2 -p tests/userprog/args-single -a args-single -- -q  -f run 'args-single onearg' < /dev/null 2> tests/userprog/args-single.errors > tests/userprog/args-single.output
perl -I../.. ../../tests/userprog/args-single.ck tests/userprog/args-single tests/userprog/args-single.result
pass tests/userprog/args-single
gcc -m32  -Wl,--build-id=none -nostdlib -static -Wl,-T,../../lib/user/user.lds tests/userprog/args.o tests/lib.o lib/user/entry.o libc.a -o tests/userprog/args-multiple
pintos -v -k -T 60 --qemu  --filesys-size=2 -p tests/userprog/args-multiple -a args-multiple -- -q  -f run 'args-multiple some arguments for you!' < /dev/null 2> tests/userprog/args-multiple.errors > tests/userprog/args-multiple.output
perl -I../.. ../../tests/userprog/args-multiple.ck tests/userprog/args-multiple tests/userprog/args-multiple.result
pass tests/userprog/args-multiple
gcc -m32  -Wl,--build-id=none -nostdlib -static -Wl,-T,../../lib/user/user.lds tests/userprog/args.o tests/lib.o lib/user/entry.o libc.a -o tests/userprog/args-many
pintos -v -k -T 60 --qemu  --filesys-size=2 -p tests/userprog/args-many -a args-many -- -q  -f run 'args-many a b c d e f g h i j k l m n o p q r s t u v' < /dev/null 2> tests/userprog/args-many.errors > tests/userprog/args-many.output
perl -I../.. ../../tests/userprog/args-many.ck tests/userprog/args-many tests/userprog/args-many.result
pass tests/userprog/args-many
gcc -m32  -Wl,--build-id=none -nostdlib -static -Wl,-T,../../lib/user/user.lds tests/userprog/args.o tests/lib.o lib/user/entry.o libc.a -o tests/userprog/args-dbl-space
pintos -v -k -T 60 --qemu  --filesys-size=2 -p tests/userprog/args-dbl-space -a args-dbl-space -- -q  -f run 'args-dbl-space two  spaces!' < /dev/null 2> tests/userprog/args-dbl-space.errors > tests/userprog/args-dbl-space.output
perl -I../.. ../../tests/userprog/args-dbl-space.ck tests/userprog/args-dbl-space tests/userprog/args-dbl-space.result
pass tests/userprog/args-dbl-space
gcc -m32 -c ../../tests/userprog/sc-bad-sp.c -o tests/userprog/sc-bad-sp.o -g -msoft-float -O -march=i686 -fno-stack-protector -nostdinc -I../.. -I../../lib -I../../lib/user -I. -Wall -W -Wstrict-prototypes -Wmissing-prototypes -Wsystem-headers  -MMD -MF tests/userprog/sc-bad-sp.d
gcc -m32 -c ../../tests/main.c -o tests/main.o -g -msoft-float -O -march=i686 -fno-stack-protector -nostdinc -I../.. -I../../lib -I../../lib/user -I. -Wall -W -Wstrict-prototypes -Wmissing-prototypes -Wsystem-headers  -MMD -MF tests/main.d
gcc -m32  -Wl,--build-id=none -nostdlib -static -Wl,-T,../../lib/user/user.lds tests/userprog/sc-bad-sp.o tests/main.o tests/lib.o lib/user/entry.o libc.a -o tests/userprog/sc-bad-sp
pintos -v -k -T 60 --qemu  --filesys-size=2 -p tests/userprog/sc-bad-sp -a sc-bad-sp -- -q  -f run sc-bad-sp < /dev/null 2> tests/userprog/sc-bad-sp.errors > tests/userprog/sc-bad-sp.output
perl -I../.. ../../tests/userprog/sc-bad-sp.ck tests/userprog/sc-bad-sp tests/userprog/sc-bad-sp.result
pass tests/userprog/sc-bad-sp
gcc -m32 -c ../../tests/userprog/sc-bad-arg.c -o tests/userprog/sc-bad-arg.o -g -msoft-float -O -march=i686 -fno-stack-protector -nostdinc -I../.. -I../../lib -I../../lib/user -I. -Wall -W -Wstrict-prototypes -Wmissing-prototypes -Wsystem-headers  -MMD -MF tests/userprog/sc-bad-arg.d
gcc -m32  -Wl,--build-id=none -nostdlib -static -Wl,-T,../../lib/user/user.lds tests/userprog/sc-bad-arg.o tests/main.o tests/lib.o lib/user/entry.o libc.a -o tests/userprog/sc-bad-arg
pintos -v -k -T 60 --qemu  --filesys-size=2 -p tests/userprog/sc-bad-arg -a sc-bad-arg -- -q  -f run sc-bad-arg < /dev/null 2> tests/userprog/sc-bad-arg.errors > tests/userprog/sc-bad-arg.output
perl -I../.. ../../tests/userprog/sc-bad-arg.ck tests/userprog/sc-bad-arg tests/userprog/sc-bad-arg.result
pass tests/userprog/sc-bad-arg
gcc -m32 -c ../../tests/userprog/sc-boundary.c -o tests/userprog/sc-boundary.o -g -msoft-float -O -march=i686 -fno-stack-protector -nostdinc -I../.. -I../../lib -I../../lib/user -I. -Wall -W -Wstrict-prototypes -Wmissing-prototypes -Wsystem-headers  -MMD -MF tests/userprog/sc-boundary.d
gcc -m32 -c ../../tests/userprog/boundary.c -o tests/userprog/boundary.o -g -msoft-float -O -march=i686 -fno-stack-protector -nostdinc -I../.. -I../../lib -I../../lib/user -I. -Wall -W -Wstrict-prototypes -Wmissing-prototypes -Wsystem-headers  -MMD -MF tests/userprog/boundary.d
gcc -m32  -Wl,--build-id=none -nostdlib -static -Wl,-T,../../lib/user/user.lds tests/userprog/sc-boundary.o tests/userprog/boundary.o tests/main.o tests/lib.o lib/user/entry.o libc.a -o tests/userprog/sc-boundary
pintos -v -k -T 60 --qemu  --filesys-size=2 -p tests/userprog/sc-boundary -a sc-boundary -- -q  -f run sc-boundary < /dev/null 2> tests/userprog/sc-boundary.errors > tests/userprog/sc-boundary.output
perl -I../.. ../../tests/userprog/sc-boundary.ck tests/userprog/sc-boundary tests/userprog/sc-boundary.result
pass tests/userprog/sc-boundary
gcc -m32 -c ../../tests/userprog/sc-boundary-2.c -o tests/userprog/sc-boundary-2.o -g -msoft-float -O -march=i686 -fno-stack-protector -nostdinc -I../.. -I../../lib -I../../lib/user -I. -Wall -W -Wstrict-prototypes -Wmissing-prototypes -Wsystem-headers  -MMD -MF tests/userprog/sc-boundary-2.d
gcc -m32  -Wl,--build-id=none -nostdlib -static -Wl,-T,../../lib/user/user.lds tests/userprog/sc-boundary-2.o tests/userprog/boundary.o tests/main.o tests/lib.o lib/user/entry.o libc.a -o tests/userprog/sc-boundary-2
pintos -v -k -T 60 --qemu  --filesys-size=2 -p tests/userprog/sc-boundary-2 -a sc-boundary-2 -- -q  -f run sc-boundary-2 < /dev/null 2> tests/userprog/sc-boundary-2.errors > tests/userprog/sc-boundary-2.output
perl -I../.. ../../tests/userprog/sc-boundary-2.ck tests/userprog/sc-boundary-2 tests/userprog/sc-boundary-2.result
pass tests/userprog/sc-boundary-2
gcc -m32 -c ../../tests/userprog/sc-boundary-3.c -o tests/userprog/sc-boundary-3.o -g -msoft-float -O -march=i686 -fno-stack-protector -nostdinc -I../.. -I../../lib -I../../lib/user -I. -Wall -W -Wstrict-prototypes -Wmissing-prototypes -Wsystem-headers  -MMD -MF tests/userprog/sc-boundary-3.d
gcc -m32  -Wl,--build-id=none -nostdlib -static -Wl,-T,../../lib/user/user.lds tests/userprog/sc-boundary-3.o tests/userprog/boundary.o tests/main.o tests/lib.o lib/user/entry.o libc.a -o tests/userprog/sc-boundary-3
pintos -v -k -T 60 --qemu  --filesys-size=2 -p tests/userprog/sc-boundary-3 -a sc-boundary-3 -- -q  -f run sc-boundary-3 < /dev/null 2> tests/userprog/sc-boundary-3.errors > tests/userprog/sc-boundary-3.output
perl -I../.. ../../tests/userprog/sc-boundary-3.ck tests/userprog/sc-boundary-3 tests/userprog/sc-boundary-3.result
pass tests/userprog/sc-boundary-3
gcc -m32 -c ../../tests/userprog/halt.c -o tests/userprog/halt.o -g -msoft-float -O -march=i686 -fno-stack-protector -nostdinc -I../.. -I../../lib -I../../lib/user -I. -Wall -W -Wstrict-prototypes -Wmissing-prototypes -Wsystem-headers  -MMD -MF tests/userprog/halt.d
gcc -m32  -Wl,--build-id=none -nostdlib -static -Wl,-T,../../lib/user/user.lds tests/userprog/halt.o tests/main.o tests/lib.o lib/user/entry.o libc.a -o tests/userprog/halt
pintos -v -k -T 60 --qemu  --filesys-size=2 -p tests/userprog/halt -a halt -- -q  -f run halt < /dev/null 2> tests/userprog/halt.errors > tests/userprog/halt.output
perl -I../.. ../../tests/userprog/halt.ck tests/userprog/halt tests/userprog/halt.result
pass tests/userprog/halt
gcc -m32 -c ../../tests/userprog/exit.c -o tests/userprog/exit.o -g -msoft-float -O -march=i686 -fno-stack-protector -nostdinc -I../.. -I../../lib -I../../lib/user -I. -Wall -W -Wstrict-prototypes -Wmissing-prototypes -Wsystem-headers  -MMD -MF tests/userprog/exit.d
gcc -m32  -Wl,--build-id=none -nostdlib -static -Wl,-T,../../lib/user/user.lds tests/userprog/exit.o tests/main.o tests/lib.o lib/user/entry.o libc.a -o tests/userprog/exit
pintos -v -k -T 60 --qemu  --filesys-size=2 -p tests/userprog/exit -a exit -- -q  -f run exit < /dev/null 2> tests/userprog/exit.errors > tests/userprog/exit.output
perl -I../.. ../../tests/userprog/exit.ck tests/userprog/exit tests/userprog/exit.result
pass tests/userprog/exit
gcc -m32 -c ../../tests/userprog/create-normal.c -o tests/userprog/create-normal.o -g -msoft-float -O -march=i686 -fno-stack-protector -nostdinc -I../.. -I../../lib -I../../lib/user -I. -Wall -W -Wstrict-prototypes -Wmissing-prototypes -Wsystem-headers  -MMD -MF tests/userprog/create-normal.d
gcc -m32  -Wl,--build-id=none -nostdlib -static -Wl,-T,../../lib/user/user.lds tests/userprog/create-normal.o tests/main.o tests/lib.o lib/user/entry.o libc.a -o tests/userprog/create-normal
pintos -v -k -T 60 --qemu  --filesys-size=2 -p tests/userprog/create-normal -a create-normal -- -q  -f run create-normal < /dev/null 2> tests/userprog/create-normal.errors > tests/userprog/create-normal.output
perl -I../.. ../../tests/userprog/create-normal.ck tests/userprog/create-normal tests/userprog/create-normal.result
pass tests/userprog/create-normal
gcc -m32 -c ../../tests/userprog/create-empty.c -o tests/userprog/create-empty.o -g -msoft-float -O -march=i686 -fno-stack-protector -nostdinc -I../.. -I../../lib -I../../lib/user -I. -Wall -W -Wstrict-prototypes -Wmissing-prototypes -Wsystem-headers  -MMD -MF tests/userprog/create-empty.d
gcc -m32  -Wl,--build-id=none -nostdlib -static -Wl,-T,../../lib/user/user.lds tests/userprog/create-empty.o tests/main.o tests/lib.o lib/user/entry.o libc.a -o tests/userprog/create-empty
pintos -v -k -T 60 --qemu  --filesys-size=2 -p tests/userprog/create-empty -a create-empty -- -q  -f run create-empty < /dev/null 2> tests/userprog/create-empty.errors > tests/userprog/create-empty.output
perl -I../.. ../../tests/userprog/create-empty.ck tests/userprog/create-empty tests/userprog/create-empty.result
pass tests/userprog/create-empty
gcc -m32 -c ../../tests/userprog/create-null.c -o tests/userprog/create-null.o -g -msoft-float -O -march=i686 -fno-stack-protector -nostdinc -I../.. -I../../lib -I../../lib/user -I. -Wall -W -Wstrict-prototypes -Wmissing-prototypes -Wsystem-headers  -MMD -MF tests/userprog/create-null.d
gcc -m32  -Wl,--build-id=none -nostdlib -static -Wl,-T,../../lib/user/user.lds tests/userprog/create-null.o tests/main.o tests/lib.o lib/user/entry.o libc.a -o tests/userprog/create-null
pintos -v -k -T 60 --qemu  --filesys-size=2 -p tests/userprog/create-null -a create-null -- -q  -f run create-null < /dev/null 2> tests/userprog/create-null.errors > tests/userprog/create-null.output
perl -I../.. ../../tests/userprog/create-null.ck tests/userprog/create-null tests/userprog/create-null.result
pass tests/userprog/create-null
gcc -m32 -c ../../tests/userprog/create-bad-ptr.c -o tests/userprog/create-bad-ptr.o -g -msoft-float -O -march=i686 -fno-stack-protector -nostdinc -I../.. -I../../lib -I../../lib/user -I. -Wall -W -Wstrict-prototypes -Wmissing-prototypes -Wsystem-headers  -MMD -MF tests/userprog/create-bad-ptr.d
gcc -m32  -Wl,--build-id=none -nostdlib -static -Wl,-T,../../lib/user/user.lds tests/userprog/create-bad-ptr.o tests/main.o tests/lib.o lib/user/entry.o libc.a -o tests/userprog/create-bad-ptr
pintos -v -k -T 60 --qemu  --filesys-size=2 -p tests/userprog/create-bad-ptr -a create-bad-ptr -- -q  -f run create-bad-ptr < /dev/null 2> tests/userprog/create-bad-ptr.errors > tests/userprog/create-bad-ptr.output
perl -I../.. ../../tests/userprog/create-bad-ptr.ck tests/userprog/create-bad-ptr tests/userprog/create-bad-ptr.result
pass tests/userprog/create-bad-ptr
gcc -m32 -c ../../tests/userprog/create-long.c -o tests/userprog/create-long.o -g -msoft-float -O -march=i686 -fno-stack-protector -nostdinc -I../.. -I../../lib -I../../lib/user -I. -Wall -W -Wstrict-prototypes -Wmissing-prototypes -Wsystem-headers  -MMD -MF tests/userprog/create-long.d
gcc -m32  -Wl,--build-id=none -nostdlib -static -Wl,-T,../../lib/user/user.lds tests/userprog/create-long.o tests/main.o tests/lib.o lib/user/entry.o libc.a -o tests/userprog/create-long
pintos -v -k -T 60 --qemu  --filesys-size=2 -p tests/userprog/create-long -a create-long -- -q  -f run create-long < /dev/null 2> tests/userprog/create-long.errors > tests/userprog/create-long.output
perl -I../.. ../../tests/userprog/create-long.ck tests/userprog/create-long tests/userprog/create-long.result
pass tests/userprog/create-long
gcc -m32 -c ../../tests/userprog/create-exists.c -o tests/userprog/create-exists.o -g -msoft-float -O -march=i686 -fno-stack-protector -nostdinc -I../.. -I../../lib -I../../lib/user -I. -Wall -W -Wstrict-prototypes -Wmissing-prototypes -Wsystem-headers  -MMD -MF tests/userprog/create-exists.d
gcc -m32  -Wl,--build-id=none -nostdlib -static -Wl,-T,../../lib/user/user.lds tests/userprog/create-exists.o tests/main.o tests/lib.o lib/user/entry.o libc.a -o tests/userprog/create-exists
pintos -v -k -T 60 --qemu  --filesys-size=2 -p tests/userprog/create-exists -a create-exists -- -q  -f run create-exists < /dev/null 2> tests/userprog/create-exists.errors > tests/userprog/create-exists.output
perl -I../.. ../../tests/userprog/create-exists.ck tests/userprog/create-exists tests/userprog/create-exists.result
pass tests/userprog/create-exists
gcc -m32 -c ../../tests/userprog/create-bound.c -o tests/userprog/create-bound.o -g -msoft-float -O -march=i686 -fno-stack-protector -nostdinc -I../.. -I../../lib -I../../lib/user -I. -Wall -W -Wstrict-prototypes -Wmissing-prototypes -Wsystem-headers  -MMD -MF tests/userprog/create-bound.d
gcc -m32  -Wl,--build-id=none -nostdlib -static -Wl,-T,../../lib/user/user.lds tests/userprog/create-bound.o tests/userprog/boundary.o tests/main.o tests/lib.o lib/user/entry.o libc.a -o tests/userprog/create-bound
pintos -v -k -T 60 --qemu  --filesys-size=2 -p tests/userprog/create-bound -a create-bound -- -q  -f run create-bound < /dev/null 2> tests/userprog/create-bound.errors > tests/userprog/create-bound.output
perl -I../.. ../../tests/userprog/create-bound.ck tests/userprog/create-bound tests/userprog/create-bound.result
pass tests/userprog/create-bound
gcc -m32 -c ../../tests/userprog/open-normal.c -o tests/userprog/open-normal.o -g -msoft-float -O -march=i686 -fno-stack-protector -nostdinc -I../.. -I../../lib -I../../lib/user -I. -Wall -W -Wstrict-prototypes -Wmissing-prototypes -Wsystem-headers  -MMD -MF tests/userprog/open-normal.d
gcc -m32  -Wl,--build-id=none -nostdlib -static -Wl,-T,../../lib/user/user.lds tests/userprog/open-normal.o tests/main.o tests/lib.o lib/user/entry.o libc.a -o tests/userprog/open-normal
pintos -v -k -T 60 --qemu  --filesys-size=2 -p tests/userprog/open-normal -a open-normal -p ../../tests/userprog/sample.txt -a sample.txt -- -q  -f run open-normal < /dev/null 2> tests/userprog/open-normal.errors > tests/userprog/open-normal.output
perl -I../.. ../../tests/userprog/open-normal.ck tests/userprog/open-normal tests/userprog/open-normal.result
pass tests/userprog/open-normal
gcc -m32 -c ../../tests/userprog/open-missing.c -o tests/userprog/open-missing.o -g -msoft-float -O -march=i686 -fno-stack-protector -nostdinc -I../.. -I../../lib -I../../lib/user -I. -Wall -W -Wstrict-prototypes -Wmissing-prototypes -Wsystem-headers  -MMD -MF tests/userprog/open-missing.d
gcc -m32  -Wl,--build-id=none -nostdlib -static -Wl,-T,../../lib/user/user.lds tests/userprog/open-missing.o tests/main.o tests/lib.o lib/user/entry.o libc.a -o tests/userprog/open-missing
pintos -v -k -T 60 --qemu  --filesys-size=2 -p tests/userprog/open-missing -a open-missing -- -q  -f run open-missing < /dev/null 2> tests/userprog/open-missing.errors > tests/userprog/open-missing.output
perl -I../.. ../../tests/userprog/open-missing.ck tests/userprog/open-missing tests/userprog/open-missing.result
pass tests/userprog/open-missing
gcc -m32 -c ../../tests/userprog/open-boundary.c -o tests/userprog/open-boundary.o -g -msoft-float -O -march=i686 -fno-stack-protector -nostdinc -I../.. -I../../lib -I../../lib/user -I. -Wall -W -Wstrict-prototypes -Wmissing-prototypes -Wsystem-headers  -MMD -MF tests/userprog/open-boundary.d
gcc -m32  -Wl,--build-id=none -nostdlib -static -Wl,-T,../../lib/user/user.lds tests/userprog/open-boundary.o tests/userprog/boundary.o tests/main.o tests/lib.o lib/user/entry.o libc.a -o tests/userprog/open-boundary
pintos -v -k -T 60 --qemu  --filesys-size=2 -p tests/userprog/open-boundary -a open-boundary -p ../../tests/userprog/sample.txt -a sample.txt -- -q  -f run open-boundary < /dev/null 2> tests/userprog/open-boundary.errors > tests/userprog/open-boundary.output
perl -I../.. ../../tests/userprog/open-boundary.ck tests/userprog/open-boundary tests/userprog/open-boundary.result
pass tests/userprog/open-boundary
gcc -m32 -c ../../tests/userprog/open-empty.c -o tests/userprog/open-empty.o -g -msoft-float -O -march=i686 -fno-stack-protector -nostdinc -I../.. -I../../lib -I../../lib/user -I. -Wall -W -Wstrict-prototypes -Wmissing-prototypes -Wsystem-headers  -MMD -MF tests/userprog/open-empty.d
gcc -m32  -Wl,--build-id=none -nostdlib -static -Wl,-T,../../lib/user/user.lds tests/userprog/open-empty.o tests/main.o tests/lib.o lib/user/entry.o libc.a -o tests/userprog/open-empty
pintos -v -k -T 60 --qemu  --filesys-size=2 -p tests/userprog/open-empty -a open-empty -- -q  -f run open-empty < /dev/null 2> tests/userprog/open-empty.errors > tests/userprog/open-empty.output
perl -I../.. ../../tests/userprog/open-empty.ck tests/userprog/open-empty tests/userprog/open-empty.result
pass tests/userprog/open-empty
gcc -m32 -c ../../tests/userprog/open-null.c -o tests/userprog/open-null.o -g -msoft-float -O -march=i686 -fno-stack-protector -nostdinc -I../.. -I../../lib -I../../lib/user -I. -Wall -W -Wstrict-prototypes -Wmissing-prototypes -Wsystem-headers  -MMD -MF tests/userprog/open-null.d
gcc -m32  -Wl,--build-id=none -nostdlib -static -Wl,-T,../../lib/user/user.lds tests/userprog/open-null.o tests/main.o tests/lib.o lib/user/entry.o libc.a -o tests/userprog/open-null
pintos -v -k -T 60 --qemu  --filesys-size=2 -p tests/userprog/open-null -a open-null -- -q  -f run open-null < /dev/null 2> tests/userprog/open-null.errors > tests/userprog/open-null.output
perl -I../.. ../../tests/userprog/open-null.ck tests/userprog/open-null tests/userprog/open-null.result
pass tests/userprog/open-null
gcc -m32 -c ../../tests/userprog/open-bad-ptr.c -o tests/userprog/open-bad-ptr.o -g -msoft-float -O -march=i686 -fno-stack-protector -nostdinc -I../.. -I../../lib -I../../lib/user -I. -Wall -W -Wstrict-prototypes -Wmissing-prototypes -Wsystem-headers  -MMD -MF tests/userprog/open-bad-ptr.d
gcc -m32  -Wl,--build-id=none -nostdlib -static -Wl,-T,../../lib/user/user.lds tests/userprog/open-bad-ptr.o tests/main.o tests/lib.o lib/user/entry.o libc.a -o tests/userprog/open-bad-ptr
pintos -v -k -T 60 --qemu  --filesys-size=2 -p tests/userprog/open-bad-ptr -a open-bad-ptr -- -q  -f run open-bad-ptr < /dev/null 2> tests/userprog/open-bad-ptr.errors > tests/userprog/open-bad-ptr.output
perl -I../.. ../../tests/userprog/open-bad-ptr.ck tests/userprog/open-bad-ptr tests/userprog/open-bad-ptr.result
pass tests/userprog/open-bad-ptr
gcc -m32 -c ../../tests/userprog/open-twice.c -o tests/userprog/open-twice.o -g -msoft-float -O -march=i686 -fno-stack-protector -nostdinc -I../.. -I../../lib -I../../lib/user -I. -Wall -W -Wstrict-prototypes -Wmissing-prototypes -Wsystem-headers  -MMD -MF tests/userprog/open-twice.d
gcc -m32  -Wl,--build-id=none -nostdlib -static -Wl,-T,../../lib/user/user.lds tests/userprog/open-twice.o tests/main.o tests/lib.o lib/user/entry.o libc.a -o tests/userprog/open-twice
pintos -v -k -T 60 --qemu  --filesys-size=2 -p tests/userprog/open-twice -a open-twice -p ../../tests/userprog/sample.txt -a sample.txt -- -q  -f run open-twice < /dev/null 2> tests/userprog/open-twice.errors > tests/userprog/open-twice.output
perl -I../.. ../../tests/userprog/open-twice.ck tests/userprog/open-twice tests/userprog/open-twice.result
pass tests/userprog/open-twice
gcc -m32 -c ../../tests/userprog/close-normal.c -o tests/userprog/close-normal.o -g -msoft-float -O -march=i686 -fno-stack-protector -nostdinc -I../.. -I../../lib -I../../lib/user -I. -Wall -W -Wstrict-prototypes -Wmissing-prototypes -Wsystem-headers  -MMD -MF tests/userprog/close-normal.d
gcc -m32  -Wl,--build-id=none -nostdlib -static -Wl,-T,../../lib/user/user.lds tests/userprog/close-normal.o tests/main.o tests/lib.o lib/user/entry.o libc.a -o tests/userprog/close-normal
pintos -v -k -T 60 --qemu  --filesys-size=2 -p tests/userprog/close-normal -a close-normal -p ../../tests/userprog/sample.txt -a sample.txt -- -q  -f run close-normal < /dev/null 2> tests/userprog/close-normal.errors > tests/userprog/close-normal.output
perl -I../.. ../../tests/userprog/close-normal.ck tests/userprog/close-normal tests/userprog/close-normal.result
pass tests/userprog/close-normal
gcc -m32 -c ../../tests/userprog/close-twice.c -o tests/userprog/close-twice.o -g -msoft-float -O -march=i686 -fno-stack-protector -nostdinc -I../.. -I../../lib -I../../lib/user -I. -Wall -W -Wstrict-prototypes -Wmissing-prototypes -Wsystem-headers  -MMD -MF tests/userprog/close-twice.d
gcc -m32  -Wl,--build-id=none -nostdlib -static -Wl,-T,../../lib/user/user.lds tests/userprog/close-twice.o tests/main.o tests/lib.o lib/user/entry.o libc.a -o tests/userprog/close-twice
pintos -v -k -T 60 --qemu  --filesys-size=2 -p tests/userprog/close-twice -a close-twice -p ../../tests/userprog/sample.txt -a sample.txt -- -q  -f run close-twice < /dev/null 2> tests/userprog/close-twice.errors > tests/userprog/close-twice.output
perl -I../.. ../../tests/userprog/close-twice.ck tests/userprog/close-twice tests/userprog/close-twice.result
pass tests/userprog/close-twice
gcc -m32 -c ../../tests/userprog/close-stdin.c -o tests/userprog/close-stdin.o -g -msoft-float -O -march=i686 -fno-stack-protector -nostdinc -I../.. -I../../lib -I../../lib/user -I. -Wall -W -Wstrict-prototypes -Wmissing-prototypes -Wsystem-headers  -MMD -MF tests/userprog/close-stdin.d
gcc -m32  -Wl,--build-id=none -nostdlib -static -Wl,-T,../../lib/user/user.lds tests/userprog/close-stdin.o tests/main.o tests/lib.o lib/user/entry.o libc.a -o tests/userprog/close-stdin
pintos -v -k -T 60 --qemu  --filesys-size=2 -p tests/userprog/close-stdin -a close-stdin -- -q  -f run close-stdin < /dev/null 2> tests/userprog/close-stdin.errors > tests/userprog/close-stdin.output
perl -I../.. ../../tests/userprog/close-stdin.ck tests/userprog/close-stdin tests/userprog/close-stdin.result
pass tests/userprog/close-stdin
gcc -m32 -c ../../tests/userprog/close-stdout.c -o tests/userprog/close-stdout.o -g -msoft-float -O -march=i686 -fno-stack-protector -nostdinc -I../.. -I../../lib -I../../lib/user -I. -Wall -W -Wstrict-prototypes -Wmissing-prototypes -Wsystem-headers  -MMD -MF tests/userprog/close-stdout.d
gcc -m32  -Wl,--build-id=none -nostdlib -static -Wl,-T,../../lib/user/user.lds tests/userprog/close-stdout.o tests/main.o tests/lib.o lib/user/entry.o libc.a -o tests/userprog/close-stdout
pintos -v -k -T 60 --qemu  --filesys-size=2 -p tests/userprog/close-stdout -a close-stdout -- -q  -f run close-stdout < /dev/null 2> tests/userprog/close-stdout.errors > tests/userprog/close-stdout.output
perl -I../.. ../../tests/userprog/close-stdout.ck tests/userprog/close-stdout tests/userprog/close-stdout.result
pass tests/userprog/close-stdout
gcc -m32 -c ../../tests/userprog/close-bad-fd.c -o tests/userprog/close-bad-fd.o -g -msoft-float -O -march=i686 -fno-stack-protector -nostdinc -I../.. -I../../lib -I../../lib/user -I. -Wall -W -Wstrict-prototypes -Wmissing-prototypes -Wsystem-headers  -MMD -MF tests/userprog/close-bad-fd.d
gcc -m32  -Wl,--build-id=none -nostdlib -static -Wl,-T,../../lib/user/user.lds tests/userprog/close-bad-fd.o tests/main.o tests/lib.o lib/user/entry.o libc.a -o tests/userprog/close-bad-fd
pintos -v -k -T 60 --qemu  --filesys-size=2 -p tests/userprog/close-bad-fd -a close-bad-fd -- -q  -f run close-bad-fd < /dev/null 2> tests/userprog/close-bad-fd.errors > tests/userprog/close-bad-fd.output
perl -I../.. ../../tests/userprog/close-bad-fd.ck tests/userprog/close-bad-fd tests/userprog/close-bad-fd.result
pass tests/userprog/close-bad-fd
gcc -m32 -c ../../tests/userprog/read-normal.c -o tests/userprog/read-normal.o -g -msoft-float -O -march=i686 -fno-stack-protector -nostdinc -I../.. -I../../lib -I../../lib/user -I. -Wall -W -Wstrict-prototypes -Wmissing-prototypes -Wsystem-headers  -MMD -MF tests/userprog/read-normal.d
gcc -m32  -Wl,--build-id=none -nostdlib -static -Wl,-T,../../lib/user/user.lds tests/userprog/read-normal.o tests/main.o tests/lib.o lib/user/entry.o libc.a -o tests/userprog/read-normal
pintos -v -k -T 60 --qemu  --filesys-size=2 -p tests/userprog/read-normal -a read-normal -p ../../tests/userprog/sample.txt -a sample.txt -- -q  -f run read-normal < /dev/null 2> tests/userprog/read-normal.errors > tests/userprog/read-normal.output
perl -I../.. ../../tests/userprog/read-normal.ck tests/userprog/read-normal tests/userprog/read-normal.result
pass tests/userprog/read-normal
gcc -m32 -c ../../tests/userprog/read-bad-ptr.c -o tests/userprog/read-bad-ptr.o -g -msoft-float -O -march=i686 -fno-stack-protector -nostdinc -I../.. -I../../lib -I../../lib/user -I. -Wall -W -Wstrict-prototypes -Wmissing-prototypes -Wsystem-headers  -MMD -MF tests/userprog/read-bad-ptr.d
gcc -m32  -Wl,--build-id=none -nostdlib -static -Wl,-T,../../lib/user/user.lds tests/userprog/read-bad-ptr.o tests/main.o tests/lib.o lib/user/entry.o libc.a -o tests/userprog/read-bad-ptr
pintos -v -k -T 60 --qemu  --filesys-size=2 -p tests/userprog/read-bad-ptr -a read-bad-ptr -p ../../tests/userprog/sample.txt -a sample.txt -- -q  -f run read-bad-ptr < /dev/null 2> tests/userprog/read-bad-ptr.errors > tests/userprog/read-bad-ptr.output
perl -I../.. ../../tests/userprog/read-bad-ptr.ck tests/userprog/read-bad-ptr tests/userprog/read-bad-ptr.result
pass tests/userprog/read-bad-ptr
gcc -m32 -c ../../tests/userprog/read-boundary.c -o tests/userprog/read-boundary.o -g -msoft-float -O -march=i686 -fno-stack-protector -nostdinc -I../.. -I../../lib -I../../lib/user -I. -Wall -W -Wstrict-prototypes -Wmissing-prototypes -Wsystem-headers  -MMD -MF tests/userprog/read-boundary.d
gcc -m32  -Wl,--build-id=none -nostdlib -static -Wl,-T,../../lib/user/user.lds tests/userprog/read-boundary.o tests/userprog/boundary.o tests/main.o tests/lib.o lib/user/entry.o libc.a -o tests/userprog/read-boundary
pintos -v -k -T 60 --qemu  --filesys-size=2 -p tests/userprog/read-boundary -a read-boundary -p ../../tests/userprog/sample.txt -a sample.txt -- -q  -f run read-boundary < /dev/null 2> tests/userprog/read-boundary.errors > tests/userprog/read-boundary.output
perl -I../.. ../../tests/userprog/read-boundary.ck tests/userprog/read-boundary tests/userprog/read-boundary.result
pass tests/userprog/read-boundary
gcc -m32 -c ../../tests/userprog/read-zero.c -o tests/userprog/read-zero.o -g -msoft-float -O -march=i686 -fno-stack-protector -nostdinc -I../.. -I../../lib -I../../lib/user -I. -Wall -W -Wstrict-prototypes -Wmissing-prototypes -Wsystem-headers  -MMD -MF tests/userprog/read-zero.d
gcc -m32  -Wl,--build-id=none -nostdlib -static -Wl,-T,../../lib/user/user.lds tests/userprog/read-zero.o tests/main.o tests/lib.o lib/user/entry.o libc.a -o tests/userprog/read-zero
pintos -v -k -T 60 --qemu  --filesys-size=2 -p tests/userprog/read-zero -a read-zero -p ../../tests/userprog/sample.txt -a sample.txt -- -q  -f run read-zero < /dev/null 2> tests/userprog/read-zero.errors > tests/userprog/read-zero.output
perl -I../.. ../../tests/userprog/read-zero.ck tests/userprog/read-zero tests/userprog/read-zero.result
pass tests/userprog/read-zero
gcc -m32 -c ../../tests/userprog/read-stdout.c -o tests/userprog/read-stdout.o -g -msoft-float -O -march=i686 -fno-stack-protector -nostdinc -I../.. -I../../lib -I../../lib/user -I. -Wall -W -Wstrict-prototypes -Wmissing-prototypes -Wsystem-headers  -MMD -MF tests/userprog/read-stdout.d
gcc -m32  -Wl,--build-id=none -nostdlib -static -Wl,-T,../../lib/user/user.lds tests/userprog/read-stdout.o tests/main.o tests/lib.o lib/user/entry.o libc.a -o tests/userprog/read-stdout
pintos -v -k -T 60 --qemu  --filesys-size=2 -p tests/userprog/read-stdout -a read-stdout -- -q  -f run read-stdout < /dev/null 2> tests/userprog/read-stdout.errors > tests/userprog/read-stdout.output
perl -I../.. ../../tests/userprog/read-stdout.ck tests/userprog/read-stdout tests/userprog/read-stdout.result
pass tests/userprog/read-stdout
gcc -m32 -c ../../tests/userprog/read-bad-fd.c -o tests/userprog/read-bad-fd.o -g -msoft-float -O -march=i686 -fno-stack-protector -nostdinc -I../.. -I../../lib -I../../lib/user -I. -Wall -W -Wstrict-prototypes -Wmissing-prototypes -Wsystem-headers  -MMD -MF tests/userprog/read-bad-fd.d
gcc -m32  -Wl,--build-id=none -nostdlib -static -Wl,-T,../../lib/user/user.lds tests/userprog/read-bad-fd.o tests/main.o tests/lib.o lib/user/entry.o libc.a -o tests/userprog/read-bad-fd
pintos -v -k -T 60 --qemu  --filesys-size=2 -p tests/userprog/read-bad-fd -a read-bad-fd -- -q  -f run read-bad-fd < /dev/null 2> tests/userprog/read-bad-fd.errors > tests/userprog/read-bad-fd.output
perl -I../.. ../../tests/userprog/read-bad-fd.ck tests/userprog/read-bad-fd tests/userprog/read-bad-fd.result
pass tests/userprog/read-bad-fd
gcc -m32 -c ../../tests/userprog/write-normal.c -o tests/userprog/write-normal.o -g -msoft-float -O -march=i686 -fno-stack-protector -nostdinc -I../.. -I../../lib -I../../lib/user -I. -Wall -W -Wstrict-prototypes -Wmissing-prototypes -Wsystem-headers  -MMD -MF tests/userprog/write-normal.d
gcc -m32  -Wl,--build-id=none -nostdlib -static -Wl,-T,../../lib/user/user.lds tests/userprog/write-normal.o tests/main.o tests/lib.o lib/user/entry.o libc.a -o tests/userprog/write-normal
pintos -v -k -T 60 --qemu  --filesys-size=2 -p tests/userprog/write-normal -a write-normal -p ../../tests/userprog/sample.txt -a sample.txt -- -q  -f run write-normal < /dev/null 2> tests/userprog/write-normal.errors > tests/userprog/write-normal.output
perl -I../.. ../../tests/userprog/write-normal.ck tests/userprog/write-normal tests/userprog/write-normal.result
pass tests/userprog/write-normal
gcc -m32 -c ../../tests/userprog/write-bad-ptr.c -o tests/userprog/write-bad-ptr.o -g -msoft-float -O -march=i686 -fno-stack-protector -nostdinc -I../.. -I../../lib -I../../lib/user -I. -Wall -W -Wstrict-prototypes -Wmissing-prototypes -Wsystem-headers  -MMD -MF tests/userprog/write-bad-ptr.d
gcc -m32  -Wl,--build-id=none -nostdlib -static -Wl,-T,../../lib/user/user.lds tests/userprog/write-bad-ptr.o tests/main.o tests/lib.o lib/user/entry.o libc.a -o tests/userprog/write-bad-ptr
pintos -v -k -T 60 --qemu  --filesys-size=2 -p tests/userprog/write-bad-ptr -a write-bad-ptr -p ../../tests/userprog/sample.txt -a sample.txt -- -q  -f run write-bad-ptr < /dev/null 2> tests/userprog/write-bad-ptr.errors > tests/userprog/write-bad-ptr.output
perl -I../.. ../../tests/userprog/write-bad-ptr.ck tests/userprog/write-bad-ptr tests/userprog/write-bad-ptr.result
pass tests/userprog/write-bad-ptr
gcc -m32 -c ../../tests/userprog/write-boundary.c -o tests/userprog/write-boundary.o -g -msoft-float -O -march=i686 -fno-stack-protector -nostdinc -I../.. -I../../lib -I../../lib/user -I. -Wall -W -Wstrict-prototypes -Wmissing-prototypes -Wsystem-headers  -MMD -MF tests/userprog/write-boundary.d
gcc -m32  -Wl,--build-id=none -nostdlib -static -Wl,-T,../../lib/user/user.lds tests/userprog/write-boundary.o tests/userprog/boundary.o tests/main.o tests/lib.o lib/user/entry.o libc.a -o tests/userprog/write-boundary
pintos -v -k -T 60 --qemu  --filesys-size=2 -p tests/userprog/write-boundary -a write-boundary -p ../../tests/userprog/sample.txt -a sample.txt -- -q  -f run write-boundary < /dev/null 2> tests/userprog/write-boundary.errors > tests/userprog/write-boundary.output
perl -I../.. ../../tests/userprog/write-boundary.ck tests/userprog/write-boundary tests/userprog/write-boundary.result
pass tests/userprog/write-boundary
gcc -m32 -c ../../tests/userprog/write-zero.c -o tests/userprog/write-zero.o -g -msoft-float -O -march=i686 -fno-stack-protector -nostdinc -I../.. -I../../lib -I../../lib/user -I. -Wall -W -Wstrict-prototypes -Wmissing-prototypes -Wsystem-headers  -MMD -MF tests/userprog/write-zero.d
gcc -m32  -Wl,--build-id=none -nostdlib -static -Wl,-T,../../lib/user/user.lds tests/userprog/write-zero.o tests/main.o tests/lib.o lib/user/entry.o libc.a -o tests/userprog/write-zero
pintos -v -k -T 60 --qemu  --filesys-size=2 -p tests/userprog/write-zero -a write-zero -p ../../tests/userprog/sample.txt -a sample.txt -- -q  -f run write-zero < /dev/null 2> tests/userprog/write-zero.errors > tests/userprog/write-zero.output
perl -I../.. ../../tests/userprog/write-zero.ck tests/userprog/write-zero tests/userprog/write-zero.result
pass tests/userprog/write-zero
gcc -m32 -c ../../tests/userprog/write-stdin.c -o tests/userprog/write-stdin.o -g -msoft-float -O -march=i686 -fno-stack-protector -nostdinc -I../.. -I../../lib -I../../lib/user -I. -Wall -W -Wstrict-prototypes -Wmissing-prototypes -Wsystem-headers  -MMD -MF tests/userprog/write-stdin.d
gcc -m32  -Wl,--build-id=none -nostdlib -static -Wl,-T,../../lib/user/user.lds tests/userprog/write-stdin.o tests/main.o tests/lib.o lib/user/entry.o libc.a -o tests/userprog/write-stdin
pintos -v -k -T 60 --qemu  --filesys-size=2 -p tests/userprog/write-stdin -a write-stdin -- -q  -f run write-stdin < /dev/null 2> tests/userprog/write-stdin.errors > tests/userprog/write-stdin.output
perl -I../.. ../../tests/userprog/write-stdin.ck tests/userprog/write-stdin tests/userprog/write-stdin.result
pass tests/userprog/write-stdin
gcc -m32 -c ../../tests/userprog/write-bad-fd.c -o tests/userprog/write-bad-fd.o -g -msoft-float -O -march=i686 -fno-stack-protector -nostdinc -I../.. -I../../lib -I../../lib/user -I. -Wall -W -Wstrict-prototypes -Wmissing-prototypes -Wsystem-headers  -MMD -MF tests/userprog/write-bad-fd.d
gcc -m32  -Wl,--build-id=none -nostdlib -static -Wl,-T,../../lib/user/user.lds tests/userprog/write-bad-fd.o tests/main.o tests/lib.o lib/user/entry.o libc.a -o tests/userprog/write-bad-fd
pintos -v -k -T 60 --qemu  --filesys-size=2 -p tests/userprog/write-bad-fd -a write-bad-fd -- -q  -f run write-bad-fd < /dev/null 2> tests/userprog/write-bad-fd.errors > tests/userprog/write-bad-fd.output
perl -I../.. ../../tests/userprog/write-bad-fd.ck tests/userprog/write-bad-fd tests/userprog/write-bad-fd.result
pass tests/userprog/write-bad-fd
gcc -m32 -c ../../tests/userprog/exec-once.c -o tests/userprog/exec-once.o -g -msoft-float -O -march=i686 -fno-stack-protector -nostdinc -I../.. -I../../lib -I../../lib/user -I. -Wall -W -Wstrict-prototypes -Wmissing-prototypes -Wsystem-headers  -MMD -MF tests/userprog/exec-once.d
gcc -m32  -Wl,--build-id=none -nostdlib -static -Wl,-T,../../lib/user/user.lds tests/userprog/exec-once.o tests/main.o tests/lib.o lib/user/entry.o libc.a -o tests/userprog/exec-once
gcc -m32 -c ../../tests/userprog/child-simple.c -o tests/userprog/child-simple.o -g -msoft-float -O -march=i686 -fno-stack-protector -nostdinc -I../.. -I../../lib -I../../lib/user -I. -Wall -W -Wstrict-prototypes -Wmissing-prototypes -Wsystem-headers  -MMD -MF tests/userprog/child-simple.d
gcc -m32  -Wl,--build-id=none -nostdlib -static -Wl,-T,../../lib/user/user.lds tests/userprog/child-simple.o tests/lib.o lib/user/entry.o libc.a -o tests/userprog/child-simple
pintos -v -k -T 60 --qemu  --filesys-size=2 -p tests/userprog/exec-once -a exec-once -p tests/userprog/child-simple -a child-simple -- -q  -f run exec-once < /dev/null 2> tests/userprog/exec-once.errors > tests/userprog/exec-once.output
perl -I../.. ../../tests/userprog/exec-once.ck tests/userprog/exec-once tests/userprog/exec-once.result
pass tests/userprog/exec-once
gcc -m32 -c ../../tests/userprog/exec-arg.c -o tests/userprog/exec-arg.o -g -msoft-float -O -march=i686 -fno-stack-protector -nostdinc -I../.. -I../../lib -I../../lib/user -I. -Wall -W -Wstrict-prototypes -Wmissing-prototypes -Wsystem-headers  -MMD -MF tests/userprog/exec-arg.d
gcc -m32  -Wl,--build-id=none -nostdlib -static -Wl,-T,../../lib/user/user.lds tests/userprog/exec-arg.o tests/main.o tests/lib.o lib/user/entry.o libc.a -o tests/userprog/exec-arg
gcc -m32  -Wl,--build-id=none -nostdlib -static -Wl,-T,../../lib/user/user.lds tests/userprog/args.o tests/lib.o lib/user/entry.o libc.a -o tests/userprog/child-args
pintos -v -k -T 60 --qemu  --filesys-size=2 -p tests/userprog/exec-arg -a exec-arg -p tests/userprog/child-args -a child-args -- -q  -f run exec-arg < /dev/null 2> tests/userprog/exec-arg.errors > tests/userprog/exec-arg.output
perl -I../.. ../../tests/userprog/exec-arg.ck tests/userprog/exec-arg tests/userprog/exec-arg.result
pass tests/userprog/exec-arg
gcc -m32 -c ../../tests/userprog/exec-bound.c -o tests/userprog/exec-bound.o -g -msoft-float -O -march=i686 -fno-stack-protector -nostdinc -I../.. -I../../lib -I../../lib/user -I. -Wall -W -Wstrict-prototypes -Wmissing-prototypes -Wsystem-headers  -MMD -MF tests/userprog/exec-bound.d
gcc -m32  -Wl,--build-id=none -nostdlib -static -Wl,-T,../../lib/user/user.lds tests/userprog/exec-bound.o tests/userprog/boundary.o tests/main.o tests/lib.o lib/user/entry.o libc.a -o tests/userprog/exec-bound
pintos -v -k -T 60 --qemu  --filesys-size=2 -p tests/userprog/exec-bound -a exec-bound -p tests/userprog/child-args -a child-args -- -q  -f run exec-bound < /dev/null 2> tests/userprog/exec-bound.errors > tests/userprog/exec-bound.output
perl -I../.. ../../tests/userprog/exec-bound.ck tests/userprog/exec-bound tests/userprog/exec-bound.result
pass tests/userprog/exec-bound
gcc -m32 -c ../../tests/userprog/exec-bound-2.c -o tests/userprog/exec-bound-2.o -g -msoft-float -O -march=i686 -fno-stack-protector -nostdinc -I../.. -I../../lib -I../../lib/user -I. -Wall -W -Wstrict-prototypes -Wmissing-prototypes -Wsystem-headers  -MMD -MF tests/userprog/exec-bound-2.d
gcc -m32  -Wl,--build-id=none -nostdlib -static -Wl,-T,../../lib/user/user.lds tests/userprog/exec-bound-2.o tests/userprog/boundary.o tests/main.o tests/lib.o lib/user/entry.o libc.a -o tests/userprog/exec-bound-2
pintos -v -k -T 60 --qemu  --filesys-size=2 -p tests/userprog/exec-bound-2 -a exec-bound-2 -- -q  -f run exec-bound-2 < /dev/null 2> tests/userprog/exec-bound-2.errors > tests/userprog/exec-bound-2.output
perl -I../.. ../../tests/userprog/exec-bound-2.ck tests/userprog/exec-bound-2 tests/userprog/exec-bound-2.result
pass tests/userprog/exec-bound-2
gcc -m32 -c ../../tests/userprog/exec-bound-3.c -o tests/userprog/exec-bound-3.o -g -msoft-float -O -march=i686 -fno-stack-protector -nostdinc -I../.. -I../../lib -I../../lib/user -I. -Wall -W -Wstrict-prototypes -Wmissing-prototypes -Wsystem-headers  -MMD -MF tests/userprog/exec-bound-3.d
gcc -m32  -Wl,--build-id=none -nostdlib -static -Wl,-T,../../lib/user/user.lds tests/userprog/exec-bound-3.o tests/userprog/boundary.o tests/main.o tests/lib.o lib/user/entry.o libc.a -o tests/userprog/exec-bound-3
pintos -v -k -T 60 --qemu  --filesys-size=2 -p tests/userprog/exec-bound-3 -a exec-bound-3 -- -q  -f run exec-bound-3 < /dev/null 2> tests/userprog/exec-bound-3.errors > tests/userprog/exec-bound-3.output
perl -I../.. ../../tests/userprog/exec-bound-3.ck tests/userprog/exec-bound-3 tests/userprog/exec-bound-3.result
pass tests/userprog/exec-bound-3
gcc -m32 -c ../../tests/userprog/exec-multiple.c -o tests/userprog/exec-multiple.o -g -msoft-float -O -march=i686 -fno-stack-protector -nostdinc -I../.. -I../../lib -I../../lib/user -I. -Wall -W -Wstrict-prototypes -Wmissing-prototypes -Wsystem-headers  -MMD -MF tests/userprog/exec-multiple.d
gcc -m32  -Wl,--build-id=none -nostdlib -static -Wl,-T,../../lib/user/user.lds tests/userprog/exec-multiple.o tests/main.o tests/lib.o lib/user/entry.o libc.a -o tests/userprog/exec-multiple
pintos -v -k -T 60 --qemu  --filesys-size=2 -p tests/userprog/exec-multiple -a exec-multiple -p tests/userprog/child-simple -a child-simple -- -q  -f run exec-multiple < /dev/null 2> tests/userprog/exec-multiple.errors > tests/userprog/exec-multiple.output
perl -I../.. ../../tests/userprog/exec-multiple.ck tests/userprog/exec-multiple tests/userprog/exec-multiple.result
pass tests/userprog/exec-multiple
gcc -m32 -c ../../tests/userprog/exec-missing.c -o tests/userprog/exec-missing.o -g -msoft-float -O -march=i686 -fno-stack-protector -nostdinc -I../.. -I../../lib -I../../lib/user -I. -Wall -W -Wstrict-prototypes -Wmissing-prototypes -Wsystem-headers  -MMD -MF tests/userprog/exec-missing.d
gcc -m32  -Wl,--build-id=none -nostdlib -static -Wl,-T,../../lib/user/user.lds tests/userprog/exec-missing.o tests/main.o tests/lib.o lib/user/entry.o libc.a -o tests/userprog/exec-missing
pintos -v -k -T 60 --qemu  --filesys-size=2 -p tests/userprog/exec-missing -a exec-missing -- -q  -f run exec-missing < /dev/null 2> tests/userprog/exec-missing.errors > tests/userprog/exec-missing.output
perl -I../.. ../../tests/userprog/exec-missing.ck tests/userprog/exec-missing tests/userprog/exec-missing.result
pass tests/userprog/exec-missing
gcc -m32 -c ../../tests/userprog/exec-bad-ptr.c -o tests/userprog/exec-bad-ptr.o -g -msoft-float -O -march=i686 -fno-stack-protector -nostdinc -I../.. -I../../lib -I../../lib/user -I. -Wall -W -Wstrict-prototypes -Wmissing-prototypes -Wsystem-headers  -MMD -MF tests/userprog/exec-bad-ptr.d
gcc -m32  -Wl,--build-id=none -nostdlib -static -Wl,-T,../../lib/user/user.lds tests/userprog/exec-bad-ptr.o tests/main.o tests/lib.o lib/user/entry.o libc.a -o tests/userprog/exec-bad-ptr
pintos -v -k -T 60 --qemu  --filesys-size=2 -p tests/userprog/exec-bad-ptr -a exec-bad-ptr -- -q  -f run exec-bad-ptr < /dev/null 2> tests/userprog/exec-bad-ptr.errors > tests/userprog/exec-bad-ptr.output
perl -I../.. ../../tests/userprog/exec-bad-ptr.ck tests/userprog/exec-bad-ptr tests/userprog/exec-bad-ptr.result
pass tests/userprog/exec-bad-ptr
gcc -m32 -c ../../tests/userprog/wait-simple.c -o tests/userprog/wait-simple.o -g -msoft-float -O -march=i686 -fno-stack-protector -nostdinc -I../.. -I../../lib -I../../lib/user -I. -Wall -W -Wstrict-prototypes -Wmissing-prototypes -Wsystem-headers  -MMD -MF tests/userprog/wait-simple.d
gcc -m32  -Wl,--build-id=none -nostdlib -static -Wl,-T,../../lib/user/user.lds tests/userprog/wait-simple.o tests/main.o tests/lib.o lib/user/entry.o libc.a -o tests/userprog/wait-simple
pintos -v -k -T 60 --qemu  --filesys-size=2 -p tests/userprog/wait-simple -a wait-simple -p tests/userprog/child-simple -a child-simple -- -q  -f run wait-simple < /dev/null 2> tests/userprog/wait-simple.errors > tests/userprog/wait-simple.output
perl -I../.. ../../tests/userprog/wait-simple.ck tests/userprog/wait-simple tests/userprog/wait-simple.result
pass tests/userprog/wait-simple
gcc -m32 -c ../../tests/userprog/wait-twice.c -o tests/userprog/wait-twice.o -g -msoft-float -O -march=i686 -fno-stack-protector -nostdinc -I../.. -I../../lib -I../../lib/user -I. -Wall -W -Wstrict-prototypes -Wmissing-prototypes -Wsystem-headers  -MMD -MF tests/userprog/wait-twice.d
gcc -m32  -Wl,--build-id=none -nostdlib -static -Wl,-T,../../lib/user/user.lds tests/userprog/wait-twice.o tests/main.o tests/lib.o lib/user/entry.o libc.a -o tests/userprog/wait-twice
pintos -v -k -T 60 --qemu  --filesys-size=2 -p tests/userprog/wait-twice -a wait-twice -p tests/userprog/child-simple -a child-simple -- -q  -f run wait-twice < /dev/null 2> tests/userprog/wait-twice.errors > tests/userprog/wait-twice.output
perl -I../.. ../../tests/userprog/wait-twice.ck tests/userprog/wait-twice tests/userprog/wait-twice.result
pass tests/userprog/wait-twice
gcc -m32 -c ../../tests/userprog/wait-killed.c -o tests/userprog/wait-killed.o -g -msoft-float -O -march=i686 -fno-stack-protector -nostdinc -I../.. -I../../lib -I../../lib/user -I. -Wall -W -Wstrict-prototypes -Wmissing-prototypes -Wsystem-headers  -MMD -MF tests/userprog/wait-killed.d
gcc -m32  -Wl,--build-id=none -nostdlib -static -Wl,-T,../../lib/user/user.lds tests/userprog/wait-killed.o tests/main.o tests/lib.o lib/user/entry.o libc.a -o tests/userprog/wait-killed
gcc -m32 -c ../../tests/userprog/child-bad.c -o tests/userprog/child-bad.o -g -msoft-float -O -march=i686 -fno-stack-protector -nostdinc -I../.. -I../../lib -I../../lib/user -I. -Wall -W -Wstrict-prototypes -Wmissing-prototypes -Wsystem-headers  -MMD -MF tests/userprog/child-bad.d
gcc -m32  -Wl,--build-id=none -nostdlib -static -Wl,-T,../../lib/user/user.lds tests/userprog/child-bad.o tests/main.o tests/lib.o lib/user/entry.o libc.a -o tests/userprog/child-bad
pintos -v -k -T 60 --qemu  --filesys-size=2 -p tests/userprog/wait-killed -a wait-killed -p tests/userprog/child-bad -a child-bad -- -q  -f run wait-killed < /dev/null 2> tests/userprog/wait-killed.errors > tests/userprog/wait-killed.output
perl -I../.. ../../tests/userprog/wait-killed.ck tests/userprog/wait-killed tests/userprog/wait-killed.result
pass tests/userprog/wait-killed
gcc -m32 -c ../../tests/userprog/wait-bad-pid.c -o tests/userprog/wait-bad-pid.o -g -msoft-float -O -march=i686 -fno-stack-protector -nostdinc -I../.. -I../../lib -I../../lib/user -I. -Wall -W -Wstrict-prototypes -Wmissing-prototypes -Wsystem-headers  -MMD -MF tests/userprog/wait-bad-pid.d
gcc -m32  -Wl,--build-id=none -nostdlib -static -Wl,-T,../../lib/user/user.lds tests/userprog/wait-bad-pid.o tests/main.o tests/lib.o lib/user/entry.o libc.a -o tests/userprog/wait-bad-pid
pintos -v -k -T 60 --qemu  --filesys-size=2 -p tests/userprog/wait-bad-pid -a wait-bad-pid -- -q  -f run wait-bad-pid < /dev/null 2> tests/userprog/wait-bad-pid.errors > tests/userprog/wait-bad-pid.output
perl -I../.. ../../tests/userprog/wait-bad-pid.ck tests/userprog/wait-bad-pid tests/userprog/wait-bad-pid.result
pass tests/userprog/wait-bad-pid
gcc -m32 -c ../../tests/userprog/multi-recurse.c -o tests/userprog/multi-recurse.o -g -msoft-float -O -march=i686 -fno-stack-protector -nostdinc -I../.. -I../../lib -I../../lib/user -I. -Wall -W -Wstrict-prototypes -Wmissing-prototypes -Wsystem-headers  -MMD -MF tests/userprog/multi-recurse.d
gcc -m32  -Wl,--build-id=none -nostdlib -static -Wl,-T,../../lib/user/user.lds tests/userprog/multi-recurse.o tests/lib.o lib/user/entry.o libc.a -o tests/userprog/multi-recurse
pintos -v -k -T 60 --qemu  --filesys-size=2 -p tests/userprog/multi-recurse -a multi-recurse -- -q  -f run 'multi-recurse 15' < /dev/null 2> tests/userprog/multi-recurse.errors > tests/userprog/multi-recurse.output
perl -I../.. ../../tests/userprog/multi-recurse.ck tests/userprog/multi-recurse tests/userprog/multi-recurse.result
pass tests/userprog/multi-recurse
gcc -m32 -c ../../tests/userprog/multi-child-fd.c -o tests/userprog/multi-child-fd.o -g -msoft-float -O -march=i686 -fno-stack-protector -nostdinc -I../.. -I../../lib -I../../lib/user -I. -Wall -W -Wstrict-prototypes -Wmissing-prototypes -Wsystem-headers  -MMD -MF tests/userprog/multi-child-fd.d
gcc -m32  -Wl,--build-id=none -nostdlib -static -Wl,-T,../../lib/user/user.lds tests/userprog/multi-child-fd.o tests/main.o tests/lib.o lib/user/entry.o libc.a -o tests/userprog/multi-child-fd
gcc -m32 -c ../../tests/userprog/child-close.c -o tests/userprog/child-close.o -g -msoft-float -O -march=i686 -fno-stack-protector -nostdinc -I../.. -I../../lib -I../../lib/user -I. -Wall -W -Wstrict-prototypes -Wmissing-prototypes -Wsystem-headers  -MMD -MF tests/userprog/child-close.d
gcc -m32  -Wl,--build-id=none -nostdlib -static -Wl,-T,../../lib/user/user.lds tests/userprog/child-close.o tests/lib.o lib/user/entry.o libc.a -o tests/userprog/child-close
pintos -v -k -T 60 --qemu  --filesys-size=2 -p tests/userprog/multi-child-fd -a multi-child-fd -p ../../tests/userprog/sample.txt -a sample.txt -p tests/userprog/child-close -a child-close -- -q  -f run multi-child-fd < /dev/null 2> tests/userprog/multi-child-fd.errors > tests/userprog/multi-child-fd.output
perl -I../.. ../../tests/userprog/multi-child-fd.ck tests/userprog/multi-child-fd tests/userprog/multi-child-fd.result
pass tests/userprog/multi-child-fd
gcc -m32 -c ../../tests/userprog/rox-simple.c -o tests/userprog/rox-simple.o -g -msoft-float -O -march=i686 -fno-stack-protector -nostdinc -I../.. -I../../lib -I../../lib/user -I. -Wall -W -Wstrict-prototypes -Wmissing-prototypes -Wsystem-headers  -MMD -MF tests/userprog/rox-simple.d
gcc -m32  -Wl,--build-id=none -nostdlib -static -Wl,-T,../../lib/user/user.lds tests/userprog/rox-simple.o tests/main.o tests/lib.o lib/user/entry.o libc.a -o tests/userprog/rox-simple
pintos -v -k -T 60 --qemu  --filesys-size=2 -p tests/userprog/rox-simple -a rox-simple -- -q  -f run rox-simple < /dev/null 2> tests/userprog/rox-simple.errors > tests/userprog/rox-simple.output
perl -I../.. ../../tests/userprog/rox-simple.ck tests/userprog/rox-simple tests/userprog/rox-simple.result
pass tests/userprog/rox-simple
gcc -m32 -c ../../tests/userprog/rox-child.c -o tests/userprog/rox-child.o -g -msoft-float -O -march=i686 -fno-stack-protector -nostdinc -I../.. -I../../lib -I../../lib/user -I. -Wall -W -Wstrict-prototypes -Wmissing-prototypes -Wsystem-headers  -MMD -MF tests/userprog/rox-child.d
gcc -m32  -Wl,--build-id=none -nostdlib -static -Wl,-T,../../lib/user/user.lds tests/userprog/rox-child.o tests/main.o tests/lib.o lib/user/entry.o libc.a -o tests/userprog/rox-child
gcc -m32 -c ../../tests/userprog/child-rox.c -o tests/userprog/child-rox.o -g -msoft-float -O -march=i686 -fno-stack-protector -nostdinc -I../.. -I../../lib -I../../lib/user -I. -Wall -W -Wstrict-prototypes -Wmissing-prototypes -Wsystem-headers  -MMD -MF tests/userprog/child-rox.d
gcc -m32  -Wl,--build-id=none -nostdlib -static -Wl,-T,../../lib/user/user.lds tests/userprog/child-rox.o tests/lib.o lib/user/entry.o libc.a -o tests/userprog/child-rox
pintos -v -k -T 60 --qemu  --filesys-size=2 -p tests/userprog/rox-child -a rox-child -p tests/userprog/child-rox -a child-rox -- -q  -f run rox-child < /dev/null 2> tests/userprog/rox-child.errors > tests/userprog/rox-child.output
perl -I../.. ../../tests/userprog/rox-child.ck tests/userprog/rox-child tests/userprog/rox-child.result
pass tests/userprog/rox-child
gcc -m32 -c ../../tests/userprog/rox-multichild.c -o tests/userprog/rox-multichild.o -g -msoft-float -O -march=i686 -fno-stack-protector -nostdinc -I../.. -I../../lib -I../../lib/user -I. -Wall -W -Wstrict-prototypes -Wmissing-prototypes -Wsystem-headers  -MMD -MF tests/userprog/rox-multichild.d
gcc -m32  -Wl,--build-id=none -nostdlib -static -Wl,-T,../../lib/user/user.lds tests/userprog/rox-multichild.o tests/main.o tests/lib.o lib/user/entry.o libc.a -o tests/userprog/rox-multichild
pintos -v -k -T 60 --qemu  --filesys-size=2 -p tests/userprog/rox-multichild -a rox-multichild -p tests/userprog/child-rox -a child-rox -- -q  -f run rox-multichild < /dev/null 2> tests/userprog/rox-multichild.errors > tests/userprog/rox-multichild.output
perl -I../.. ../../tests/userprog/rox-multichild.ck tests/userprog/rox-multichild tests/userprog/rox-multichild.result
pass tests/userprog/rox-multichild
gcc -m32 -c ../../tests/userprog/bad-read.c -o tests/userprog/bad-read.o -g -msoft-float -O -march=i686 -fno-stack-protector -nostdinc -I../.. -I../../lib -I../../lib/user -I. -Wall -W -Wstrict-prototypes -Wmissing-prototypes -Wsystem-headers  -MMD -MF tests/userprog/bad-read.d
gcc -m32  -Wl,--build-id=none -nostdlib -static -Wl,-T,../../lib/user/user.lds tests/userprog/bad-read.o tests/main.o tests/lib.o lib/user/entry.o libc.a -o tests/userprog/bad-read
pintos -v -k -T 60 --qemu  --filesys-size=2 -p tests/userprog/bad-read -a bad-read -- -q  -f run bad-read < /dev/null 2> tests/userprog/bad-read.errors > tests/userprog/bad-read.output
perl -I../.. ../../tests/userprog/bad-read.ck tests/userprog/bad-read tests/userprog/bad-read.result
pass tests/userprog/bad-read
gcc -m32 -c ../../tests/userprog/bad-write.c -o tests/userprog/bad-write.o -g -msoft-float -O -march=i686 -fno-stack-protector -nostdinc -I../.. -I../../lib -I../../lib/user -I. -Wall -W -Wstrict-prototypes -Wmissing-prototypes -Wsystem-headers  -MMD -MF tests/userprog/bad-write.d
gcc -m32  -Wl,--build-id=none -nostdlib -static -Wl,-T,../../lib/user/user.lds tests/userprog/bad-write.o tests/main.o tests/lib.o lib/user/entry.o libc.a -o tests/userprog/bad-write
pintos -v -k -T 60 --qemu  --filesys-size=2 -p tests/userprog/bad-write -a bad-write -- -q  -f run bad-write < /dev/null 2> tests/userprog/bad-write.errors > tests/userprog/bad-write.output
perl -I../.. ../../tests/userprog/bad-write.ck tests/userprog/bad-write tests/userprog/bad-write.result
pass tests/userprog/bad-write
gcc -m32 -c ../../tests/userprog/bad-read2.c -o tests/userprog/bad-read2.o -g -msoft-float -O -march=i686 -fno-stack-protector -nostdinc -I../.. -I../../lib -I../../lib/user -I. -Wall -W -Wstrict-prototypes -Wmissing-prototypes -Wsystem-headers  -MMD -MF tests/userprog/bad-read2.d
gcc -m32  -Wl,--build-id=none -nostdlib -static -Wl,-T,../../lib/user/user.lds tests/userprog/bad-read2.o tests/main.o tests/lib.o lib/user/entry.o libc.a -o tests/userprog/bad-read2
pintos -v -k -T 60 --qemu  --filesys-size=2 -p tests/userprog/bad-read2 -a bad-read2 -- -q  -f run bad-read2 < /dev/null 2> tests/userprog/bad-read2.errors > tests/userprog/bad-read2.output
perl -I../.. ../../tests/userprog/bad-read2.ck tests/userprog/bad-read2 tests/userprog/bad-read2.result
pass tests/userprog/bad-read2
gcc -m32 -c ../../tests/userprog/bad-write2.c -o tests/userprog/bad-write2.o -g -msoft-float -O -march=i686 -fno-stack-protector -nostdinc -I../.. -I../../lib -I../../lib/user -I. -Wall -W -Wstrict-prototypes -Wmissing-prototypes -Wsystem-headers  -MMD -MF tests/userprog/bad-write2.d
gcc -m32  -Wl,--build-id=none -nostdlib -static -Wl,-T,../../lib/user/user.lds tests/userprog/bad-write2.o tests/main.o tests/lib.o lib/user/entry.o libc.a -o tests/userprog/bad-write2
pintos -v -k -T 60 --qemu  --filesys-size=2 -p tests/userprog/bad-write2 -a bad-write2 -- -q  -f run bad-write2 < /dev/null 2> tests/userprog/bad-write2.errors > tests/userprog/bad-write2.output
perl -I../.. ../../tests/userprog/bad-write2.ck tests/userprog/bad-write2 tests/userprog/bad-write2.result
pass tests/userprog/bad-write2
gcc -m32 -c ../../tests/userprog/bad-jump.c -o tests/userprog/bad-jump.o -g -msoft-float -O -march=i686 -fno-stack-protector -nostdinc -I../.. -I../../lib -I../../lib/user -I. -Wall -W -Wstrict-prototypes -Wmissing-prototypes -Wsystem-headers  -MMD -MF tests/userprog/bad-jump.d
gcc -m32  -Wl,--build-id=none -nostdlib -static -Wl,-T,../../lib/user/user.lds tests/userprog/bad-jump.o tests/main.o tests/lib.o lib/user/entry.o libc.a -o tests/userprog/bad-jump
pintos -v -k -T 60 --qemu  --filesys-size=2 -p tests/userprog/bad-jump -a bad-jump -- -q  -f run bad-jump < /dev/null 2> tests/userprog/bad-jump.errors > tests/userprog/bad-jump.output
perl -I../.. ../../tests/userprog/bad-jump.ck tests/userprog/bad-jump tests/userprog/bad-jump.result
pass tests/userprog/bad-jump
gcc -m32 -c ../../tests/userprog/bad-jump2.c -o tests/userprog/bad-jump2.o -g -msoft-float -O -march=i686 -fno-stack-protector -nostdinc -I../.. -I../../lib -I../../lib/user -I. -Wall -W -Wstrict-prototypes -Wmissing-prototypes -Wsystem-headers  -MMD -MF tests/userprog/bad-jump2.d
gcc -m32  -Wl,--build-id=none -nostdlib -static -Wl,-T,../../lib/user/user.lds tests/userprog/bad-jump2.o tests/main.o tests/lib.o lib/user/entry.o libc.a -o tests/userprog/bad-jump2
pintos -v -k -T 60 --qemu  --filesys-size=2 -p tests/userprog/bad-jump2 -a bad-jump2 -- -q  -f run bad-jump2 < /dev/null 2> tests/userprog/bad-jump2.errors > tests/userprog/bad-jump2.output
perl -I../.. ../../tests/userprog/bad-jump2.ck tests/userprog/bad-jump2 tests/userprog/bad-jump2.result
pass tests/userprog/bad-jump2
gcc -m32 -c ../../tests/filesys/base/lg-create.c -o tests/filesys/base/lg-create.o -g -msoft-float -O -march=i686 -fno-stack-protector -nostdinc -I../.. -I../../lib -I../../lib/user -I. -Wall -W -Wstrict-prototypes -Wmissing-prototypes -Wsystem-headers  -MMD -MF tests/filesys/base/lg-create.d
gcc -m32 -c ../../tests/filesys/seq-test.c -o tests/filesys/seq-test.o -g -msoft-float -O -march=i686 -fno-stack-protector -nostdinc -I../.. -I../../lib -I../../lib/user -I. -Wall -W -Wstrict-prototypes -Wmissing-prototypes -Wsystem-headers  -MMD -MF tests/filesys/seq-test.d
gcc -m32  -Wl,--build-id=none -nostdlib -static -Wl,-T,../../lib/user/user.lds tests/filesys/base/lg-create.o tests/lib.o tests/filesys/seq-test.o tests/main.o lib/user/entry.o libc.a -o tests/filesys/base/lg-create
pintos -v -k -T 60 --qemu  --filesys-size=2 -p tests/filesys/base/lg-create -a lg-create -- -q  -f run lg-create < /dev/null 2> tests/filesys/base/lg-create.errors > tests/filesys/base/lg-create.output
perl -I../.. ../../tests/filesys/base/lg-create.ck tests/filesys/base/lg-create tests/filesys/base/lg-create.result
pass tests/filesys/base/lg-create
gcc -m32 -c ../../tests/filesys/base/lg-full.c -o tests/filesys/base/lg-full.o -g -msoft-float -O -march=i686 -fno-stack-protector -nostdinc -I../.. -I../../lib -I../../lib/user -I. -Wall -W -Wstrict-prototypes -Wmissing-prototypes -Wsystem-headers  -MMD -MF tests/filesys/base/lg-full.d
gcc -m32  -Wl,--build-id=none -nostdlib -static -Wl,-T,../../lib/user/user.lds tests/filesys/base/lg-full.o tests/lib.o tests/filesys/seq-test.o tests/main.o lib/user/entry.o libc.a -o tests/filesys/base/lg-full
pintos -v -k -T 60 --qemu  --filesys-size=2 -p tests/filesys/base/lg-full -a lg-full -- -q  -f run lg-full < /dev/null 2> tests/filesys/base/lg-full.errors > tests/filesys/base/lg-full.output
perl -I../.. ../../tests/filesys/base/lg-full.ck tests/filesys/base/lg-full tests/filesys/base/lg-full.result
pass tests/filesys/base/lg-full
gcc -m32 -c ../../tests/filesys/base/lg-random.c -o tests/filesys/base/lg-random.o -g -msoft-float -O -march=i686 -fno-stack-protector -nostdinc -I../.. -I../../lib -I../../lib/user -I. -Wall -W -Wstrict-prototypes -Wmissing-prototypes -Wsystem-headers  -MMD -MF tests/filesys/base/lg-random.d
gcc -m32  -Wl,--build-id=none -nostdlib -static -Wl,-T,../../lib/user/user.lds tests/filesys/base/lg-random.o tests/lib.o tests/filesys/seq-test.o tests/main.o lib/user/entry.o libc.a -o tests/filesys/base/lg-random
pintos -v -k -T 60 --qemu  --filesys-size=2 -p tests/filesys/base/lg-random -a lg-random -- -q  -f run lg-random < /dev/null 2> tests/filesys/base/lg-random.errors > tests/filesys/base/lg-random.output
perl -I../.. ../../tests/filesys/base/lg-random.ck tests/filesys/base/lg-random tests/filesys/base/lg-random.result
pass tests/filesys/base/lg-random
gcc -m32 -c ../../tests/filesys/base/lg-seq-block.c -o tests/filesys/base/lg-seq-block.o -g -msoft-float -O -march=i686 -fno-stack-protector -nostdinc -I../.. -I../../lib -I../../lib/user -I. -Wall -W -Wstrict-prototypes -Wmissing-prototypes -Wsystem-headers  -MMD -MF tests/filesys/base/lg-seq-block.d
gcc -m32  -Wl,--build-id=none -nostdlib -static -Wl,-T,../../lib/user/user.lds tests/filesys/base/lg-seq-block.o tests/lib.o tests/filesys/seq-test.o tests/main.o lib/user/entry.o libc.a -o tests/filesys/base/lg-seq-block
pintos -v -k -T 60 --qemu  --filesys-size=2 -p tests/filesys/base/lg-seq-block -a lg-seq-block -- -q  -f run lg-seq-block < /dev/null 2> tests/filesys/base/lg-seq-block.errors > tests/filesys/base/lg-seq-block.output
perl -I../.. ../../tests/filesys/base/lg-seq-block.ck tests/filesys/base/lg-seq-block tests/filesys/base/lg-seq-block.result
pass tests/filesys/base/lg-seq-block
gcc -m32 -c ../../tests/filesys/base/lg-seq-random.c -o tests/filesys/base/lg-seq-random.o -g -msoft-float -O -march=i686 -fno-stack-protector -nostdinc -I../.. -I../../lib -I../../lib/user -I. -Wall -W -Wstrict-prototypes -Wmissing-prototypes -Wsystem-headers  -MMD -MF tests/filesys/base/lg-seq-random.d
gcc -m32  -Wl,--build-id=none -nostdlib -static -Wl,-T,../../lib/user/user.lds tests/filesys/base/lg-seq-random.o tests/lib.o tests/filesys/seq-test.o tests/main.o lib/user/entry.o libc.a -o tests/filesys/base/lg-seq-random
pintos -v -k -T 60 --qemu  --filesys-size=2 -p tests/filesys/base/lg-seq-random -a lg-seq-random -- -q  -f run lg-seq-random < /dev/null 2> tests/filesys/base/lg-seq-random.errors > tests/filesys/base/lg-seq-random.output
perl -I../.. ../../tests/filesys/base/lg-seq-random.ck tests/filesys/base/lg-seq-random tests/filesys/base/lg-seq-random.result
pass tests/filesys/base/lg-seq-random
gcc -m32 -c ../../tests/filesys/base/sm-create.c -o tests/filesys/base/sm-create.o -g -msoft-float -O -march=i686 -fno-stack-protector -nostdinc -I../.. -I../../lib -I../../lib/user -I. -Wall -W -Wstrict-prototypes -Wmissing-prototypes -Wsystem-headers  -MMD -MF tests/filesys/base/sm-create.d
gcc -m32  -Wl,--build-id=none -nostdlib -static -Wl,-T,../../lib/user/user.lds tests/filesys/base/sm-create.o tests/lib.o tests/filesys/seq-test.o tests/main.o lib/user/entry.o libc.a -o tests/filesys/base/sm-create
pintos -v -k -T 60 --qemu  --filesys-size=2 -p tests/filesys/base/sm-create -a sm-create -- -q  -f run sm-create < /dev/null 2> tests/filesys/base/sm-create.errors > tests/filesys/base/sm-create.output
perl -I../.. ../../tests/filesys/base/sm-create.ck tests/filesys/base/sm-create tests/filesys/base/sm-create.result
pass tests/filesys/base/sm-create
gcc -m32 -c ../../tests/filesys/base/sm-full.c -o tests/filesys/base/sm-full.o -g -msoft-float -O -march=i686 -fno-stack-protector -nostdinc -I../.. -I../../lib -I../../lib/user -I. -Wall -W -Wstrict-prototypes -Wmissing-prototypes -Wsystem-headers  -MMD -MF tests/filesys/base/sm-full.d
gcc -m32  -Wl,--build-id=none -nostdlib -static -Wl,-T,../../lib/user/user.lds tests/filesys/base/sm-full.o tests/lib.o tests/filesys/seq-test.o tests/main.o lib/user/entry.o libc.a -o tests/filesys/base/sm-full
pintos -v -k -T 60 --qemu  --filesys-size=2 -p tests/filesys/base/sm-full -a sm-full -- -q  -f run sm-full < /dev/null 2> tests/filesys/base/sm-full.errors > tests/filesys/base/sm-full.output
perl -I../.. ../../tests/filesys/base/sm-full.ck tests/filesys/base/sm-full tests/filesys/base/sm-full.result
pass tests/filesys/base/sm-full
gcc -m32 -c ../../tests/filesys/base/sm-random.c -o tests/filesys/base/sm-random.o -g -msoft-float -O -march=i686 -fno-stack-protector -nostdinc -I../.. -I../../lib -I../../lib/user -I. -Wall -W -Wstrict-prototypes -Wmissing-prototypes -Wsystem-headers  -MMD -MF tests/filesys/base/sm-random.d
gcc -m32  -Wl,--build-id=none -nostdlib -static -Wl,-T,../../lib/user/user.lds tests/filesys/base/sm-random.o tests/lib.o tests/filesys/seq-test.o tests/main.o lib/user/entry.o libc.a -o tests/filesys/base/sm-random
pintos -v -k -T 60 --qemu  --filesys-size=2 -p tests/filesys/base/sm-random -a sm-random -- -q  -f run sm-random < /dev/null 2> tests/filesys/base/sm-random.errors > tests/filesys/base/sm-random.output
perl -I../.. ../../tests/filesys/base/sm-random.ck tests/filesys/base/sm-random tests/filesys/base/sm-random.result
pass tests/filesys/base/sm-random
gcc -m32 -c ../../tests/filesys/base/sm-seq-block.c -o tests/filesys/base/sm-seq-block.o -g -msoft-float -O -march=i686 -fno-stack-protector -nostdinc -I../.. -I../../lib -I../../lib/user -I. -Wall -W -Wstrict-prototypes -Wmissing-prototypes -Wsystem-headers  -MMD -MF tests/filesys/base/sm-seq-block.d
gcc -m32  -Wl,--build-id=none -nostdlib -static -Wl,-T,../../lib/user/user.lds tests/filesys/base/sm-seq-block.o tests/lib.o tests/filesys/seq-test.o tests/main.o lib/user/entry.o libc.a -o tests/filesys/base/sm-seq-block
pintos -v -k -T 60 --qemu  --filesys-size=2 -p tests/filesys/base/sm-seq-block -a sm-seq-block -- -q  -f run sm-seq-block < /dev/null 2> tests/filesys/base/sm-seq-block.errors > tests/filesys/base/sm-seq-block.output
perl -I../.. ../../tests/filesys/base/sm-seq-block.ck tests/filesys/base/sm-seq-block tests/filesys/base/sm-seq-block.result
pass tests/filesys/base/sm-seq-block
gcc -m32 -c ../../tests/filesys/base/sm-seq-random.c -o tests/filesys/base/sm-seq-random.o -g -msoft-float -O -march=i686 -fno-stack-protector -nostdinc -I../.. -I../../lib -I../../lib/user -I. -Wall -W -Wstrict-prototypes -Wmissing-prototypes -Wsystem-headers  -MMD -MF tests/filesys/base/sm-seq-random.d
gcc -m32  -Wl,--build-id=none -nostdlib -static -Wl,-T,../../lib/user/user.lds tests/filesys/base/sm-seq-random.o tests/lib.o tests/filesys/seq-test.o tests/main.o lib/user/entry.o libc.a -o tests/filesys/base/sm-seq-random
pintos -v -k -T 60 --qemu  --filesys-size=2 -p tests/filesys/base/sm-seq-random -a sm-seq-random -- -q  -f run sm-seq-random < /dev/null 2> tests/filesys/base/sm-seq-random.errors > tests/filesys/base/sm-seq-random.output
perl -I../.. ../../tests/filesys/base/sm-seq-random.ck tests/filesys/base/sm-seq-random tests/filesys/base/sm-seq-random.result
pass tests/filesys/base/sm-seq-random
gcc -m32 -c ../../tests/filesys/base/syn-read.c -o tests/filesys/base/syn-read.o -g -msoft-float -O -march=i686 -fno-stack-protector -nostdinc -I../.. -I../../lib -I../../lib/user -I. -Wall -W -Wstrict-prototypes -Wmissing-prototypes -Wsystem-headers  -MMD -MF tests/filesys/base/syn-read.d
gcc -m32  -Wl,--build-id=none -nostdlib -static -Wl,-T,../../lib/user/user.lds tests/filesys/base/syn-read.o tests/lib.o tests/filesys/seq-test.o tests/main.o lib/user/entry.o libc.a -o tests/filesys/base/syn-read
gcc -m32 -c ../../tests/filesys/base/child-syn-read.c -o tests/filesys/base/child-syn-read.o -g -msoft-float -O -march=i686 -fno-stack-protector -nostdinc -I../.. -I../../lib -I../../lib/user -I. -Wall -W -Wstrict-prototypes -Wmissing-prototypes -Wsystem-headers  -MMD -MF tests/filesys/base/child-syn-read.d
gcc -m32  -Wl,--build-id=none -nostdlib -static -Wl,-T,../../lib/user/user.lds tests/filesys/base/child-syn-read.o tests/lib.o tests/filesys/seq-test.o lib/user/entry.o libc.a -o tests/filesys/base/child-syn-read
pintos -v -k -T 300 --qemu  --filesys-size=2 -p tests/filesys/base/syn-read -a syn-read -p tests/filesys/base/child-syn-read -a child-syn-read -- -q  -f run syn-read < /dev/null 2> tests/filesys/base/syn-read.errors > tests/filesys/base/syn-read.output
perl -I../.. ../../tests/filesys/base/syn-read.ck tests/filesys/base/syn-read tests/filesys/base/syn-read.result
pass tests/filesys/base/syn-read
gcc -m32 -c ../../tests/filesys/base/syn-remove.c -o tests/filesys/base/syn-remove.o -g -msoft-float -O -march=i686 -fno-stack-protector -nostdinc -I../.. -I../../lib -I../../lib/user -I. -Wall -W -Wstrict-prototypes -Wmissing-prototypes -Wsystem-headers  -MMD -MF tests/filesys/base/syn-remove.d
gcc -m32  -Wl,--build-id=none -nostdlib -static -Wl,-T,../../lib/user/user.lds tests/filesys/base/syn-remove.o tests/lib.o tests/filesys/seq-test.o tests/main.o lib/user/entry.o libc.a -o tests/filesys/base/syn-remove
pintos -v -k -T 60 --qemu  --filesys-size=2 -p tests/filesys/base/syn-remove -a syn-remove -- -q  -f run syn-remove < /dev/null 2> tests/filesys/base/syn-remove.errors > tests/filesys/base/syn-remove.output
perl -I../.. ../../tests/filesys/base/syn-remove.ck tests/filesys/base/syn-remove tests/filesys/base/syn-remove.result
pass tests/filesys/base/syn-remove
gcc -m32 -c ../../tests/filesys/base/syn-write.c -o tests/filesys/base/syn-write.o -g -msoft-float -O -march=i686 -fno-stack-protector -nostdinc -I../.. -I../../lib -I../../lib/user -I. -Wall -W -Wstrict-prototypes -Wmissing-prototypes -Wsystem-headers  -MMD -MF tests/filesys/base/syn-write.d
gcc -m32  -Wl,--build-id=none -nostdlib -static -Wl,-T,../../lib/user/user.lds tests/filesys/base/syn-write.o tests/lib.o tests/filesys/seq-test.o tests/main.o lib/user/entry.o libc.a -o tests/filesys/base/syn-write
gcc -m32 -c ../../tests/filesys/base/child-syn-wrt.c -o tests/filesys/base/child-syn-wrt.o -g -msoft-float -O -march=i686 -fno-stack-protector -nostdinc -I../.. -I../../lib -I../../lib/user -I. -Wall -W -Wstrict-prototypes -Wmissing-prototypes -Wsystem-headers  -MMD -MF tests/filesys/base/child-syn-wrt.d
gcc -m32  -Wl,--build-id=none -nostdlib -static -Wl,-T,../../lib/user/user.lds tests/filesys/base/child-syn-wrt.o tests/lib.o tests/filesys/seq-test.o lib/user/entry.o libc.a -o tests/filesys/base/child-syn-wrt
pintos -v -k -T 60 --qemu  --filesys-size=2 -p tests/filesys/base/syn-write -a syn-write -p tests/filesys/base/child-syn-wrt -a child-syn-wrt -- -q  -f run syn-write < /dev/null 2> tests/filesys/base/syn-write.errors > tests/filesys/base/syn-write.output
perl -I../.. ../../tests/filesys/base/syn-write.ck tests/filesys/base/syn-write tests/filesys/base/syn-write.result
pass tests/filesys/base/syn-write
gcc -m32 -c ../../tests/filesys/extended/dir-empty-name.c -o tests/filesys/extended/dir-empty-name.o -g -msoft-float -O -march=i686 -fno-stack-protector -nostdinc -I../.. -I../../lib -I../../lib/user -I. -Wall -W -Wstrict-prototypes -Wmissing-prototypes -Wsystem-headers  -MMD -MF tests/filesys/extended/dir-empty-name.d
gcc -m32  -Wl,--build-id=none -nostdlib -static -Wl,-T,../../lib/user/user.lds tests/filesys/extended/dir-empty-name.o tests/lib.o tests/filesys/seq-test.o tests/main.o lib/user/entry.o libc.a -o tests/filesys/extended/dir-empty-name
gcc -m32 -c ../../tests/filesys/extended/tar.c -o tests/filesys/extended/tar.o -g -msoft-float -O -march=i686 -fno-stack-protector -nostdinc -I../.. -I../../lib -I../../lib/user -I. -Wall -W -Wstrict-prototypes -Wmissing-prototypes -Wsystem-headers  -MMD -MF tests/filesys/extended/tar.d
gcc -m32  -Wl,--build-id=none -nostdlib -static -Wl,-T,../../lib/user/user.lds tests/filesys/extended/tar.o tests/lib.o tests/filesys/seq-test.o lib/user/entry.o libc.a -o tests/filesys/extended/tar
rm -f tmp.dsk
pintos-mkdisk tmp.dsk --filesys-size=2
pintos -v -k -T 60 --qemu  --disk=tmp.dsk -p tests/filesys/extended/dir-empty-name -a dir-empty-name -p tests/filesys/extended/tar -a tar -- -q  -f run dir-empty-name < /dev/null 2> tests/filesys/extended/dir-empty-name.errors > tests/filesys/extended/dir-empty-name.output
pintos -v -k -T 60  --qemu --disk=tmp.dsk -g fs.tar -a tests/filesys/extended/dir-empty-name.tar -- -q  run 'tar fs.tar /' < /dev/null 2> tests/filesys/extended/dir-empty-name-persistence.errors > tests/filesys/extended/dir-empty-name-persistence.output
rm -f tmp.dsk
perl -I../.. ../../tests/filesys/extended/dir-empty-name.ck tests/filesys/extended/dir-empty-name tests/filesys/extended/dir-empty-name.result
FAIL tests/filesys/extended/dir-empty-name
Test output failed to match any acceptable form.

Acceptable output:
  (dir-empty-name) begin
  (dir-empty-name) mkdir "" (must return false)
  (dir-empty-name) end
Differences in `diff -u' format:
  (dir-empty-name) begin
  (dir-empty-name) mkdir "" (must return false)
- (dir-empty-name) end

(Process exit codes are excluded for matching purposes.)
gcc -m32 -c ../../tests/filesys/extended/dir-mk-tree.c -o tests/filesys/extended/dir-mk-tree.o -g -msoft-float -O -march=i686 -fno-stack-protector -nostdinc -I../.. -I../../lib -I../../lib/user -I. -Wall -W -Wstrict-prototypes -Wmissing-prototypes -Wsystem-headers  -MMD -MF tests/filesys/extended/dir-mk-tree.d
gcc -m32 -c ../../tests/filesys/extended/mk-tree.c -o tests/filesys/extended/mk-tree.o -g -msoft-float -O -march=i686 -fno-stack-protector -nostdinc -I../.. -I../../lib -I../../lib/user -I. -Wall -W -Wstrict-prototypes -Wmissing-prototypes -Wsystem-headers  -MMD -MF tests/filesys/extended/mk-tree.d
gcc -m32  -Wl,--build-id=none -nostdlib -static -Wl,-T,../../lib/user/user.lds tests/filesys/extended/dir-mk-tree.o tests/lib.o tests/filesys/seq-test.o tests/main.o tests/filesys/extended/mk-tree.o lib/user/entry.o libc.a -o tests/filesys/extended/dir-mk-tree
rm -f tmp.dsk
pintos-mkdisk tmp.dsk --filesys-size=2
pintos -v -k -T 60 --qemu  --disk=tmp.dsk -p tests/filesys/extended/dir-mk-tree -a dir-mk-tree -p tests/filesys/extended/tar -a tar -- -q  -f run dir-mk-tree < /dev/null 2> tests/filesys/extended/dir-mk-tree.errors > tests/filesys/extended/dir-mk-tree.output
pintos -v -k -T 60  --qemu --disk=tmp.dsk -g fs.tar -a tests/filesys/extended/dir-mk-tree.tar -- -q  run 'tar fs.tar /' < /dev/null 2> tests/filesys/extended/dir-mk-tree-persistence.errors > tests/filesys/extended/dir-mk-tree-persistence.output
rm -f tmp.dsk
perl -I../.. ../../tests/filesys/extended/dir-mk-tree.ck tests/filesys/extended/dir-mk-tree tests/filesys/extended/dir-mk-tree.result
FAIL tests/filesys/extended/dir-mk-tree
Test output failed to match any acceptable form.

Acceptable output:
  (dir-mk-tree) begin
  (dir-mk-tree) creating /0/0/0/0 through /3/2/2/3...
  (dir-mk-tree) open "/0/2/0/3"
  (dir-mk-tree) close "/0/2/0/3"
  (dir-mk-tree) end
Differences in `diff -u' format:
  (dir-mk-tree) begin
  (dir-mk-tree) creating /0/0/0/0 through /3/2/2/3...
- (dir-mk-tree) open "/0/2/0/3"
- (dir-mk-tree) close "/0/2/0/3"
- (dir-mk-tree) end

(Process exit codes are excluded for matching purposes.)
gcc -m32 -c ../../tests/filesys/extended/dir-mkdir.c -o tests/filesys/extended/dir-mkdir.o -g -msoft-float -O -march=i686 -fno-stack-protector -nostdinc -I../.. -I../../lib -I../../lib/user -I. -Wall -W -Wstrict-prototypes -Wmissing-prototypes -Wsystem-headers  -MMD -MF tests/filesys/extended/dir-mkdir.d
gcc -m32  -Wl,--build-id=none -nostdlib -static -Wl,-T,../../lib/user/user.lds tests/filesys/extended/dir-mkdir.o tests/lib.o tests/filesys/seq-test.o tests/main.o lib/user/entry.o libc.a -o tests/filesys/extended/dir-mkdir
rm -f tmp.dsk
pintos-mkdisk tmp.dsk --filesys-size=2
pintos -v -k -T 60 --qemu  --disk=tmp.dsk -p tests/filesys/extended/dir-mkdir -a dir-mkdir -p tests/filesys/extended/tar -a tar -- -q  -f run dir-mkdir < /dev/null 2> tests/filesys/extended/dir-mkdir.errors > tests/filesys/extended/dir-mkdir.output
pintos -v -k -T 60  --qemu --disk=tmp.dsk -g fs.tar -a tests/filesys/extended/dir-mkdir.tar -- -q  run 'tar fs.tar /' < /dev/null 2> tests/filesys/extended/dir-mkdir-persistence.errors > tests/filesys/extended/dir-mkdir-persistence.output
rm -f tmp.dsk
perl -I../.. ../../tests/filesys/extended/dir-mkdir.ck tests/filesys/extended/dir-mkdir tests/filesys/extended/dir-mkdir.result
FAIL tests/filesys/extended/dir-mkdir
Test output failed to match any acceptable form.

Acceptable output:
  (dir-mkdir) begin
  (dir-mkdir) mkdir "a"
  (dir-mkdir) create "a/b"
  (dir-mkdir) chdir "a"
  (dir-mkdir) open "b"
  (dir-mkdir) end
Differences in `diff -u' format:
  (dir-mkdir) begin
  (dir-mkdir) mkdir "a"
- (dir-mkdir) create "a/b"
- (dir-mkdir) chdir "a"
- (dir-mkdir) open "b"
- (dir-mkdir) end

(Process exit codes are excluded for matching purposes.)
gcc -m32 -c ../../tests/filesys/extended/dir-open.c -o tests/filesys/extended/dir-open.o -g -msoft-float -O -march=i686 -fno-stack-protector -nostdinc -I../.. -I../../lib -I../../lib/user -I. -Wall -W -Wstrict-prototypes -Wmissing-prototypes -Wsystem-headers  -MMD -MF tests/filesys/extended/dir-open.d
gcc -m32  -Wl,--build-id=none -nostdlib -static -Wl,-T,../../lib/user/user.lds tests/filesys/extended/dir-open.o tests/lib.o tests/filesys/seq-test.o tests/main.o lib/user/entry.o libc.a -o tests/filesys/extended/dir-open
rm -f tmp.dsk
pintos-mkdisk tmp.dsk --filesys-size=2
pintos -v -k -T 60 --qemu  --disk=tmp.dsk -p tests/filesys/extended/dir-open -a dir-open -p tests/filesys/extended/tar -a tar -- -q  -f run dir-open < /dev/null 2> tests/filesys/extended/dir-open.errors > tests/filesys/extended/dir-open.output
pintos -v -k -T 60  --qemu --disk=tmp.dsk -g fs.tar -a tests/filesys/extended/dir-open.tar -- -q  run 'tar fs.tar /' < /dev/null 2> tests/filesys/extended/dir-open-persistence.errors > tests/filesys/extended/dir-open-persistence.output
rm -f tmp.dsk
perl -I../.. ../../tests/filesys/extended/dir-open.ck tests/filesys/extended/dir-open tests/filesys/extended/dir-open.result
FAIL tests/filesys/extended/dir-open
Test output failed to match any acceptable form.

Acceptable output:
  (dir-open) begin
  (dir-open) mkdir "xyzzy"
  (dir-open) open "xyzzy"
  (dir-open) write "xyzzy"
  dir-open: exit(-1)
Differences in `diff -u' format:
  (dir-open) begin
  (dir-open) mkdir "xyzzy"
- (dir-open) open "xyzzy"
- (dir-open) write "xyzzy"
  dir-open: exit(-1)
Acceptable output:
  (dir-open) begin
  (dir-open) mkdir "xyzzy"
  (dir-open) open "xyzzy"
  (dir-open) write "xyzzy"
  (dir-open) write "xyzzy" (must return -1, actually -1)
  (dir-open) end
  dir-open: exit(0)
Differences in `diff -u' format:
  (dir-open) begin
  (dir-open) mkdir "xyzzy"
- (dir-open) open "xyzzy"
- (dir-open) write "xyzzy"
- (dir-open) write "xyzzy" (must return -1, actually -1)
- (dir-open) end
- dir-open: exit(0)
+ dir-open: exit(-1)
gcc -m32 -c ../../tests/filesys/extended/dir-over-file.c -o tests/filesys/extended/dir-over-file.o -g -msoft-float -O -march=i686 -fno-stack-protector -nostdinc -I../.. -I../../lib -I../../lib/user -I. -Wall -W -Wstrict-prototypes -Wmissing-prototypes -Wsystem-headers  -MMD -MF tests/filesys/extended/dir-over-file.d
gcc -m32  -Wl,--build-id=none -nostdlib -static -Wl,-T,../../lib/user/user.lds tests/filesys/extended/dir-over-file.o tests/lib.o tests/filesys/seq-test.o tests/main.o lib/user/entry.o libc.a -o tests/filesys/extended/dir-over-file
rm -f tmp.dsk
pintos-mkdisk tmp.dsk --filesys-size=2
pintos -v -k -T 60 --qemu  --disk=tmp.dsk -p tests/filesys/extended/dir-over-file -a dir-over-file -p tests/filesys/extended/tar -a tar -- -q  -f run dir-over-file < /dev/null 2> tests/filesys/extended/dir-over-file.errors > tests/filesys/extended/dir-over-file.output
pintos -v -k -T 60  --qemu --disk=tmp.dsk -g fs.tar -a tests/filesys/extended/dir-over-file.tar -- -q  run 'tar fs.tar /' < /dev/null 2> tests/filesys/extended/dir-over-file-persistence.errors > tests/filesys/extended/dir-over-file-persistence.output
rm -f tmp.dsk
perl -I../.. ../../tests/filesys/extended/dir-over-file.ck tests/filesys/extended/dir-over-file tests/filesys/extended/dir-over-file.result
FAIL tests/filesys/extended/dir-over-file
Test output failed to match any acceptable form.

Acceptable output:
  (dir-over-file) begin
  (dir-over-file) mkdir "abc"
  (dir-over-file) create "abc" (must return false)
  (dir-over-file) end
Differences in `diff -u' format:
  (dir-over-file) begin
  (dir-over-file) mkdir "abc"
- (dir-over-file) create "abc" (must return false)
- (dir-over-file) end

(Process exit codes are excluded for matching purposes.)
gcc -m32 -c ../../tests/filesys/extended/dir-rm-cwd.c -o tests/filesys/extended/dir-rm-cwd.o -g -msoft-float -O -march=i686 -fno-stack-protector -nostdinc -I../.. -I../../lib -I../../lib/user -I. -Wall -W -Wstrict-prototypes -Wmissing-prototypes -Wsystem-headers  -MMD -MF tests/filesys/extended/dir-rm-cwd.d
gcc -m32  -Wl,--build-id=none -nostdlib -static -Wl,-T,../../lib/user/user.lds tests/filesys/extended/dir-rm-cwd.o tests/lib.o tests/filesys/seq-test.o tests/main.o lib/user/entry.o libc.a -o tests/filesys/extended/dir-rm-cwd
rm -f tmp.dsk
pintos-mkdisk tmp.dsk --filesys-size=2
pintos -v -k -T 60 --qemu  --disk=tmp.dsk -p tests/filesys/extended/dir-rm-cwd -a dir-rm-cwd -p tests/filesys/extended/tar -a tar -- -q  -f run dir-rm-cwd < /dev/null 2> tests/filesys/extended/dir-rm-cwd.errors > tests/filesys/extended/dir-rm-cwd.output
pintos -v -k -T 60  --qemu --disk=tmp.dsk -g fs.tar -a tests/filesys/extended/dir-rm-cwd.tar -- -q  run 'tar fs.tar /' < /dev/null 2> tests/filesys/extended/dir-rm-cwd-persistence.errors > tests/filesys/extended/dir-rm-cwd-persistence.output
rm -f tmp.dsk
perl -I../.. ../../tests/filesys/extended/dir-rm-cwd.ck tests/filesys/extended/dir-rm-cwd tests/filesys/extended/dir-rm-cwd.result
FAIL tests/filesys/extended/dir-rm-cwd
run: open "/": FAILED
gcc -m32 -c ../../tests/filesys/extended/dir-rm-parent.c -o tests/filesys/extended/dir-rm-parent.o -g -msoft-float -O -march=i686 -fno-stack-protector -nostdinc -I../.. -I../../lib -I../../lib/user -I. -Wall -W -Wstrict-prototypes -Wmissing-prototypes -Wsystem-headers  -MMD -MF tests/filesys/extended/dir-rm-parent.d
gcc -m32  -Wl,--build-id=none -nostdlib -static -Wl,-T,../../lib/user/user.lds tests/filesys/extended/dir-rm-parent.o tests/lib.o tests/filesys/seq-test.o tests/main.o lib/user/entry.o libc.a -o tests/filesys/extended/dir-rm-parent
rm -f tmp.dsk
pintos-mkdisk tmp.dsk --filesys-size=2
pintos -v -k -T 60 --qemu  --disk=tmp.dsk -p tests/filesys/extended/dir-rm-parent -a dir-rm-parent -p tests/filesys/extended/tar -a tar -- -q  -f run dir-rm-parent < /dev/null 2> tests/filesys/extended/dir-rm-parent.errors > tests/filesys/extended/dir-rm-parent.output
pintos -v -k -T 60  --qemu --disk=tmp.dsk -g fs.tar -a tests/filesys/extended/dir-rm-parent.tar -- -q  run 'tar fs.tar /' < /dev/null 2> tests/filesys/extended/dir-rm-parent-persistence.errors > tests/filesys/extended/dir-rm-parent-persistence.output
rm -f tmp.dsk
perl -I../.. ../../tests/filesys/extended/dir-rm-parent.ck tests/filesys/extended/dir-rm-parent tests/filesys/extended/dir-rm-parent.result
FAIL tests/filesys/extended/dir-rm-parent
Test output failed to match any acceptable form.

Acceptable output:
  (dir-rm-parent) begin
  (dir-rm-parent) mkdir "a"
  (dir-rm-parent) chdir "a"
  (dir-rm-parent) mkdir "b"
  (dir-rm-parent) chdir "b"
  (dir-rm-parent) remove "/a" (must fail)
  (dir-rm-parent) end
Differences in `diff -u' format:
  (dir-rm-parent) begin
  (dir-rm-parent) mkdir "a"
- (dir-rm-parent) chdir "a"
- (dir-rm-parent) mkdir "b"
- (dir-rm-parent) chdir "b"
- (dir-rm-parent) remove "/a" (must fail)
- (dir-rm-parent) end

(Process exit codes are excluded for matching purposes.)
gcc -m32 -c ../../tests/filesys/extended/dir-rm-root.c -o tests/filesys/extended/dir-rm-root.o -g -msoft-float -O -march=i686 -fno-stack-protector -nostdinc -I../.. -I../../lib -I../../lib/user -I. -Wall -W -Wstrict-prototypes -Wmissing-prototypes -Wsystem-headers  -MMD -MF tests/filesys/extended/dir-rm-root.d
gcc -m32  -Wl,--build-id=none -nostdlib -static -Wl,-T,../../lib/user/user.lds tests/filesys/extended/dir-rm-root.o tests/lib.o tests/filesys/seq-test.o tests/main.o lib/user/entry.o libc.a -o tests/filesys/extended/dir-rm-root
rm -f tmp.dsk
pintos-mkdisk tmp.dsk --filesys-size=2
pintos -v -k -T 60 --qemu  --disk=tmp.dsk -p tests/filesys/extended/dir-rm-root -a dir-rm-root -p tests/filesys/extended/tar -a tar -- -q  -f run dir-rm-root < /dev/null 2> tests/filesys/extended/dir-rm-root.errors > tests/filesys/extended/dir-rm-root.output
pintos -v -k -T 60  --qemu --disk=tmp.dsk -g fs.tar -a tests/filesys/extended/dir-rm-root.tar -- -q  run 'tar fs.tar /' < /dev/null 2> tests/filesys/extended/dir-rm-root-persistence.errors > tests/filesys/extended/dir-rm-root-persistence.output
rm -f tmp.dsk
perl -I../.. ../../tests/filesys/extended/dir-rm-root.ck tests/filesys/extended/dir-rm-root tests/filesys/extended/dir-rm-root.result
pass tests/filesys/extended/dir-rm-root
gcc -m32 -c ../../tests/filesys/extended/dir-rm-tree.c -o tests/filesys/extended/dir-rm-tree.o -g -msoft-float -O -march=i686 -fno-stack-protector -nostdinc -I../.. -I../../lib -I../../lib/user -I. -Wall -W -Wstrict-prototypes -Wmissing-prototypes -Wsystem-headers  -MMD -MF tests/filesys/extended/dir-rm-tree.d
gcc -m32  -Wl,--build-id=none -nostdlib -static -Wl,-T,../../lib/user/user.lds tests/filesys/extended/dir-rm-tree.o tests/lib.o tests/filesys/seq-test.o tests/main.o tests/filesys/extended/mk-tree.o lib/user/entry.o libc.a -o tests/filesys/extended/dir-rm-tree
rm -f tmp.dsk
pintos-mkdisk tmp.dsk --filesys-size=2
pintos -v -k -T 60 --qemu  --disk=tmp.dsk -p tests/filesys/extended/dir-rm-tree -a dir-rm-tree -p tests/filesys/extended/tar -a tar -- -q  -f run dir-rm-tree < /dev/null 2> tests/filesys/extended/dir-rm-tree.errors > tests/filesys/extended/dir-rm-tree.output
pintos -v -k -T 60  --qemu --disk=tmp.dsk -g fs.tar -a tests/filesys/extended/dir-rm-tree.tar -- -q  run 'tar fs.tar /' < /dev/null 2> tests/filesys/extended/dir-rm-tree-persistence.errors > tests/filesys/extended/dir-rm-tree-persistence.output
rm -f tmp.dsk
perl -I../.. ../../tests/filesys/extended/dir-rm-tree.ck tests/filesys/extended/dir-rm-tree tests/filesys/extended/dir-rm-tree.result
FAIL tests/filesys/extended/dir-rm-tree
Test output failed to match any acceptable form.

Acceptable output:
  (dir-rm-tree) begin
  (dir-rm-tree) creating /0/0/0/0 through /3/2/2/3...
  (dir-rm-tree) open "/0/2/0/3"
  (dir-rm-tree) close "/0/2/0/3"
  (dir-rm-tree) removing /0/0/0/0 through /3/2/2/3...
  (dir-rm-tree) open "/3/0/2/0" (must return -1)
  (dir-rm-tree) end
Differences in `diff -u' format:
  (dir-rm-tree) begin
  (dir-rm-tree) creating /0/0/0/0 through /3/2/2/3...
- (dir-rm-tree) open "/0/2/0/3"
- (dir-rm-tree) close "/0/2/0/3"
- (dir-rm-tree) removing /0/0/0/0 through /3/2/2/3...
- (dir-rm-tree) open "/3/0/2/0" (must return -1)
- (dir-rm-tree) end

(Process exit codes are excluded for matching purposes.)
gcc -m32 -c ../../tests/filesys/extended/dir-rmdir.c -o tests/filesys/extended/dir-rmdir.o -g -msoft-float -O -march=i686 -fno-stack-protector -nostdinc -I../.. -I../../lib -I../../lib/user -I. -Wall -W -Wstrict-prototypes -Wmissing-prototypes -Wsystem-headers  -MMD -MF tests/filesys/extended/dir-rmdir.d
gcc -m32  -Wl,--build-id=none -nostdlib -static -Wl,-T,../../lib/user/user.lds tests/filesys/extended/dir-rmdir.o tests/lib.o tests/filesys/seq-test.o tests/main.o lib/user/entry.o libc.a -o tests/filesys/extended/dir-rmdir
rm -f tmp.dsk
pintos-mkdisk tmp.dsk --filesys-size=2
pintos -v -k -T 60 --qemu  --disk=tmp.dsk -p tests/filesys/extended/dir-rmdir -a dir-rmdir -p tests/filesys/extended/tar -a tar -- -q  -f run dir-rmdir < /dev/null 2> tests/filesys/extended/dir-rmdir.errors > tests/filesys/extended/dir-rmdir.output
pintos -v -k -T 60  --qemu --disk=tmp.dsk -g fs.tar -a tests/filesys/extended/dir-rmdir.tar -- -q  run 'tar fs.tar /' < /dev/null 2> tests/filesys/extended/dir-rmdir-persistence.errors > tests/filesys/extended/dir-rmdir-persistence.output
rm -f tmp.dsk
perl -I../.. ../../tests/filesys/extended/dir-rmdir.ck tests/filesys/extended/dir-rmdir tests/filesys/extended/dir-rmdir.result
FAIL tests/filesys/extended/dir-rmdir
Test output failed to match any acceptable form.

Acceptable output:
  (dir-rmdir) begin
  (dir-rmdir) mkdir "a"
  (dir-rmdir) rmdir "a"
  (dir-rmdir) chdir "a" (must return false)
  (dir-rmdir) end
Differences in `diff -u' format:
  (dir-rmdir) begin
  (dir-rmdir) mkdir "a"
- (dir-rmdir) rmdir "a"
- (dir-rmdir) chdir "a" (must return false)
- (dir-rmdir) end

(Process exit codes are excluded for matching purposes.)
gcc -m32 -c ../../tests/filesys/extended/dir-under-file.c -o tests/filesys/extended/dir-under-file.o -g -msoft-float -O -march=i686 -fno-stack-protector -nostdinc -I../.. -I../../lib -I../../lib/user -I. -Wall -W -Wstrict-prototypes -Wmissing-prototypes -Wsystem-headers  -MMD -MF tests/filesys/extended/dir-under-file.d
gcc -m32  -Wl,--build-id=none -nostdlib -static -Wl,-T,../../lib/user/user.lds tests/filesys/extended/dir-under-file.o tests/lib.o tests/filesys/seq-test.o tests/main.o lib/user/entry.o libc.a -o tests/filesys/extended/dir-under-file
rm -f tmp.dsk
pintos-mkdisk tmp.dsk --filesys-size=2
pintos -v -k -T 60 --qemu  --disk=tmp.dsk -p tests/filesys/extended/dir-under-file -a dir-under-file -p tests/filesys/extended/tar -a tar -- -q  -f run dir-under-file < /dev/null 2> tests/filesys/extended/dir-under-file.errors > tests/filesys/extended/dir-under-file.output
pintos -v -k -T 60  --qemu --disk=tmp.dsk -g fs.tar -a tests/filesys/extended/dir-under-file.tar -- -q  run 'tar fs.tar /' < /dev/null 2> tests/filesys/extended/dir-under-file-persistence.errors > tests/filesys/extended/dir-under-file-persistence.output
rm -f tmp.dsk
perl -I../.. ../../tests/filesys/extended/dir-under-file.ck tests/filesys/extended/dir-under-file tests/filesys/extended/dir-under-file.result
FAIL tests/filesys/extended/dir-under-file
Test output failed to match any acceptable form.

Acceptable output:
  (dir-under-file) begin
  (dir-under-file) create "abc"
  (dir-under-file) mkdir "abc" (must return false)
  (dir-under-file) end
Differences in `diff -u' format:
  (dir-under-file) begin
  (dir-under-file) create "abc"
  (dir-under-file) mkdir "abc" (must return false)
- (dir-under-file) end

(Process exit codes are excluded for matching purposes.)
gcc -m32 -c ../../tests/filesys/extended/dir-vine.c -o tests/filesys/extended/dir-vine.o -g -msoft-float -O -march=i686 -fno-stack-protector -nostdinc -I../.. -I../../lib -I../../lib/user -I. -Wall -W -Wstrict-prototypes -Wmissing-prototypes -Wsystem-headers  -MMD -MF tests/filesys/extended/dir-vine.d
gcc -m32  -Wl,--build-id=none -nostdlib -static -Wl,-T,../../lib/user/user.lds tests/filesys/extended/dir-vine.o tests/lib.o tests/filesys/seq-test.o tests/main.o lib/user/entry.o libc.a -o tests/filesys/extended/dir-vine
rm -f tmp.dsk
pintos-mkdisk tmp.dsk --filesys-size=2
pintos -v -k -T 150 --qemu  --disk=tmp.dsk -p tests/filesys/extended/dir-vine -a dir-vine -p tests/filesys/extended/tar -a tar -- -q  -f run dir-vine < /dev/null 2> tests/filesys/extended/dir-vine.errors > tests/filesys/extended/dir-vine.output
pintos -v -k -T 60  --qemu --disk=tmp.dsk -g fs.tar -a tests/filesys/extended/dir-vine.tar -- -q  run 'tar fs.tar /' < /dev/null 2> tests/filesys/extended/dir-vine-persistence.errors > tests/filesys/extended/dir-vine-persistence.output
rm -f tmp.dsk
perl -I../.. ../../tests/filesys/extended/dir-vine.ck tests/filesys/extended/dir-vine tests/filesys/extended/dir-vine.result
FAIL tests/filesys/extended/dir-vine
Test output failed to match any acceptable form.

Acceptable output:
  (dir-vine) begin
  (dir-vine) creating many levels of files and directories...
  (dir-vine) removing all but top 10 levels of files and directories...
  (dir-vine) end
Differences in `diff -u' format:
  (dir-vine) begin
  (dir-vine) creating many levels of files and directories...
- (dir-vine) removing all but top 10 levels of files and directories...
- (dir-vine) end

(Process exit codes are excluded for matching purposes.)
gcc -m32 -c ../../tests/filesys/extended/grow-create.c -o tests/filesys/extended/grow-create.o -g -msoft-float -O -march=i686 -fno-stack-protector -nostdinc -I../.. -I../../lib -I../../lib/user -I. -Wall -W -Wstrict-prototypes -Wmissing-prototypes -Wsystem-headers  -MMD -MF tests/filesys/extended/grow-create.d
gcc -m32  -Wl,--build-id=none -nostdlib -static -Wl,-T,../../lib/user/user.lds tests/filesys/extended/grow-create.o tests/lib.o tests/filesys/seq-test.o tests/main.o lib/user/entry.o libc.a -o tests/filesys/extended/grow-create
rm -f tmp.dsk
pintos-mkdisk tmp.dsk --filesys-size=2
pintos -v -k -T 60 --qemu  --disk=tmp.dsk -p tests/filesys/extended/grow-create -a grow-create -p tests/filesys/extended/tar -a tar -- -q  -f run grow-create < /dev/null 2> tests/filesys/extended/grow-create.errors > tests/filesys/extended/grow-create.output
pintos -v -k -T 60  --qemu --disk=tmp.dsk -g fs.tar -a tests/filesys/extended/grow-create.tar -- -q  run 'tar fs.tar /' < /dev/null 2> tests/filesys/extended/grow-create-persistence.errors > tests/filesys/extended/grow-create-persistence.output
rm -f tmp.dsk
perl -I../.. ../../tests/filesys/extended/grow-create.ck tests/filesys/extended/grow-create tests/filesys/extended/grow-create.result
pass tests/filesys/extended/grow-create
gcc -m32 -c ../../tests/filesys/extended/grow-dir-lg.c -o tests/filesys/extended/grow-dir-lg.o -g -msoft-float -O -march=i686 -fno-stack-protector -nostdinc -I../.. -I../../lib -I../../lib/user -I. -Wall -W -Wstrict-prototypes -Wmissing-prototypes -Wsystem-headers  -MMD -MF tests/filesys/extended/grow-dir-lg.d
gcc -m32  -Wl,--build-id=none -nostdlib -static -Wl,-T,../../lib/user/user.lds tests/filesys/extended/grow-dir-lg.o tests/lib.o tests/filesys/seq-test.o tests/main.o lib/user/entry.o libc.a -o tests/filesys/extended/grow-dir-lg
rm -f tmp.dsk
pintos-mkdisk tmp.dsk --filesys-size=2
pintos -v -k -T 60 --qemu  --disk=tmp.dsk -p tests/filesys/extended/grow-dir-lg -a grow-dir-lg -p tests/filesys/extended/tar -a tar -- -q  -f run grow-dir-lg < /dev/null 2> tests/filesys/extended/grow-dir-lg.errors > tests/filesys/extended/grow-dir-lg.output
pintos -v -k -T 60  --qemu --disk=tmp.dsk -g fs.tar -a tests/filesys/extended/grow-dir-lg.tar -- -q  run 'tar fs.tar /' < /dev/null 2> tests/filesys/extended/grow-dir-lg-persistence.errors > tests/filesys/extended/grow-dir-lg-persistence.output
rm -f tmp.dsk
perl -I../.. ../../tests/filesys/extended/grow-dir-lg.ck tests/filesys/extended/grow-dir-lg tests/filesys/extended/grow-dir-lg.result
FAIL tests/filesys/extended/grow-dir-lg
Test output failed to match any acceptable form.

Acceptable output:
  (grow-dir-lg) begin
  (grow-dir-lg) mkdir /x
  (grow-dir-lg) creating and checking "/x/file0"
  (grow-dir-lg) creating and checking "/x/file1"
  (grow-dir-lg) creating and checking "/x/file2"
  (grow-dir-lg) creating and checking "/x/file3"
  (grow-dir-lg) creating and checking "/x/file4"
  (grow-dir-lg) creating and checking "/x/file5"
  (grow-dir-lg) creating and checking "/x/file6"
  (grow-dir-lg) creating and checking "/x/file7"
  (grow-dir-lg) creating and checking "/x/file8"
  (grow-dir-lg) creating and checking "/x/file9"
  (grow-dir-lg) creating and checking "/x/file10"
  (grow-dir-lg) creating and checking "/x/file11"
  (grow-dir-lg) creating and checking "/x/file12"
  (grow-dir-lg) creating and checking "/x/file13"
  (grow-dir-lg) creating and checking "/x/file14"
  (grow-dir-lg) creating and checking "/x/file15"
  (grow-dir-lg) creating and checking "/x/file16"
  (grow-dir-lg) creating and checking "/x/file17"
  (grow-dir-lg) creating and checking "/x/file18"
  (grow-dir-lg) creating and checking "/x/file19"
  (grow-dir-lg) creating and checking "/x/file20"
  (grow-dir-lg) creating and checking "/x/file21"
  (grow-dir-lg) creating and checking "/x/file22"
  (grow-dir-lg) creating and checking "/x/file23"
  (grow-dir-lg) creating and checking "/x/file24"
  (grow-dir-lg) creating and checking "/x/file25"
  (grow-dir-lg) creating and checking "/x/file26"
  (grow-dir-lg) creating and checking "/x/file27"
  (grow-dir-lg) creating and checking "/x/file28"
  (grow-dir-lg) creating and checking "/x/file29"
  (grow-dir-lg) creating and checking "/x/file30"
  (grow-dir-lg) creating and checking "/x/file31"
  (grow-dir-lg) creating and checking "/x/file32"
  (grow-dir-lg) creating and checking "/x/file33"
  (grow-dir-lg) creating and checking "/x/file34"
  (grow-dir-lg) creating and checking "/x/file35"
  (grow-dir-lg) creating and checking "/x/file36"
  (grow-dir-lg) creating and checking "/x/file37"
  (grow-dir-lg) creating and checking "/x/file38"
  (grow-dir-lg) creating and checking "/x/file39"
  (grow-dir-lg) creating and checking "/x/file40"
  (grow-dir-lg) creating and checking "/x/file41"
  (grow-dir-lg) creating and checking "/x/file42"
  (grow-dir-lg) creating and checking "/x/file43"
  (grow-dir-lg) creating and checking "/x/file44"
  (grow-dir-lg) creating and checking "/x/file45"
  (grow-dir-lg) creating and checking "/x/file46"
  (grow-dir-lg) creating and checking "/x/file47"
  (grow-dir-lg) creating and checking "/x/file48"
  (grow-dir-lg) creating and checking "/x/file49"
  (grow-dir-lg) end
Differences in `diff -u' format:
  (grow-dir-lg) begin
  (grow-dir-lg) mkdir /x
- (grow-dir-lg) creating and checking "/x/file0"
- (grow-dir-lg) creating and checking "/x/file1"
- (grow-dir-lg) creating and checking "/x/file2"
- (grow-dir-lg) creating and checking "/x/file3"
- (grow-dir-lg) creating and checking "/x/file4"
- (grow-dir-lg) creating and checking "/x/file5"
- (grow-dir-lg) creating and checking "/x/file6"
- (grow-dir-lg) creating and checking "/x/file7"
- (grow-dir-lg) creating and checking "/x/file8"
- (grow-dir-lg) creating and checking "/x/file9"
- (grow-dir-lg) creating and checking "/x/file10"
- (grow-dir-lg) creating and checking "/x/file11"
- (grow-dir-lg) creating and checking "/x/file12"
- (grow-dir-lg) creating and checking "/x/file13"
- (grow-dir-lg) creating and checking "/x/file14"
- (grow-dir-lg) creating and checking "/x/file15"
- (grow-dir-lg) creating and checking "/x/file16"
- (grow-dir-lg) creating and checking "/x/file17"
- (grow-dir-lg) creating and checking "/x/file18"
- (grow-dir-lg) creating and checking "/x/file19"
- (grow-dir-lg) creating and checking "/x/file20"
- (grow-dir-lg) creating and checking "/x/file21"
- (grow-dir-lg) creating and checking "/x/file22"
- (grow-dir-lg) creating and checking "/x/file23"
- (grow-dir-lg) creating and checking "/x/file24"
- (grow-dir-lg) creating and checking "/x/file25"
- (grow-dir-lg) creating and checking "/x/file26"
- (grow-dir-lg) creating and checking "/x/file27"
- (grow-dir-lg) creating and checking "/x/file28"
- (grow-dir-lg) creating and checking "/x/file29"
- (grow-dir-lg) creating and checking "/x/file30"
- (grow-dir-lg) creating and checking "/x/file31"
- (grow-dir-lg) creating and checking "/x/file32"
- (grow-dir-lg) creating and checking "/x/file33"
- (grow-dir-lg) creating and checking "/x/file34"
- (grow-dir-lg) creating and checking "/x/file35"
- (grow-dir-lg) creating and checking "/x/file36"
- (grow-dir-lg) creating and checking "/x/file37"
- (grow-dir-lg) creating and checking "/x/file38"
- (grow-dir-lg) creating and checking "/x/file39"
- (grow-dir-lg) creating and checking "/x/file40"
- (grow-dir-lg) creating and checking "/x/file41"
- (grow-dir-lg) creating and checking "/x/file42"
- (grow-dir-lg) creating and checking "/x/file43"
- (grow-dir-lg) creating and checking "/x/file44"
- (grow-dir-lg) creating and checking "/x/file45"
- (grow-dir-lg) creating and checking "/x/file46"
- (grow-dir-lg) creating and checking "/x/file47"
- (grow-dir-lg) creating and checking "/x/file48"
- (grow-dir-lg) creating and checking "/x/file49"
- (grow-dir-lg) end

(Process exit codes are excluded for matching purposes.)
gcc -m32 -c ../../tests/filesys/extended/grow-file-size.c -o tests/filesys/extended/grow-file-size.o -g -msoft-float -O -march=i686 -fno-stack-protector -nostdinc -I../.. -I../../lib -I../../lib/user -I. -Wall -W -Wstrict-prototypes -Wmissing-prototypes -Wsystem-headers  -MMD -MF tests/filesys/extended/grow-file-size.d
gcc -m32  -Wl,--build-id=none -nostdlib -static -Wl,-T,../../lib/user/user.lds tests/filesys/extended/grow-file-size.o tests/lib.o tests/filesys/seq-test.o tests/main.o lib/user/entry.o libc.a -o tests/filesys/extended/grow-file-size
rm -f tmp.dsk
pintos-mkdisk tmp.dsk --filesys-size=2
pintos -v -k -T 60 --qemu  --disk=tmp.dsk -p tests/filesys/extended/grow-file-size -a grow-file-size -p tests/filesys/extended/tar -a tar -- -q  -f run grow-file-size < /dev/null 2> tests/filesys/extended/grow-file-size.errors > tests/filesys/extended/grow-file-size.output
pintos -v -k -T 60  --qemu --disk=tmp.dsk -g fs.tar -a tests/filesys/extended/grow-file-size.tar -- -q  run 'tar fs.tar /' < /dev/null 2> tests/filesys/extended/grow-file-size-persistence.errors > tests/filesys/extended/grow-file-size-persistence.output
rm -f tmp.dsk
perl -I../.. ../../tests/filesys/extended/grow-file-size.ck tests/filesys/extended/grow-file-size tests/filesys/extended/grow-file-size.result
FAIL tests/filesys/extended/grow-file-size
run: write 37 bytes at offset 0 in "testfile" failed: FAILED
gcc -m32 -c ../../tests/filesys/extended/grow-root-lg.c -o tests/filesys/extended/grow-root-lg.o -g -msoft-float -O -march=i686 -fno-stack-protector -nostdinc -I../.. -I../../lib -I../../lib/user -I. -Wall -W -Wstrict-prototypes -Wmissing-prototypes -Wsystem-headers  -MMD -MF tests/filesys/extended/grow-root-lg.d
gcc -m32  -Wl,--build-id=none -nostdlib -static -Wl,-T,../../lib/user/user.lds tests/filesys/extended/grow-root-lg.o tests/lib.o tests/filesys/seq-test.o tests/main.o lib/user/entry.o libc.a -o tests/filesys/extended/grow-root-lg
rm -f tmp.dsk
pintos-mkdisk tmp.dsk --filesys-size=2
pintos -v -k -T 60 --qemu  --disk=tmp.dsk -p tests/filesys/extended/grow-root-lg -a grow-root-lg -p tests/filesys/extended/tar -a tar -- -q  -f run grow-root-lg < /dev/null 2> tests/filesys/extended/grow-root-lg.errors > tests/filesys/extended/grow-root-lg.output
pintos -v -k -T 60  --qemu --disk=tmp.dsk -g fs.tar -a tests/filesys/extended/grow-root-lg.tar -- -q  run 'tar fs.tar /' < /dev/null 2> tests/filesys/extended/grow-root-lg-persistence.errors > tests/filesys/extended/grow-root-lg-persistence.output
rm -f tmp.dsk
perl -I../.. ../../tests/filesys/extended/grow-root-lg.ck tests/filesys/extended/grow-root-lg tests/filesys/extended/grow-root-lg.result
FAIL tests/filesys/extended/grow-root-lg
run: create "file14": FAILED
gcc -m32 -c ../../tests/filesys/extended/grow-root-sm.c -o tests/filesys/extended/grow-root-sm.o -g -msoft-float -O -march=i686 -fno-stack-protector -nostdinc -I../.. -I../../lib -I../../lib/user -I. -Wall -W -Wstrict-prototypes -Wmissing-prototypes -Wsystem-headers  -MMD -MF tests/filesys/extended/grow-root-sm.d
gcc -m32  -Wl,--build-id=none -nostdlib -static -Wl,-T,../../lib/user/user.lds tests/filesys/extended/grow-root-sm.o tests/lib.o tests/filesys/seq-test.o tests/main.o lib/user/entry.o libc.a -o tests/filesys/extended/grow-root-sm
rm -f tmp.dsk
pintos-mkdisk tmp.dsk --filesys-size=2
pintos -v -k -T 60 --qemu  --disk=tmp.dsk -p tests/filesys/extended/grow-root-sm -a grow-root-sm -p tests/filesys/extended/tar -a tar -- -q  -f run grow-root-sm < /dev/null 2> tests/filesys/extended/grow-root-sm.errors > tests/filesys/extended/grow-root-sm.output
pintos -v -k -T 60  --qemu --disk=tmp.dsk -g fs.tar -a tests/filesys/extended/grow-root-sm.tar -- -q  run 'tar fs.tar /' < /dev/null 2> tests/filesys/extended/grow-root-sm-persistence.errors > tests/filesys/extended/grow-root-sm-persistence.output
rm -f tmp.dsk
perl -I../.. ../../tests/filesys/extended/grow-root-sm.ck tests/filesys/extended/grow-root-sm tests/filesys/extended/grow-root-sm.result
FAIL tests/filesys/extended/grow-root-sm
run: create "file14": FAILED
gcc -m32 -c ../../tests/filesys/extended/grow-seq-lg.c -o tests/filesys/extended/grow-seq-lg.o -g -msoft-float -O -march=i686 -fno-stack-protector -nostdinc -I../.. -I../../lib -I../../lib/user -I. -Wall -W -Wstrict-prototypes -Wmissing-prototypes -Wsystem-headers  -MMD -MF tests/filesys/extended/grow-seq-lg.d
gcc -m32  -Wl,--build-id=none -nostdlib -static -Wl,-T,../../lib/user/user.lds tests/filesys/extended/grow-seq-lg.o tests/lib.o tests/filesys/seq-test.o tests/main.o lib/user/entry.o libc.a -o tests/filesys/extended/grow-seq-lg
rm -f tmp.dsk
pintos-mkdisk tmp.dsk --filesys-size=2
pintos -v -k -T 60 --qemu  --disk=tmp.dsk -p tests/filesys/extended/grow-seq-lg -a grow-seq-lg -p tests/filesys/extended/tar -a tar -- -q  -f run grow-seq-lg < /dev/null 2> tests/filesys/extended/grow-seq-lg.errors > tests/filesys/extended/grow-seq-lg.output
pintos -v -k -T 60  --qemu --disk=tmp.dsk -g fs.tar -a tests/filesys/extended/grow-seq-lg.tar -- -q  run 'tar fs.tar /' < /dev/null 2> tests/filesys/extended/grow-seq-lg-persistence.errors > tests/filesys/extended/grow-seq-lg-persistence.output
rm -f tmp.dsk
perl -I../.. ../../tests/filesys/extended/grow-seq-lg.ck tests/filesys/extended/grow-seq-lg tests/filesys/extended/grow-seq-lg.result
FAIL tests/filesys/extended/grow-seq-lg
run: write 1234 bytes at offset 0 in "testme" failed: FAILED
gcc -m32 -c ../../tests/filesys/extended/grow-seq-sm.c -o tests/filesys/extended/grow-seq-sm.o -g -msoft-float -O -march=i686 -fno-stack-protector -nostdinc -I../.. -I../../lib -I../../lib/user -I. -Wall -W -Wstrict-prototypes -Wmissing-prototypes -Wsystem-headers  -MMD -MF tests/filesys/extended/grow-seq-sm.d
gcc -m32  -Wl,--build-id=none -nostdlib -static -Wl,-T,../../lib/user/user.lds tests/filesys/extended/grow-seq-sm.o tests/lib.o tests/filesys/seq-test.o tests/main.o lib/user/entry.o libc.a -o tests/filesys/extended/grow-seq-sm
rm -f tmp.dsk
pintos-mkdisk tmp.dsk --filesys-size=2
pintos -v -k -T 60 --qemu  --disk=tmp.dsk -p tests/filesys/extended/grow-seq-sm -a grow-seq-sm -p tests/filesys/extended/tar -a tar -- -q  -f run grow-seq-sm < /dev/null 2> tests/filesys/extended/grow-seq-sm.errors > tests/filesys/extended/grow-seq-sm.output
pintos -v -k -T 60  --qemu --disk=tmp.dsk -g fs.tar -a tests/filesys/extended/grow-seq-sm.tar -- -q  run 'tar fs.tar /' < /dev/null 2> tests/filesys/extended/grow-seq-sm-persistence.errors > tests/filesys/extended/grow-seq-sm-persistence.output
rm -f tmp.dsk
perl -I../.. ../../tests/filesys/extended/grow-seq-sm.ck tests/filesys/extended/grow-seq-sm tests/filesys/extended/grow-seq-sm.result
FAIL tests/filesys/extended/grow-seq-sm
run: write 1234 bytes at offset 0 in "testme" failed: FAILED
gcc -m32 -c ../../tests/filesys/extended/grow-sparse.c -o tests/filesys/extended/grow-sparse.o -g -msoft-float -O -march=i686 -fno-stack-protector -nostdinc -I../.. -I../../lib -I../../lib/user -I. -Wall -W -Wstrict-prototypes -Wmissing-prototypes -Wsystem-headers  -MMD -MF tests/filesys/extended/grow-sparse.d
gcc -m32  -Wl,--build-id=none -nostdlib -static -Wl,-T,../../lib/user/user.lds tests/filesys/extended/grow-sparse.o tests/lib.o tests/filesys/seq-test.o tests/main.o lib/user/entry.o libc.a -o tests/filesys/extended/grow-sparse
rm -f tmp.dsk
pintos-mkdisk tmp.dsk --filesys-size=2
pintos -v -k -T 60 --qemu  --disk=tmp.dsk -p tests/filesys/extended/grow-sparse -a grow-sparse -p tests/filesys/extended/tar -a tar -- -q  -f run grow-sparse < /dev/null 2> tests/filesys/extended/grow-sparse.errors > tests/filesys/extended/grow-sparse.output
pintos -v -k -T 60  --qemu --disk=tmp.dsk -g fs.tar -a tests/filesys/extended/grow-sparse.tar -- -q  run 'tar fs.tar /' < /dev/null 2> tests/filesys/extended/grow-sparse-persistence.errors > tests/filesys/extended/grow-sparse-persistence.output
rm -f tmp.dsk
perl -I../.. ../../tests/filesys/extended/grow-sparse.ck tests/filesys/extended/grow-sparse tests/filesys/extended/grow-sparse.result
FAIL tests/filesys/extended/grow-sparse
run: write "testfile": FAILED
gcc -m32 -c ../../tests/filesys/extended/grow-tell.c -o tests/filesys/extended/grow-tell.o -g -msoft-float -O -march=i686 -fno-stack-protector -nostdinc -I../.. -I../../lib -I../../lib/user -I. -Wall -W -Wstrict-prototypes -Wmissing-prototypes -Wsystem-headers  -MMD -MF tests/filesys/extended/grow-tell.d
gcc -m32  -Wl,--build-id=none -nostdlib -static -Wl,-T,../../lib/user/user.lds tests/filesys/extended/grow-tell.o tests/lib.o tests/filesys/seq-test.o tests/main.o lib/user/entry.o libc.a -o tests/filesys/extended/grow-tell
rm -f tmp.dsk
pintos-mkdisk tmp.dsk --filesys-size=2
pintos -v -k -T 60 --qemu  --disk=tmp.dsk -p tests/filesys/extended/grow-tell -a grow-tell -p tests/filesys/extended/tar -a tar -- -q  -f run grow-tell < /dev/null 2> tests/filesys/extended/grow-tell.errors > tests/filesys/extended/grow-tell.output
pintos -v -k -T 60  --qemu --disk=tmp.dsk -g fs.tar -a tests/filesys/extended/grow-tell.tar -- -q  run 'tar fs.tar /' < /dev/null 2> tests/filesys/extended/grow-tell-persistence.errors > tests/filesys/extended/grow-tell-persistence.output
rm -f tmp.dsk
perl -I../.. ../../tests/filesys/extended/grow-tell.ck tests/filesys/extended/grow-tell tests/filesys/extended/grow-tell.result
FAIL tests/filesys/extended/grow-tell
run: write 37 bytes at offset 0 in "foobar" failed: FAILED
gcc -m32 -c ../../tests/filesys/extended/grow-two-files.c -o tests/filesys/extended/grow-two-files.o -g -msoft-float -O -march=i686 -fno-stack-protector -nostdinc -I../.. -I../../lib -I../../lib/user -I. -Wall -W -Wstrict-prototypes -Wmissing-prototypes -Wsystem-headers  -MMD -MF tests/filesys/extended/grow-two-files.d
gcc -m32  -Wl,--build-id=none -nostdlib -static -Wl,-T,../../lib/user/user.lds tests/filesys/extended/grow-two-files.o tests/lib.o tests/filesys/seq-test.o tests/main.o lib/user/entry.o libc.a -o tests/filesys/extended/grow-two-files
rm -f tmp.dsk
pintos-mkdisk tmp.dsk --filesys-size=2
pintos -v -k -T 60 --qemu  --disk=tmp.dsk -p tests/filesys/extended/grow-two-files -a grow-two-files -p tests/filesys/extended/tar -a tar -- -q  -f run grow-two-files < /dev/null 2> tests/filesys/extended/grow-two-files.errors > tests/filesys/extended/grow-two-files.output
pintos -v -k -T 60  --qemu --disk=tmp.dsk -g fs.tar -a tests/filesys/extended/grow-two-files.tar -- -q  run 'tar fs.tar /' < /dev/null 2> tests/filesys/extended/grow-two-files-persistence.errors > tests/filesys/extended/grow-two-files-persistence.output
rm -f tmp.dsk
perl -I../.. ../../tests/filesys/extended/grow-two-files.ck tests/filesys/extended/grow-two-files tests/filesys/extended/grow-two-files.result
FAIL tests/filesys/extended/grow-two-files
run: write 250 bytes at offset 0 in "a" returned 0: FAILED
gcc -m32 -c ../../tests/filesys/extended/syn-rw.c -o tests/filesys/extended/syn-rw.o -g -msoft-float -O -march=i686 -fno-stack-protector -nostdinc -I../.. -I../../lib -I../../lib/user -I. -Wall -W -Wstrict-prototypes -Wmissing-prototypes -Wsystem-headers  -MMD -MF tests/filesys/extended/syn-rw.d
gcc -m32  -Wl,--build-id=none -nostdlib -static -Wl,-T,../../lib/user/user.lds tests/filesys/extended/syn-rw.o tests/lib.o tests/filesys/seq-test.o tests/main.o lib/user/entry.o libc.a -o tests/filesys/extended/syn-rw
gcc -m32 -c ../../tests/filesys/extended/child-syn-rw.c -o tests/filesys/extended/child-syn-rw.o -g -msoft-float -O -march=i686 -fno-stack-protector -nostdinc -I../.. -I../../lib -I../../lib/user -I. -Wall -W -Wstrict-prototypes -Wmissing-prototypes -Wsystem-headers  -MMD -MF tests/filesys/extended/child-syn-rw.d
gcc -m32  -Wl,--build-id=none -nostdlib -static -Wl,-T,../../lib/user/user.lds tests/filesys/extended/child-syn-rw.o tests/lib.o tests/filesys/seq-test.o lib/user/entry.o libc.a -o tests/filesys/extended/child-syn-rw
rm -f tmp.dsk
pintos-mkdisk tmp.dsk --filesys-size=2
pintos -v -k -T 60 --qemu  --disk=tmp.dsk -p tests/filesys/extended/syn-rw -a syn-rw -p tests/filesys/extended/tar -a tar -p tests/filesys/extended/child-syn-rw -a child-syn-rw -- -q  -f run syn-rw < /dev/null 2> tests/filesys/extended/syn-rw.errors > tests/filesys/extended/syn-rw.output
pintos -v -k -T 60  --qemu --disk=tmp.dsk -g fs.tar -a tests/filesys/extended/syn-rw.tar -- -q  run 'tar fs.tar /' < /dev/null 2> tests/filesys/extended/syn-rw-persistence.errors > tests/filesys/extended/syn-rw-persistence.output
rm -f tmp.dsk
perl -I../.. ../../tests/filesys/extended/syn-rw.ck tests/filesys/extended/syn-rw tests/filesys/extended/syn-rw.result
FAIL tests/filesys/extended/syn-rw
run: write 8 bytes at offset 0 in "logfile": FAILED
perl -I../.. ../../tests/filesys/extended/dir-empty-name-persistence.ck tests/filesys/extended/dir-empty-name-persistence tests/filesys/extended/dir-empty-name-persistence.result
FAIL tests/filesys/extended/dir-empty-name-persistence
Prerequisite test tests/filesys/extended/dir-empty-name failed.
perl -I../.. ../../tests/filesys/extended/dir-mk-tree-persistence.ck tests/filesys/extended/dir-mk-tree-persistence tests/filesys/extended/dir-mk-tree-persistence.result
FAIL tests/filesys/extended/dir-mk-tree-persistence
Prerequisite test tests/filesys/extended/dir-mk-tree failed.
perl -I../.. ../../tests/filesys/extended/dir-mkdir-persistence.ck tests/filesys/extended/dir-mkdir-persistence tests/filesys/extended/dir-mkdir-persistence.result
FAIL tests/filesys/extended/dir-mkdir-persistence
Prerequisite test tests/filesys/extended/dir-mkdir failed.
perl -I../.. ../../tests/filesys/extended/dir-open-persistence.ck tests/filesys/extended/dir-open-persistence tests/filesys/extended/dir-open-persistence.result
FAIL tests/filesys/extended/dir-open-persistence
Prerequisite test tests/filesys/extended/dir-open failed.
perl -I../.. ../../tests/filesys/extended/dir-over-file-persistence.ck tests/filesys/extended/dir-over-file-persistence tests/filesys/extended/dir-over-file-persistence.result
FAIL tests/filesys/extended/dir-over-file-persistence
Prerequisite test tests/filesys/extended/dir-over-file failed.
perl -I../.. ../../tests/filesys/extended/dir-rm-cwd-persistence.ck tests/filesys/extended/dir-rm-cwd-persistence tests/filesys/extended/dir-rm-cwd-persistence.result
FAIL tests/filesys/extended/dir-rm-cwd-persistence
Prerequisite test tests/filesys/extended/dir-rm-cwd failed.
perl -I../.. ../../tests/filesys/extended/dir-rm-parent-persistence.ck tests/filesys/extended/dir-rm-parent-persistence tests/filesys/extended/dir-rm-parent-persistence.result
FAIL tests/filesys/extended/dir-rm-parent-persistence
Prerequisite test tests/filesys/extended/dir-rm-parent failed.
perl -I../.. ../../tests/filesys/extended/dir-rm-root-persistence.ck tests/filesys/extended/dir-rm-root-persistence tests/filesys/extended/dir-rm-root-persistence.result
FAIL tests/filesys/extended/dir-rm-root-persistence
Error extracting file system:
/: open failed
error writing archive
perl -I../.. ../../tests/filesys/extended/dir-rm-tree-persistence.ck tests/filesys/extended/dir-rm-tree-persistence tests/filesys/extended/dir-rm-tree-persistence.result
FAIL tests/filesys/extended/dir-rm-tree-persistence
Prerequisite test tests/filesys/extended/dir-rm-tree failed.
perl -I../.. ../../tests/filesys/extended/dir-rmdir-persistence.ck tests/filesys/extended/dir-rmdir-persistence tests/filesys/extended/dir-rmdir-persistence.result
FAIL tests/filesys/extended/dir-rmdir-persistence
Prerequisite test tests/filesys/extended/dir-rmdir failed.
perl -I../.. ../../tests/filesys/extended/dir-under-file-persistence.ck tests/filesys/extended/dir-under-file-persistence tests/filesys/extended/dir-under-file-persistence.result
FAIL tests/filesys/extended/dir-under-file-persistence
Prerequisite test tests/filesys/extended/dir-under-file failed.
perl -I../.. ../../tests/filesys/extended/dir-vine-persistence.ck tests/filesys/extended/dir-vine-persistence tests/filesys/extended/dir-vine-persistence.result
FAIL tests/filesys/extended/dir-vine-persistence
Prerequisite test tests/filesys/extended/dir-vine failed.
perl -I../.. ../../tests/filesys/extended/grow-create-persistence.ck tests/filesys/extended/grow-create-persistence tests/filesys/extended/grow-create-persistence.result
FAIL tests/filesys/extended/grow-create-persistence
Error extracting file system:
/: open failed
error writing archive
perl -I../.. ../../tests/filesys/extended/grow-dir-lg-persistence.ck tests/filesys/extended/grow-dir-lg-persistence tests/filesys/extended/grow-dir-lg-persistence.result
FAIL tests/filesys/extended/grow-dir-lg-persistence
Prerequisite test tests/filesys/extended/grow-dir-lg failed.
perl -I../.. ../../tests/filesys/extended/grow-file-size-persistence.ck tests/filesys/extended/grow-file-size-persistence tests/filesys/extended/grow-file-size-persistence.result
FAIL tests/filesys/extended/grow-file-size-persistence
Prerequisite test tests/filesys/extended/grow-file-size failed.
perl -I../.. ../../tests/filesys/extended/grow-root-lg-persistence.ck tests/filesys/extended/grow-root-lg-persistence tests/filesys/extended/grow-root-lg-persistence.result
FAIL tests/filesys/extended/grow-root-lg-persistence
Prerequisite test tests/filesys/extended/grow-root-lg failed.
perl -I../.. ../../tests/filesys/extended/grow-root-sm-persistence.ck tests/filesys/extended/grow-root-sm-persistence tests/filesys/extended/grow-root-sm-persistence.result
FAIL tests/filesys/extended/grow-root-sm-persistence
Prerequisite test tests/filesys/extended/grow-root-sm failed.
perl -I../.. ../../tests/filesys/extended/grow-seq-lg-persistence.ck tests/filesys/extended/grow-seq-lg-persistence tests/filesys/extended/grow-seq-lg-persistence.result
FAIL tests/filesys/extended/grow-seq-lg-persistence
Prerequisite test tests/filesys/extended/grow-seq-lg failed.
perl -I../.. ../../tests/filesys/extended/grow-seq-sm-persistence.ck tests/filesys/extended/grow-seq-sm-persistence tests/filesys/extended/grow-seq-sm-persistence.result
FAIL tests/filesys/extended/grow-seq-sm-persistence
Prerequisite test tests/filesys/extended/grow-seq-sm failed.
perl -I../.. ../../tests/filesys/extended/grow-sparse-persistence.ck tests/filesys/extended/grow-sparse-persistence tests/filesys/extended/grow-sparse-persistence.result
FAIL tests/filesys/extended/grow-sparse-persistence
Prerequisite test tests/filesys/extended/grow-sparse failed.
perl -I../.. ../../tests/filesys/extended/grow-tell-persistence.ck tests/filesys/extended/grow-tell-persistence tests/filesys/extended/grow-tell-persistence.result
FAIL tests/filesys/extended/grow-tell-persistence
Prerequisite test tests/filesys/extended/grow-tell failed.
perl -I../.. ../../tests/filesys/extended/grow-two-files-persistence.ck tests/filesys/extended/grow-two-files-persistence tests/filesys/extended/grow-two-files-persistence.result
FAIL tests/filesys/extended/grow-two-files-persistence
Prerequisite test tests/filesys/extended/grow-two-files failed.
perl -I../.. ../../tests/filesys/extended/syn-rw-persistence.ck tests/filesys/extended/syn-rw-persistence tests/filesys/extended/syn-rw-persistence.result
FAIL tests/filesys/extended/syn-rw-persistence
Prerequisite test tests/filesys/extended/syn-rw failed.
../../tests/make-grade ../.. results ../../tests/filesys/Grading.no-vm | tee grade
warning: test tests/userprog/sc-boundary-3 doesn't count for grading
warning: test tests/userprog/exec-bound-2 doesn't count for grading
warning: test tests/userprog/exec-bound doesn't count for grading
warning: test tests/userprog/exec-bound-3 doesn't count for grading
TOTAL TESTING SCORE: 37.4%

- - - - - - - - - - - - - - - - - - - - - - - - - - - - - - - - - - - - - - 

SUMMARY BY TEST SET

Test Set                                      Pts Max  % Ttl  % Max
--------------------------------------------- --- --- ------ ------
tests/filesys/extended/Rubric.functionality     1/ 34   0.9%/ 30.0%
tests/filesys/extended/Rubric.robustness        1/ 10   1.5%/ 15.0%
tests/filesys/extended/Rubric.persistence       0/ 23   0.0%/ 20.0%
tests/filesys/base/Rubric                      30/ 30  20.0%/ 20.0%
tests/userprog/Rubric.functionality           108/108  10.0%/ 10.0%
tests/userprog/Rubric.robustness               88/ 88   5.0%/  5.0%
--------------------------------------------- --- --- ------ ------
Total                                                  37.4%/100.0%

- - - - - - - - - - - - - - - - - - - - - - - - - - - - - - - - - - - - - - 

SUMMARY OF INDIVIDUAL TESTS

Functionality of extended file system (tests/filesys/extended/Rubric.functionality):
	- Test directory support.
	  ** 0/ 1 tests/filesys/extended/dir-mkdir
	  ** 0/ 3 tests/filesys/extended/dir-mk-tree

	  ** 0/ 1 tests/filesys/extended/dir-rmdir
	  ** 0/ 3 tests/filesys/extended/dir-rm-tree

	  ** 0/ 5 tests/filesys/extended/dir-vine

	- Test file growth.
	     1/ 1 tests/filesys/extended/grow-create
	  ** 0/ 1 tests/filesys/extended/grow-seq-sm
	  ** 0/ 3 tests/filesys/extended/grow-seq-lg
	  ** 0/ 3 tests/filesys/extended/grow-sparse
	  ** 0/ 3 tests/filesys/extended/grow-two-files
	  ** 0/ 1 tests/filesys/extended/grow-tell
	  ** 0/ 1 tests/filesys/extended/grow-file-size

	- Test directory growth.
	  ** 0/ 1 tests/filesys/extended/grow-dir-lg
	  ** 0/ 1 tests/filesys/extended/grow-root-sm
	  ** 0/ 1 tests/filesys/extended/grow-root-lg

	- Test writing from multiple processes.
	  ** 0/ 5 tests/filesys/extended/syn-rw

	- Section summary.
	      1/ 16 tests passed
	      1/ 34 points subtotal

Robustness of file system (tests/filesys/extended/Rubric.robustness):
	  ** 0/ 1 tests/filesys/extended/dir-empty-name
	  ** 0/ 1 tests/filesys/extended/dir-open
	  ** 0/ 1 tests/filesys/extended/dir-over-file
	  ** 0/ 1 tests/filesys/extended/dir-under-file

	  ** 0/ 3 tests/filesys/extended/dir-rm-cwd
	  ** 0/ 2 tests/filesys/extended/dir-rm-parent
	     1/ 1 tests/filesys/extended/dir-rm-root

	- Section summary.
	      1/  7 tests passed
	      1/ 10 points subtotal

Persistence of file system (tests/filesys/extended/Rubric.persistence):
	  ** 0/ 1 tests/filesys/extended/dir-empty-name-persistence
	  ** 0/ 1 tests/filesys/extended/dir-mk-tree-persistence
	  ** 0/ 1 tests/filesys/extended/dir-mkdir-persistence
	  ** 0/ 1 tests/filesys/extended/dir-open-persistence
	  ** 0/ 1 tests/filesys/extended/dir-over-file-persistence
	  ** 0/ 1 tests/filesys/extended/dir-rm-cwd-persistence
	  ** 0/ 1 tests/filesys/extended/dir-rm-parent-persistence
	  ** 0/ 1 tests/filesys/extended/dir-rm-root-persistence
	  ** 0/ 1 tests/filesys/extended/dir-rm-tree-persistence
	  ** 0/ 1 tests/filesys/extended/dir-rmdir-persistence
	  ** 0/ 1 tests/filesys/extended/dir-under-file-persistence
	  ** 0/ 1 tests/filesys/extended/dir-vine-persistence
	  ** 0/ 1 tests/filesys/extended/grow-create-persistence
	  ** 0/ 1 tests/filesys/extended/grow-dir-lg-persistence
	  ** 0/ 1 tests/filesys/extended/grow-file-size-persistence
	  ** 0/ 1 tests/filesys/extended/grow-root-lg-persistence
	  ** 0/ 1 tests/filesys/extended/grow-root-sm-persistence
	  ** 0/ 1 tests/filesys/extended/grow-seq-lg-persistence
	  ** 0/ 1 tests/filesys/extended/grow-seq-sm-persistence
	  ** 0/ 1 tests/filesys/extended/grow-sparse-persistence
	  ** 0/ 1 tests/filesys/extended/grow-tell-persistence
	  ** 0/ 1 tests/filesys/extended/grow-two-files-persistence
	  ** 0/ 1 tests/filesys/extended/syn-rw-persistence

	- Section summary.
	      0/ 23 tests passed
	      0/ 23 points subtotal

Functionality of base file system (tests/filesys/base/Rubric):
	- Test basic support for small files.
	     1/ 1 tests/filesys/base/sm-create
	     2/ 2 tests/filesys/base/sm-full
	     2/ 2 tests/filesys/base/sm-random
	     2/ 2 tests/filesys/base/sm-seq-block
	     3/ 3 tests/filesys/base/sm-seq-random

	- Test basic support for large files.
	     1/ 1 tests/filesys/base/lg-create
	     2/ 2 tests/filesys/base/lg-full
	     2/ 2 tests/filesys/base/lg-random
	     2/ 2 tests/filesys/base/lg-seq-block
	     3/ 3 tests/filesys/base/lg-seq-random

	- Test synchronized multiprogram access to files.
	     4/ 4 tests/filesys/base/syn-read
	     4/ 4 tests/filesys/base/syn-write
	     2/ 2 tests/filesys/base/syn-remove

	- Section summary.
	     13/ 13 tests passed
	     30/ 30 points subtotal

Functionality of system calls (tests/userprog/Rubric.functionality):
	- Test argument passing on Pintos command line.
	     3/ 3 tests/userprog/args-none
	     3/ 3 tests/userprog/args-single
	     3/ 3 tests/userprog/args-multiple
	     3/ 3 tests/userprog/args-many
	     3/ 3 tests/userprog/args-dbl-space

	- Test "create" system call.
	     3/ 3 tests/userprog/create-empty
	     3/ 3 tests/userprog/create-long
	     3/ 3 tests/userprog/create-normal
	     3/ 3 tests/userprog/create-exists

	- Test "open" system call.
	     3/ 3 tests/userprog/open-missing
	     3/ 3 tests/userprog/open-normal
	     3/ 3 tests/userprog/open-twice

	- Test "read" system call.
	     3/ 3 tests/userprog/read-normal
	     3/ 3 tests/userprog/read-zero

	- Test "write" system call.
	     3/ 3 tests/userprog/write-normal
	     3/ 3 tests/userprog/write-zero

	- Test "close" system call.
	     3/ 3 tests/userprog/close-normal

	- Test "exec" system call.
	     5/ 5 tests/userprog/exec-once
	     5/ 5 tests/userprog/exec-multiple
	     5/ 5 tests/userprog/exec-arg

	- Test "wait" system call.
	     5/ 5 tests/userprog/wait-simple
	     5/ 5 tests/userprog/wait-twice

	- Test "exit" system call.
	     5/ 5 tests/userprog/exit

	- Test "halt" system call.
	     3/ 3 tests/userprog/halt

	- Test recursive execution of user programs.
	    15/15 tests/userprog/multi-recurse

	- Test read-only executable feature.
	     3/ 3 tests/userprog/rox-simple
	     3/ 3 tests/userprog/rox-child
	     3/ 3 tests/userprog/rox-multichild

	- Section summary.
	     28/ 28 tests passed
	    108/108 points subtotal

Robustness of system calls (tests/userprog/Rubric.robustness):
	- Test robustness of file descriptor handling.
	     2/ 2 tests/userprog/close-stdin
	     2/ 2 tests/userprog/close-stdout
	     2/ 2 tests/userprog/close-bad-fd
	     2/ 2 tests/userprog/close-twice
	     2/ 2 tests/userprog/read-bad-fd
	     2/ 2 tests/userprog/read-stdout
	     2/ 2 tests/userprog/write-bad-fd
	     2/ 2 tests/userprog/write-stdin
	     2/ 2 tests/userprog/multi-child-fd

	- Test robustness of pointer handling.
	     3/ 3 tests/userprog/create-bad-ptr
	     3/ 3 tests/userprog/exec-bad-ptr
	     3/ 3 tests/userprog/open-bad-ptr
	     3/ 3 tests/userprog/read-bad-ptr
	     3/ 3 tests/userprog/write-bad-ptr

	- Test robustness of buffer copying across page boundaries.
	     3/ 3 tests/userprog/create-bound
	     3/ 3 tests/userprog/open-boundary
	     3/ 3 tests/userprog/read-boundary
	     3/ 3 tests/userprog/write-boundary

	- Test handling of null pointer and empty strings.
	     2/ 2 tests/userprog/create-null
	     2/ 2 tests/userprog/open-null
	     2/ 2 tests/userprog/open-empty

	- Test robustness of system call implementation.
	     3/ 3 tests/userprog/sc-bad-arg
	     3/ 3 tests/userprog/sc-bad-sp
	     5/ 5 tests/userprog/sc-boundary
	     5/ 5 tests/userprog/sc-boundary-2

	- Test robustness of "exec" and "wait" system calls.
	     5/ 5 tests/userprog/exec-missing
	     5/ 5 tests/userprog/wait-bad-pid
	     5/ 5 tests/userprog/wait-killed

	- Test robustness of exception handling.
	     1/ 1 tests/userprog/bad-read
	     1/ 1 tests/userprog/bad-write
	     1/ 1 tests/userprog/bad-jump
	     1/ 1 tests/userprog/bad-read2
	     1/ 1 tests/userprog/bad-write2
	     1/ 1 tests/userprog/bad-jump2

	- Section summary.
	     34/ 34 tests passed
	     88/ 88 points subtotal


- - - - - - - - - - - - - - - - - - - - - - - - - - - - - - - - - - - - - - 

DETAILS OF tests/filesys/extended/dir-mkdir FAILURE:

Test output failed to match any acceptable form.

Acceptable output:
  (dir-mkdir) begin
  (dir-mkdir) mkdir "a"
  (dir-mkdir) create "a/b"
  (dir-mkdir) chdir "a"
  (dir-mkdir) open "b"
  (dir-mkdir) end
Differences in `diff -u' format:
  (dir-mkdir) begin
  (dir-mkdir) mkdir "a"
- (dir-mkdir) create "a/b"
- (dir-mkdir) chdir "a"
- (dir-mkdir) open "b"
- (dir-mkdir) end

(Process exit codes are excluded for matching purposes.)

OUTPUT FROM tests/filesys/extended/dir-mkdir:

Copying tests/filesys/extended/dir-mkdir to scratch partition...
Copying tests/filesys/extended/tar to scratch partition...
qemu-system-i386 -device isa-debug-exit -hda /tmp/AD35F4kD04.dsk -hdb tmp.dsk -m 4 -net none -nographic -monitor null
PiLo hda1
Loading...........
Kernel command line: -q -f extract run dir-mkdir
Pintos booting with 3,968 kB RAM...
367 pages available in kernel pool.
367 pages available in user pool.
Calibrating timer...  238,387,200 loops/s.
hda: 1,008 sectors (504 kB), model "QM00001", serial "QEMU HARDDISK"
hda1: 181 sectors (90 kB), Pintos OS kernel (20)
hda2: 235 sectors (117 kB), Pintos scratch (22)
hdb: 5,040 sectors (2 MB), model "QM00002", serial "QEMU HARDDISK"
hdb1: 4,096 sectors (2 MB), Pintos file system (21)
filesys: using hdb1
scratch: using hda2
Formatting file system...done.
Boot complete.
Extracting ustar archive from scratch device into file system...
Putting 'dir-mkdir' into the file system...
Putting 'tar' into the file system...
Erasing ustar archive...
Executing 'dir-mkdir':
(dir-mkdir) begin
(dir-mkdir) mkdir "a"
dir-mkdir: exit(-1)
Execution of 'dir-mkdir' complete.
Timer: 109 ticks
Thread: 21 idle ticks, 86 kernel ticks, 2 user ticks
hdb1 (filesys): 92 reads, 476 writes
hda2 (scratch): 234 reads, 2 writes
Console: 1002 characters output
Keyboard: 0 keys pressed
Exception: 0 page faults
Powering off...

- - - - - - - - - - - - - - - - - - - - - - - - - - - - - - - - - - - - - - 

DETAILS OF tests/filesys/extended/dir-mk-tree FAILURE:

Test output failed to match any acceptable form.

Acceptable output:
  (dir-mk-tree) begin
  (dir-mk-tree) creating /0/0/0/0 through /3/2/2/3...
  (dir-mk-tree) open "/0/2/0/3"
  (dir-mk-tree) close "/0/2/0/3"
  (dir-mk-tree) end
Differences in `diff -u' format:
  (dir-mk-tree) begin
  (dir-mk-tree) creating /0/0/0/0 through /3/2/2/3...
- (dir-mk-tree) open "/0/2/0/3"
- (dir-mk-tree) close "/0/2/0/3"
- (dir-mk-tree) end

(Process exit codes are excluded for matching purposes.)

OUTPUT FROM tests/filesys/extended/dir-mk-tree:

Copying tests/filesys/extended/dir-mk-tree to scratch partition...
Copying tests/filesys/extended/tar to scratch partition...
qemu-system-i386 -device isa-debug-exit -hda /tmp/7EPTkKZtzr.dsk -hdb tmp.dsk -m 4 -net none -nographic -monitor null
PiLo hda1
Loading...........
Kernel command line: -q -f extract run dir-mk-tree
Pintos booting with 3,968 kB RAM...
367 pages available in kernel pool.
367 pages available in user pool.
Calibrating timer...  241,254,400 loops/s.
hda: 1,008 sectors (504 kB), model "QM00001", serial "QEMU HARDDISK"
hda1: 181 sectors (90 kB), Pintos OS kernel (20)
hda2: 239 sectors (119 kB), Pintos scratch (22)
hdb: 5,040 sectors (2 MB), model "QM00002", serial "QEMU HARDDISK"
hdb1: 4,096 sectors (2 MB), Pintos file system (21)
filesys: using hdb1
scratch: using hda2
Formatting file system...done.
Boot complete.
Extracting ustar archive from scratch device into file system...
Putting 'dir-mk-tree' into the file system...
Putting 'tar' into the file system...
Erasing ustar archive...
Executing 'dir-mk-tree':
(dir-mk-tree) begin
(dir-mk-tree) creating /0/0/0/0 through /3/2/2/3...
dir-mk-tree: exit(-1)
Execution of 'dir-mk-tree' complete.
Timer: 119 ticks
Thread: 34 idle ticks, 83 kernel ticks, 2 user ticks
hdb1 (filesys): 94 reads, 484 writes
hda2 (scratch): 238 reads, 2 writes
Console: 1044 characters output
Keyboard: 0 keys pressed
Exception: 0 page faults
Powering off...

- - - - - - - - - - - - - - - - - - - - - - - - - - - - - - - - - - - - - - 

DETAILS OF tests/filesys/extended/dir-rmdir FAILURE:

Test output failed to match any acceptable form.

Acceptable output:
  (dir-rmdir) begin
  (dir-rmdir) mkdir "a"
  (dir-rmdir) rmdir "a"
  (dir-rmdir) chdir "a" (must return false)
  (dir-rmdir) end
Differences in `diff -u' format:
  (dir-rmdir) begin
  (dir-rmdir) mkdir "a"
- (dir-rmdir) rmdir "a"
- (dir-rmdir) chdir "a" (must return false)
- (dir-rmdir) end

(Process exit codes are excluded for matching purposes.)

OUTPUT FROM tests/filesys/extended/dir-rmdir:

Copying tests/filesys/extended/dir-rmdir to scratch partition...
Copying tests/filesys/extended/tar to scratch partition...
qemu-system-i386 -device isa-debug-exit -hda /tmp/wBdaXUN2ud.dsk -hdb tmp.dsk -m 4 -net none -nographic -monitor null
PiLo hda1
Loading...........
Kernel command line: -q -f extract run dir-rmdir
Pintos booting with 3,968 kB RAM...
367 pages available in kernel pool.
367 pages available in user pool.
Calibrating timer...  246,169,600 loops/s.
hda: 1,008 sectors (504 kB), model "QM00001", serial "QEMU HARDDISK"
hda1: 181 sectors (90 kB), Pintos OS kernel (20)
hda2: 234 sectors (117 kB), Pintos scratch (22)
hdb: 5,040 sectors (2 MB), model "QM00002", serial "QEMU HARDDISK"
hdb1: 4,096 sectors (2 MB), Pintos file system (21)
filesys: using hdb1
scratch: using hda2
Formatting file system...done.
Boot complete.
Extracting ustar archive from scratch device into file system...
Putting 'dir-rmdir' into the file system...
Putting 'tar' into the file system...
Erasing ustar archive...
Executing 'dir-rmdir':
(dir-rmdir) begin
(dir-rmdir) mkdir "a"
dir-rmdir: exit(-1)
Execution of 'dir-rmdir' complete.
Timer: 105 ticks
Thread: 22 idle ticks, 82 kernel ticks, 1 user ticks
hdb1 (filesys): 90 reads, 474 writes
hda2 (scratch): 233 reads, 2 writes
Console: 1002 characters output
Keyboard: 0 keys pressed
Exception: 0 page faults
Powering off...

- - - - - - - - - - - - - - - - - - - - - - - - - - - - - - - - - - - - - - 

DETAILS OF tests/filesys/extended/dir-rm-tree FAILURE:

Test output failed to match any acceptable form.

Acceptable output:
  (dir-rm-tree) begin
  (dir-rm-tree) creating /0/0/0/0 through /3/2/2/3...
  (dir-rm-tree) open "/0/2/0/3"
  (dir-rm-tree) close "/0/2/0/3"
  (dir-rm-tree) removing /0/0/0/0 through /3/2/2/3...
  (dir-rm-tree) open "/3/0/2/0" (must return -1)
  (dir-rm-tree) end
Differences in `diff -u' format:
  (dir-rm-tree) begin
  (dir-rm-tree) creating /0/0/0/0 through /3/2/2/3...
- (dir-rm-tree) open "/0/2/0/3"
- (dir-rm-tree) close "/0/2/0/3"
- (dir-rm-tree) removing /0/0/0/0 through /3/2/2/3...
- (dir-rm-tree) open "/3/0/2/0" (must return -1)
- (dir-rm-tree) end

(Process exit codes are excluded for matching purposes.)

OUTPUT FROM tests/filesys/extended/dir-rm-tree:

Copying tests/filesys/extended/dir-rm-tree to scratch partition...
Copying tests/filesys/extended/tar to scratch partition...
qemu-system-i386 -device isa-debug-exit -hda /tmp/5AC2IHtxyl.dsk -hdb tmp.dsk -m 4 -net none -nographic -monitor null
PiLo hda1
Loading...........
Kernel command line: -q -f extract run dir-rm-tree
Pintos booting with 3,968 kB RAM...
367 pages available in kernel pool.
367 pages available in user pool.
Calibrating timer...  233,062,400 loops/s.
hda: 1,008 sectors (504 kB), model "QM00001", serial "QEMU HARDDISK"
hda1: 181 sectors (90 kB), Pintos OS kernel (20)
hda2: 244 sectors (122 kB), Pintos scratch (22)
hdb: 5,040 sectors (2 MB), model "QM00002", serial "QEMU HARDDISK"
hdb1: 4,096 sectors (2 MB), Pintos file system (21)
filesys: using hdb1
scratch: using hda2
Formatting file system...done.
Boot complete.
Extracting ustar archive from scratch device into file system...
Putting 'dir-rm-tree' into the file system...
Putting 'tar' into the file system...
Erasing ustar archive...
Executing 'dir-rm-tree':
(dir-rm-tree) begin
(dir-rm-tree) creating /0/0/0/0 through /3/2/2/3...
dir-rm-tree: exit(-1)
Execution of 'dir-rm-tree' complete.
Timer: 108 ticks
Thread: 20 idle ticks, 87 kernel ticks, 1 user ticks
hdb1 (filesys): 96 reads, 494 writes
hda2 (scratch): 243 reads, 2 writes
Console: 1044 characters output
Keyboard: 0 keys pressed
Exception: 0 page faults
Powering off...

- - - - - - - - - - - - - - - - - - - - - - - - - - - - - - - - - - - - - - 

DETAILS OF tests/filesys/extended/dir-vine FAILURE:

Test output failed to match any acceptable form.

Acceptable output:
  (dir-vine) begin
  (dir-vine) creating many levels of files and directories...
  (dir-vine) removing all but top 10 levels of files and directories...
  (dir-vine) end
Differences in `diff -u' format:
  (dir-vine) begin
  (dir-vine) creating many levels of files and directories...
- (dir-vine) removing all but top 10 levels of files and directories...
- (dir-vine) end

(Process exit codes are excluded for matching purposes.)

OUTPUT FROM tests/filesys/extended/dir-vine:

Copying tests/filesys/extended/dir-vine to scratch partition...
Copying tests/filesys/extended/tar to scratch partition...
qemu-system-i386 -device isa-debug-exit -hda /tmp/Bq2wT8wVN0.dsk -hdb tmp.dsk -m 4 -net none -nographic -monitor null
PiLo hda1
Loading...........
Kernel command line: -q -f extract run dir-vine
Pintos booting with 3,968 kB RAM...
367 pages available in kernel pool.
367 pages available in user pool.
Calibrating timer...  222,412,800 loops/s.
hda: 1,008 sectors (504 kB), model "QM00001", serial "QEMU HARDDISK"
hda1: 181 sectors (90 kB), Pintos OS kernel (20)
hda2: 241 sectors (120 kB), Pintos scratch (22)
hdb: 5,040 sectors (2 MB), model "QM00002", serial "QEMU HARDDISK"
hdb1: 4,096 sectors (2 MB), Pintos file system (21)
filesys: using hdb1
scratch: using hda2
Formatting file system...done.
Boot complete.
Extracting ustar archive from scratch device into file system...
Putting 'dir-vine' into the file system...
Putting 'tar' into the file system...
Erasing ustar archive...
Executing 'dir-vine':
(dir-vine) begin
(dir-vine) creating many levels of files and directories...
dir-vine: exit(-1)
Execution of 'dir-vine' complete.
Timer: 110 ticks
Thread: 23 idle ticks, 86 kernel ticks, 1 user ticks
hdb1 (filesys): 96 reads, 488 writes
hda2 (scratch): 240 reads, 2 writes
Console: 1034 characters output
Keyboard: 0 keys pressed
Exception: 0 page faults
Powering off...

- - - - - - - - - - - - - - - - - - - - - - - - - - - - - - - - - - - - - - 

DETAILS OF tests/filesys/extended/grow-seq-sm FAILURE:

run: write 1234 bytes at offset 0 in "testme" failed: FAILED

OUTPUT FROM tests/filesys/extended/grow-seq-sm:

Copying tests/filesys/extended/grow-seq-sm to scratch partition...
Copying tests/filesys/extended/tar to scratch partition...
qemu-system-i386 -device isa-debug-exit -hda /tmp/3ZgePuzMw1.dsk -hdb tmp.dsk -m 4 -net none -nographic -monitor null
PiLo hda1
Loading...........
Kernel command line: -q -f extract run grow-seq-sm
Pintos booting with 3,968 kB RAM...
367 pages available in kernel pool.
367 pages available in user pool.
Calibrating timer...  245,760,000 loops/s.
hda: 1,008 sectors (504 kB), model "QM00001", serial "QEMU HARDDISK"
hda1: 181 sectors (90 kB), Pintos OS kernel (20)
hda2: 234 sectors (117 kB), Pintos scratch (22)
hdb: 5,040 sectors (2 MB), model "QM00002", serial "QEMU HARDDISK"
hdb1: 4,096 sectors (2 MB), Pintos file system (21)
filesys: using hdb1
scratch: using hda2
Formatting file system...done.
Boot complete.
Extracting ustar archive from scratch device into file system...
Putting 'grow-seq-sm' into the file system...
Putting 'tar' into the file system...
Erasing ustar archive...
Executing 'grow-seq-sm':
(grow-seq-sm) begin
(grow-seq-sm) create "testme"
(grow-seq-sm) open "testme"
(grow-seq-sm) writing "testme"
(grow-seq-sm) write 1234 bytes at offset 0 in "testme" failed: FAILED
grow-seq-sm: exit(1)
Execution of 'grow-seq-sm' complete.
Timer: 112 ticks
Thread: 26 idle ticks, 85 kernel ticks, 1 user ticks
hdb1 (filesys): 116 reads, 478 writes
hda2 (scratch): 233 reads, 2 writes
Console: 1151 characters output
Keyboard: 0 keys pressed
Exception: 0 page faults
Powering off...

- - - - - - - - - - - - - - - - - - - - - - - - - - - - - - - - - - - - - - 

DETAILS OF tests/filesys/extended/grow-seq-lg FAILURE:

run: write 1234 bytes at offset 0 in "testme" failed: FAILED

OUTPUT FROM tests/filesys/extended/grow-seq-lg:

Copying tests/filesys/extended/grow-seq-lg to scratch partition...
Copying tests/filesys/extended/tar to scratch partition...
qemu-system-i386 -device isa-debug-exit -hda /tmp/LVahA57SQT.dsk -hdb tmp.dsk -m 4 -net none -nographic -monitor null
PiLo hda1
Loading...........
Kernel command line: -q -f extract run grow-seq-lg
Pintos booting with 3,968 kB RAM...
367 pages available in kernel pool.
367 pages available in user pool.
Calibrating timer...  245,350,400 loops/s.
hda: 1,008 sectors (504 kB), model "QM00001", serial "QEMU HARDDISK"
hda1: 181 sectors (90 kB), Pintos OS kernel (20)
hda2: 234 sectors (117 kB), Pintos scratch (22)
hdb: 5,040 sectors (2 MB), model "QM00002", serial "QEMU HARDDISK"
hdb1: 4,096 sectors (2 MB), Pintos file system (21)
filesys: using hdb1
scratch: using hda2
Formatting file system...done.
Boot complete.
Extracting ustar archive from scratch device into file system...
Putting 'grow-seq-lg' into the file system...
Putting 'tar' into the file system...
Erasing ustar archive...
Executing 'grow-seq-lg':
(grow-seq-lg) begin
(grow-seq-lg) create "testme"
(grow-seq-lg) open "testme"
(grow-seq-lg) writing "testme"
(grow-seq-lg) write 1234 bytes at offset 0 in "testme" failed: FAILED
grow-seq-lg: exit(1)
Execution of 'grow-seq-lg' complete.
Timer: 112 ticks
Thread: 26 idle ticks, 84 kernel ticks, 2 user ticks
hdb1 (filesys): 116 reads, 478 writes
hda2 (scratch): 233 reads, 2 writes
Console: 1151 characters output
Keyboard: 0 keys pressed
Exception: 0 page faults
Powering off...

- - - - - - - - - - - - - - - - - - - - - - - - - - - - - - - - - - - - - - 

DETAILS OF tests/filesys/extended/grow-sparse FAILURE:

run: write "testfile": FAILED

OUTPUT FROM tests/filesys/extended/grow-sparse:

Copying tests/filesys/extended/grow-sparse to scratch partition...
Copying tests/filesys/extended/tar to scratch partition...
qemu-system-i386 -device isa-debug-exit -hda /tmp/ZPslkZOBRX.dsk -hdb tmp.dsk -m 4 -net none -nographic -monitor null
PiLo hda1
Loading...........
Kernel command line: -q -f extract run grow-sparse
Pintos booting with 3,968 kB RAM...
367 pages available in kernel pool.
367 pages available in user pool.
Calibrating timer...  245,760,000 loops/s.
hda: 1,008 sectors (504 kB), model "QM00001", serial "QEMU HARDDISK"
hda1: 181 sectors (90 kB), Pintos OS kernel (20)
hda2: 236 sectors (118 kB), Pintos scratch (22)
hdb: 5,040 sectors (2 MB), model "QM00002", serial "QEMU HARDDISK"
hdb1: 4,096 sectors (2 MB), Pintos file system (21)
filesys: using hdb1
scratch: using hda2
Formatting file system...done.
Boot complete.
Extracting ustar archive from scratch device into file system...
Putting 'grow-sparse' into the file system...
Putting 'tar' into the file system...
Erasing ustar archive...
Executing 'grow-sparse':
(grow-sparse) begin
(grow-sparse) create "testfile"
(grow-sparse) open "testfile"
(grow-sparse) seek "testfile"
(grow-sparse) write "testfile"
(grow-sparse) write "testfile": FAILED
grow-sparse: exit(1)
Execution of 'grow-sparse' complete.
Timer: 117 ticks
Thread: 26 idle ticks, 86 kernel ticks, 5 user ticks
hdb1 (filesys): 118 reads, 482 writes
hda2 (scratch): 235 reads, 2 writes
Console: 1154 characters output
Keyboard: 0 keys pressed
Exception: 0 page faults
Powering off...

- - - - - - - - - - - - - - - - - - - - - - - - - - - - - - - - - - - - - - 

DETAILS OF tests/filesys/extended/grow-two-files FAILURE:

run: write 250 bytes at offset 0 in "a" returned 0: FAILED

OUTPUT FROM tests/filesys/extended/grow-two-files:

Copying tests/filesys/extended/grow-two-files to scratch partition...
Copying tests/filesys/extended/tar to scratch partition...
qemu-system-i386 -device isa-debug-exit -hda /tmp/sIyLw8_31Y.dsk -hdb tmp.dsk -m 4 -net none -nographic -monitor null
PiLo hda1
Loading...........
Kernel command line: -q -f extract run grow-two-files
Pintos booting with 3,968 kB RAM...
367 pages available in kernel pool.
367 pages available in user pool.
Calibrating timer...  244,531,200 loops/s.
hda: 1,008 sectors (504 kB), model "QM00001", serial "QEMU HARDDISK"
hda1: 181 sectors (90 kB), Pintos OS kernel (20)
hda2: 238 sectors (119 kB), Pintos scratch (22)
hdb: 5,040 sectors (2 MB), model "QM00002", serial "QEMU HARDDISK"
hdb1: 4,096 sectors (2 MB), Pintos file system (21)
filesys: using hdb1
scratch: using hda2
Formatting file system...done.
Boot complete.
Extracting ustar archive from scratch device into file system...
Putting 'grow-two-files' into the file system...
Putting 'tar' into the file system...
Erasing ustar archive...
Executing 'grow-two-files':
(grow-two-files) begin
(grow-two-files) create "a"
(grow-two-files) create "b"
(grow-two-files) open "a"
(grow-two-files) open "b"
(grow-two-files) write "a" and "b" alternately
(grow-two-files) write 250 bytes at offset 0 in "a" returned 0: FAILED
grow-two-files: exit(1)
Execution of 'grow-two-files' complete.
Timer: 110 ticks
Thread: 22 idle ticks, 85 kernel ticks, 3 user ticks
hdb1 (filesys): 148 reads, 490 writes
hda2 (scratch): 237 reads, 2 writes
Console: 1236 characters output
Keyboard: 0 keys pressed
Exception: 0 page faults
Powering off...

- - - - - - - - - - - - - - - - - - - - - - - - - - - - - - - - - - - - - - 

DETAILS OF tests/filesys/extended/grow-tell FAILURE:

run: write 37 bytes at offset 0 in "foobar" failed: FAILED

OUTPUT FROM tests/filesys/extended/grow-tell:

Copying tests/filesys/extended/grow-tell to scratch partition...
Copying tests/filesys/extended/tar to scratch partition...
qemu-system-i386 -device isa-debug-exit -hda /tmp/JW5yi3WdVf.dsk -hdb tmp.dsk -m 4 -net none -nographic -monitor null
PiLo hda1
Loading...........
Kernel command line: -q -f extract run grow-tell
Pintos booting with 3,968 kB RAM...
367 pages available in kernel pool.
367 pages available in user pool.
Calibrating timer...  243,712,000 loops/s.
hda: 1,008 sectors (504 kB), model "QM00001", serial "QEMU HARDDISK"
hda1: 181 sectors (90 kB), Pintos OS kernel (20)
hda2: 235 sectors (117 kB), Pintos scratch (22)
hdb: 5,040 sectors (2 MB), model "QM00002", serial "QEMU HARDDISK"
hdb1: 4,096 sectors (2 MB), Pintos file system (21)
filesys: using hdb1
scratch: using hda2
Formatting file system...done.
Boot complete.
Extracting ustar archive from scratch device into file system...
Putting 'grow-tell' into the file system...
Putting 'tar' into the file system...
Erasing ustar archive...
Executing 'grow-tell':
(grow-tell) begin
(grow-tell) create "foobar"
(grow-tell) open "foobar"
(grow-tell) writing "foobar"
(grow-tell) write 37 bytes at offset 0 in "foobar" failed: FAILED
grow-tell: exit(1)
Execution of 'grow-tell' complete.
Timer: 111 ticks
Thread: 27 idle ticks, 82 kernel ticks, 2 user ticks
hdb1 (filesys): 117 reads, 480 writes
hda2 (scratch): 234 reads, 2 writes
Console: 1129 characters output
Keyboard: 0 keys pressed
Exception: 0 page faults
Powering off...

- - - - - - - - - - - - - - - - - - - - - - - - - - - - - - - - - - - - - - 

DETAILS OF tests/filesys/extended/grow-file-size FAILURE:

run: write 37 bytes at offset 0 in "testfile" failed: FAILED

OUTPUT FROM tests/filesys/extended/grow-file-size:

Copying tests/filesys/extended/grow-file-size to scratch partition...
Copying tests/filesys/extended/tar to scratch partition...
qemu-system-i386 -device isa-debug-exit -hda /tmp/RNkJ62OHWG.dsk -hdb tmp.dsk -m 4 -net none -nographic -monitor null
PiLo hda1
Loading...........
Kernel command line: -q -f extract run grow-file-size
Pintos booting with 3,968 kB RAM...
367 pages available in kernel pool.
367 pages available in user pool.
Calibrating timer...  245,760,000 loops/s.
hda: 1,008 sectors (504 kB), model "QM00001", serial "QEMU HARDDISK"
hda1: 181 sectors (90 kB), Pintos OS kernel (20)
hda2: 235 sectors (117 kB), Pintos scratch (22)
hdb: 5,040 sectors (2 MB), model "QM00002", serial "QEMU HARDDISK"
hdb1: 4,096 sectors (2 MB), Pintos file system (21)
filesys: using hdb1
scratch: using hda2
Formatting file system...done.
Boot complete.
Extracting ustar archive from scratch device into file system...
Putting 'grow-file-size' into the file system...
Putting 'tar' into the file system...
Erasing ustar archive...
Executing 'grow-file-size':
(grow-file-size) begin
(grow-file-size) create "testfile"
(grow-file-size) open "testfile"
(grow-file-size) writing "testfile"
(grow-file-size) write 37 bytes at offset 0 in "testfile" failed: FAILED
grow-file-size: exit(1)
Execution of 'grow-file-size' complete.
Timer: 110 ticks
Thread: 24 idle ticks, 86 kernel ticks, 0 user ticks
hdb1 (filesys): 117 reads, 480 writes
hda2 (scratch): 234 reads, 2 writes
Console: 1187 characters output
Keyboard: 0 keys pressed
Exception: 0 page faults
Powering off...

- - - - - - - - - - - - - - - - - - - - - - - - - - - - - - - - - - - - - - 

DETAILS OF tests/filesys/extended/grow-dir-lg FAILURE:

Test output failed to match any acceptable form.

Acceptable output:
  (grow-dir-lg) begin
  (grow-dir-lg) mkdir /x
  (grow-dir-lg) creating and checking "/x/file0"
  (grow-dir-lg) creating and checking "/x/file1"
  (grow-dir-lg) creating and checking "/x/file2"
  (grow-dir-lg) creating and checking "/x/file3"
  (grow-dir-lg) creating and checking "/x/file4"
  (grow-dir-lg) creating and checking "/x/file5"
  (grow-dir-lg) creating and checking "/x/file6"
  (grow-dir-lg) creating and checking "/x/file7"
  (grow-dir-lg) creating and checking "/x/file8"
  (grow-dir-lg) creating and checking "/x/file9"
  (grow-dir-lg) creating and checking "/x/file10"
  (grow-dir-lg) creating and checking "/x/file11"
  (grow-dir-lg) creating and checking "/x/file12"
  (grow-dir-lg) creating and checking "/x/file13"
  (grow-dir-lg) creating and checking "/x/file14"
  (grow-dir-lg) creating and checking "/x/file15"
  (grow-dir-lg) creating and checking "/x/file16"
  (grow-dir-lg) creating and checking "/x/file17"
  (grow-dir-lg) creating and checking "/x/file18"
  (grow-dir-lg) creating and checking "/x/file19"
  (grow-dir-lg) creating and checking "/x/file20"
  (grow-dir-lg) creating and checking "/x/file21"
  (grow-dir-lg) creating and checking "/x/file22"
  (grow-dir-lg) creating and checking "/x/file23"
  (grow-dir-lg) creating and checking "/x/file24"
  (grow-dir-lg) creating and checking "/x/file25"
  (grow-dir-lg) creating and checking "/x/file26"
  (grow-dir-lg) creating and checking "/x/file27"
  (grow-dir-lg) creating and checking "/x/file28"
  (grow-dir-lg) creating and checking "/x/file29"
  (grow-dir-lg) creating and checking "/x/file30"
  (grow-dir-lg) creating and checking "/x/file31"
  (grow-dir-lg) creating and checking "/x/file32"
  (grow-dir-lg) creating and checking "/x/file33"
  (grow-dir-lg) creating and checking "/x/file34"
  (grow-dir-lg) creating and checking "/x/file35"
  (grow-dir-lg) creating and checking "/x/file36"
  (grow-dir-lg) creating and checking "/x/file37"
  (grow-dir-lg) creating and checking "/x/file38"
  (grow-dir-lg) creating and checking "/x/file39"
  (grow-dir-lg) creating and checking "/x/file40"
  (grow-dir-lg) creating and checking "/x/file41"
  (grow-dir-lg) creating and checking "/x/file42"
  (grow-dir-lg) creating and checking "/x/file43"
  (grow-dir-lg) creating and checking "/x/file44"
  (grow-dir-lg) creating and checking "/x/file45"
  (grow-dir-lg) creating and checking "/x/file46"
  (grow-dir-lg) creating and checking "/x/file47"
  (grow-dir-lg) creating and checking "/x/file48"
  (grow-dir-lg) creating and checking "/x/file49"
  (grow-dir-lg) end
Differences in `diff -u' format:
  (grow-dir-lg) begin
  (grow-dir-lg) mkdir /x
- (grow-dir-lg) creating and checking "/x/file0"
- (grow-dir-lg) creating and checking "/x/file1"
- (grow-dir-lg) creating and checking "/x/file2"
- (grow-dir-lg) creating and checking "/x/file3"
- (grow-dir-lg) creating and checking "/x/file4"
- (grow-dir-lg) creating and checking "/x/file5"
- (grow-dir-lg) creating and checking "/x/file6"
- (grow-dir-lg) creating and checking "/x/file7"
- (grow-dir-lg) creating and checking "/x/file8"
- (grow-dir-lg) creating and checking "/x/file9"
- (grow-dir-lg) creating and checking "/x/file10"
- (grow-dir-lg) creating and checking "/x/file11"
- (grow-dir-lg) creating and checking "/x/file12"
- (grow-dir-lg) creating and checking "/x/file13"
- (grow-dir-lg) creating and checking "/x/file14"
- (grow-dir-lg) creating and checking "/x/file15"
- (grow-dir-lg) creating and checking "/x/file16"
- (grow-dir-lg) creating and checking "/x/file17"
- (grow-dir-lg) creating and checking "/x/file18"
- (grow-dir-lg) creating and checking "/x/file19"
- (grow-dir-lg) creating and checking "/x/file20"
- (grow-dir-lg) creating and checking "/x/file21"
- (grow-dir-lg) creating and checking "/x/file22"
- (grow-dir-lg) creating and checking "/x/file23"
- (grow-dir-lg) creating and checking "/x/file24"
- (grow-dir-lg) creating and checking "/x/file25"
- (grow-dir-lg) creating and checking "/x/file26"
- (grow-dir-lg) creating and checking "/x/file27"
- (grow-dir-lg) creating and checking "/x/file28"
- (grow-dir-lg) creating and checking "/x/file29"
- (grow-dir-lg) creating and checking "/x/file30"
- (grow-dir-lg) creating and checking "/x/file31"
- (grow-dir-lg) creating and checking "/x/file32"
- (grow-dir-lg) creating and checking "/x/file33"
- (grow-dir-lg) creating and checking "/x/file34"
- (grow-dir-lg) creating and checking "/x/file35"
- (grow-dir-lg) creating and checking "/x/file36"
- (grow-dir-lg) creating and checking "/x/file37"
- (grow-dir-lg) creating and checking "/x/file38"
- (grow-dir-lg) creating and checking "/x/file39"
- (grow-dir-lg) creating and checking "/x/file40"
- (grow-dir-lg) creating and checking "/x/file41"
- (grow-dir-lg) creating and checking "/x/file42"
- (grow-dir-lg) creating and checking "/x/file43"
- (grow-dir-lg) creating and checking "/x/file44"
- (grow-dir-lg) creating and checking "/x/file45"
- (grow-dir-lg) creating and checking "/x/file46"
- (grow-dir-lg) creating and checking "/x/file47"
- (grow-dir-lg) creating and checking "/x/file48"
- (grow-dir-lg) creating and checking "/x/file49"
- (grow-dir-lg) end

(Process exit codes are excluded for matching purposes.)

OUTPUT FROM tests/filesys/extended/grow-dir-lg:

Copying tests/filesys/extended/grow-dir-lg to scratch partition...
Copying tests/filesys/extended/tar to scratch partition...
qemu-system-i386 -device isa-debug-exit -hda /tmp/sjtmdSRKVQ.dsk -hdb tmp.dsk -m 4 -net none -nographic -monitor null
PiLo hda1
Loading...........
Kernel command line: -q -f extract run grow-dir-lg
Pintos booting with 3,968 kB RAM...
367 pages available in kernel pool.
367 pages available in user pool.
Calibrating timer...  242,073,600 loops/s.
hda: 1,008 sectors (504 kB), model "QM00001", serial "QEMU HARDDISK"
hda1: 181 sectors (90 kB), Pintos OS kernel (20)
hda2: 235 sectors (117 kB), Pintos scratch (22)
hdb: 5,040 sectors (2 MB), model "QM00002", serial "QEMU HARDDISK"
hdb1: 4,096 sectors (2 MB), Pintos file system (21)
filesys: using hdb1
scratch: using hda2
Formatting file system...done.
Boot complete.
Extracting ustar archive from scratch device into file system...
Putting 'grow-dir-lg' into the file system...
Putting 'tar' into the file system...
Erasing ustar archive...
Executing 'grow-dir-lg':
(grow-dir-lg) begin
(grow-dir-lg) mkdir /x
grow-dir-lg: exit(-1)
Execution of 'grow-dir-lg' complete.
Timer: 118 ticks
Thread: 35 idle ticks, 81 kernel ticks, 2 user ticks
hdb1 (filesys): 92 reads, 476 writes
hda2 (scratch): 234 reads, 2 writes
Console: 1015 characters output
Keyboard: 0 keys pressed
Exception: 0 page faults
Powering off...

- - - - - - - - - - - - - - - - - - - - - - - - - - - - - - - - - - - - - - 

DETAILS OF tests/filesys/extended/grow-root-sm FAILURE:

run: create "file14": FAILED

OUTPUT FROM tests/filesys/extended/grow-root-sm:

Copying tests/filesys/extended/grow-root-sm to scratch partition...
Copying tests/filesys/extended/tar to scratch partition...
qemu-system-i386 -device isa-debug-exit -hda /tmp/cboPVWg_w0.dsk -hdb tmp.dsk -m 4 -net none -nographic -monitor null
PiLo hda1
Loading...........
Kernel command line: -q -f extract run grow-root-sm
Pintos booting with 3,968 kB RAM...
367 pages available in kernel pool.
367 pages available in user pool.
Calibrating timer...  250,265,600 loops/s.
hda: 1,008 sectors (504 kB), model "QM00001", serial "QEMU HARDDISK"
hda1: 181 sectors (90 kB), Pintos OS kernel (20)
hda2: 235 sectors (117 kB), Pintos scratch (22)
hdb: 5,040 sectors (2 MB), model "QM00002", serial "QEMU HARDDISK"
hdb1: 4,096 sectors (2 MB), Pintos file system (21)
filesys: using hdb1
scratch: using hda2
Formatting file system...done.
Boot complete.
Extracting ustar archive from scratch device into file system...
Putting 'grow-root-sm' into the file system...
Putting 'tar' into the file system...
Erasing ustar archive...
Executing 'grow-root-sm':
(grow-root-sm) begin
(grow-root-sm) creating and checking "file0"
(grow-root-sm) creating and checking "file1"
(grow-root-sm) creating and checking "file2"
(grow-root-sm) creating and checking "file3"
(grow-root-sm) creating and checking "file4"
(grow-root-sm) creating and checking "file5"
(grow-root-sm) creating and checking "file6"
(grow-root-sm) creating and checking "file7"
(grow-root-sm) creating and checking "file8"
(grow-root-sm) creating and checking "file9"
(grow-root-sm) creating and checking "file10"
(grow-root-sm) creating and checking "file11"
(grow-root-sm) creating and checking "file12"
(grow-root-sm) creating and checking "file13"
(grow-root-sm) creating and checking "file14"
(grow-root-sm) create "file14": FAILED
grow-root-sm: exit(1)
Execution of 'grow-root-sm' complete.
Timer: 143 ticks
Thread: 48 idle ticks, 85 kernel ticks, 10 user ticks
hdb1 (filesys): 845 reads, 565 writes
hda2 (scratch): 234 reads, 2 writes
Console: 1718 characters output
Keyboard: 0 keys pressed
Exception: 0 page faults
Powering off...

- - - - - - - - - - - - - - - - - - - - - - - - - - - - - - - - - - - - - - 

DETAILS OF tests/filesys/extended/grow-root-lg FAILURE:

run: create "file14": FAILED

OUTPUT FROM tests/filesys/extended/grow-root-lg:

Copying tests/filesys/extended/grow-root-lg to scratch partition...
Copying tests/filesys/extended/tar to scratch partition...
qemu-system-i386 -device isa-debug-exit -hda /tmp/UW2QW_P5Ha.dsk -hdb tmp.dsk -m 4 -net none -nographic -monitor null
PiLo hda1
Loading...........
Kernel command line: -q -f extract run grow-root-lg
Pintos booting with 3,968 kB RAM...
367 pages available in kernel pool.
367 pages available in user pool.
Calibrating timer...  245,760,000 loops/s.
hda: 1,008 sectors (504 kB), model "QM00001", serial "QEMU HARDDISK"
hda1: 181 sectors (90 kB), Pintos OS kernel (20)
hda2: 235 sectors (117 kB), Pintos scratch (22)
hdb: 5,040 sectors (2 MB), model "QM00002", serial "QEMU HARDDISK"
hdb1: 4,096 sectors (2 MB), Pintos file system (21)
filesys: using hdb1
scratch: using hda2
Formatting file system...done.
Boot complete.
Extracting ustar archive from scratch device into file system...
Putting 'grow-root-lg' into the file system...
Putting 'tar' into the file system...
Erasing ustar archive...
Executing 'grow-root-lg':
(grow-root-lg) begin
(grow-root-lg) creating and checking "file0"
(grow-root-lg) creating and checking "file1"
(grow-root-lg) creating and checking "file2"
(grow-root-lg) creating and checking "file3"
(grow-root-lg) creating and checking "file4"
(grow-root-lg) creating and checking "file5"
(grow-root-lg) creating and checking "file6"
(grow-root-lg) creating and checking "file7"
(grow-root-lg) creating and checking "file8"
(grow-root-lg) creating and checking "file9"
(grow-root-lg) creating and checking "file10"
(grow-root-lg) creating and checking "file11"
(grow-root-lg) creating and checking "file12"
(grow-root-lg) creating and checking "file13"
(grow-root-lg) creating and checking "file14"
(grow-root-lg) create "file14": FAILED
grow-root-lg: exit(1)
Execution of 'grow-root-lg' complete.
Timer: 136 ticks
Thread: 38 idle ticks, 89 kernel ticks, 9 user ticks
hdb1 (filesys): 845 reads, 565 writes
hda2 (scratch): 234 reads, 2 writes
Console: 1717 characters output
Keyboard: 0 keys pressed
Exception: 0 page faults
Powering off...

- - - - - - - - - - - - - - - - - - - - - - - - - - - - - - - - - - - - - - 

DETAILS OF tests/filesys/extended/syn-rw FAILURE:

run: write 8 bytes at offset 0 in "logfile": FAILED

OUTPUT FROM tests/filesys/extended/syn-rw:

Copying tests/filesys/extended/syn-rw to scratch partition...
Copying tests/filesys/extended/tar to scratch partition...
Copying tests/filesys/extended/child-syn-rw to scratch partition...
qemu-system-i386 -device isa-debug-exit -hda /tmp/LvCRcRlNkM.dsk -hdb tmp.dsk -m 4 -net none -nographic -monitor null
PiLo hda1
Loading...........
Kernel command line: -q -f extract run syn-rw
Pintos booting with 3,968 kB RAM...
367 pages available in kernel pool.
367 pages available in user pool.
Calibrating timer...  247,398,400 loops/s.
hda: 1,008 sectors (504 kB), model "QM00001", serial "QEMU HARDDISK"
hda1: 181 sectors (90 kB), Pintos OS kernel (20)
hda2: 355 sectors (177 kB), Pintos scratch (22)
hdb: 5,040 sectors (2 MB), model "QM00002", serial "QEMU HARDDISK"
hdb1: 4,096 sectors (2 MB), Pintos file system (21)
filesys: using hdb1
scratch: using hda2
Formatting file system...done.
Boot complete.
Extracting ustar archive from scratch device into file system...
Putting 'syn-rw' into the file system...
Putting 'tar' into the file system...
Putting 'child-syn-rw' into the file system...
Erasing ustar archive...
Executing 'syn-rw':
(syn-rw) begin
(syn-rw) create "logfile"
(syn-rw) open "logfile"
(syn-rw) exec child 1 of 4: "child-syn-rw 0"
(syn-rw) exec child 2 of 4: "child-syn-rw 1"
(syn-rw) exec child 3 of 4: "child-syn-rw 2"
(syn-rw) exec child 4 of 4: "child-syn-rw 3"
(syn-rw) write 8 bytes at offset 0 in "logfile": FAILED
syn-rw: exit(1)
Simulation terminated due to test failure.

- - - - - - - - - - - - - - - - - - - - - - - - - - - - - - - - - - - - - - 

DETAILS OF tests/filesys/extended/dir-empty-name FAILURE:

Test output failed to match any acceptable form.

Acceptable output:
  (dir-empty-name) begin
  (dir-empty-name) mkdir "" (must return false)
  (dir-empty-name) end
Differences in `diff -u' format:
  (dir-empty-name) begin
  (dir-empty-name) mkdir "" (must return false)
- (dir-empty-name) end

(Process exit codes are excluded for matching purposes.)

OUTPUT FROM tests/filesys/extended/dir-empty-name:

Copying tests/filesys/extended/dir-empty-name to scratch partition...
Copying tests/filesys/extended/tar to scratch partition...
qemu-system-i386 -device isa-debug-exit -hda /tmp/XcvWvhhsNw.dsk -hdb tmp.dsk -m 4 -net none -nographic -monitor null
PiLo hda1
Loading...........
Kernel command line: -q -f extract run dir-empty-name
Pintos booting with 3,968 kB RAM...
367 pages available in kernel pool.
367 pages available in user pool.
Calibrating timer...  248,217,600 loops/s.
hda: 1,008 sectors (504 kB), model "QM00001", serial "QEMU HARDDISK"
hda1: 181 sectors (90 kB), Pintos OS kernel (20)
hda2: 234 sectors (117 kB), Pintos scratch (22)
hdb: 5,040 sectors (2 MB), model "QM00002", serial "QEMU HARDDISK"
hdb1: 4,096 sectors (2 MB), Pintos file system (21)
filesys: using hdb1
scratch: using hda2
Formatting file system...done.
Boot complete.
Extracting ustar archive from scratch device into file system...
Putting 'dir-empty-name' into the file system...
Putting 'tar' into the file system...
Erasing ustar archive...
Executing 'dir-empty-name':
(dir-empty-name) begin
(dir-empty-name) mkdir "" (must return false)
dir-empty-name: exit(-1)
Execution of 'dir-empty-name' complete.
Timer: 109 ticks
Thread: 23 idle ticks, 85 kernel ticks, 1 user ticks
hdb1 (filesys): 90 reads, 474 writes
hda2 (scratch): 233 reads, 2 writes
Console: 1056 characters output
Keyboard: 0 keys pressed
Exception: 0 page faults
Powering off...

- - - - - - - - - - - - - - - - - - - - - - - - - - - - - - - - - - - - - - 

DETAILS OF tests/filesys/extended/dir-open FAILURE:

Test output failed to match any acceptable form.

Acceptable output:
  (dir-open) begin
  (dir-open) mkdir "xyzzy"
  (dir-open) open "xyzzy"
  (dir-open) write "xyzzy"
  dir-open: exit(-1)
Differences in `diff -u' format:
  (dir-open) begin
  (dir-open) mkdir "xyzzy"
- (dir-open) open "xyzzy"
- (dir-open) write "xyzzy"
  dir-open: exit(-1)
Acceptable output:
  (dir-open) begin
  (dir-open) mkdir "xyzzy"
  (dir-open) open "xyzzy"
  (dir-open) write "xyzzy"
  (dir-open) write "xyzzy" (must return -1, actually -1)
  (dir-open) end
  dir-open: exit(0)
Differences in `diff -u' format:
  (dir-open) begin
  (dir-open) mkdir "xyzzy"
- (dir-open) open "xyzzy"
- (dir-open) write "xyzzy"
- (dir-open) write "xyzzy" (must return -1, actually -1)
- (dir-open) end
- dir-open: exit(0)
+ dir-open: exit(-1)

OUTPUT FROM tests/filesys/extended/dir-open:

Copying tests/filesys/extended/dir-open to scratch partition...
Copying tests/filesys/extended/tar to scratch partition...
qemu-system-i386 -device isa-debug-exit -hda /tmp/oY2jLN6KG7.dsk -hdb tmp.dsk -m 4 -net none -nographic -monitor null
PiLo hda1
Loading...........
Kernel command line: -q -f extract run dir-open
Pintos booting with 3,968 kB RAM...
367 pages available in kernel pool.
367 pages available in user pool.
Calibrating timer...  246,169,600 loops/s.
hda: 1,008 sectors (504 kB), model "QM00001", serial "QEMU HARDDISK"
hda1: 181 sectors (90 kB), Pintos OS kernel (20)
hda2: 235 sectors (117 kB), Pintos scratch (22)
hdb: 5,040 sectors (2 MB), model "QM00002", serial "QEMU HARDDISK"
hdb1: 4,096 sectors (2 MB), Pintos file system (21)
filesys: using hdb1
scratch: using hda2
Formatting file system...done.
Boot complete.
Extracting ustar archive from scratch device into file system...
Putting 'dir-open' into the file system...
Putting 'tar' into the file system...
Erasing ustar archive...
Executing 'dir-open':
(dir-open) begin
(dir-open) mkdir "xyzzy"
dir-open: exit(-1)
Execution of 'dir-open' complete.
Timer: 108 ticks
Thread: 21 idle ticks, 87 kernel ticks, 0 user ticks
hdb1 (filesys): 92 reads, 476 writes
hda2 (scratch): 234 reads, 2 writes
Console: 999 characters output
Keyboard: 0 keys pressed
Exception: 0 page faults
Powering off...

- - - - - - - - - - - - - - - - - - - - - - - - - - - - - - - - - - - - - - 

DETAILS OF tests/filesys/extended/dir-over-file FAILURE:

Test output failed to match any acceptable form.

Acceptable output:
  (dir-over-file) begin
  (dir-over-file) mkdir "abc"
  (dir-over-file) create "abc" (must return false)
  (dir-over-file) end
Differences in `diff -u' format:
  (dir-over-file) begin
  (dir-over-file) mkdir "abc"
- (dir-over-file) create "abc" (must return false)
- (dir-over-file) end

(Process exit codes are excluded for matching purposes.)

OUTPUT FROM tests/filesys/extended/dir-over-file:

Copying tests/filesys/extended/dir-over-file to scratch partition...
Copying tests/filesys/extended/tar to scratch partition...
qemu-system-i386 -device isa-debug-exit -hda /tmp/R7TkiMctG9.dsk -hdb tmp.dsk -m 4 -net none -nographic -monitor null
PiLo hda1
Loading...........
Kernel command line: -q -f extract run dir-over-file
Pintos booting with 3,968 kB RAM...
367 pages available in kernel pool.
367 pages available in user pool.
Calibrating timer...  245,350,400 loops/s.
hda: 1,008 sectors (504 kB), model "QM00001", serial "QEMU HARDDISK"
hda1: 181 sectors (90 kB), Pintos OS kernel (20)
hda2: 234 sectors (117 kB), Pintos scratch (22)
hdb: 5,040 sectors (2 MB), model "QM00002", serial "QEMU HARDDISK"
hdb1: 4,096 sectors (2 MB), Pintos file system (21)
filesys: using hdb1
scratch: using hda2
Formatting file system...done.
Boot complete.
Extracting ustar archive from scratch device into file system...
Putting 'dir-over-file' into the file system...
Putting 'tar' into the file system...
Erasing ustar archive...
Executing 'dir-over-file':
(dir-over-file) begin
(dir-over-file) mkdir "abc"
dir-over-file: exit(-1)
Execution of 'dir-over-file' complete.
Timer: 107 ticks
Thread: 27 idle ticks, 79 kernel ticks, 1 user ticks
hdb1 (filesys): 90 reads, 474 writes
hda2 (scratch): 233 reads, 2 writes
Console: 1032 characters output
Keyboard: 0 keys pressed
Exception: 0 page faults
Powering off...

- - - - - - - - - - - - - - - - - - - - - - - - - - - - - - - - - - - - - - 

DETAILS OF tests/filesys/extended/dir-under-file FAILURE:

Test output failed to match any acceptable form.

Acceptable output:
  (dir-under-file) begin
  (dir-under-file) create "abc"
  (dir-under-file) mkdir "abc" (must return false)
  (dir-under-file) end
Differences in `diff -u' format:
  (dir-under-file) begin
  (dir-under-file) create "abc"
  (dir-under-file) mkdir "abc" (must return false)
- (dir-under-file) end

(Process exit codes are excluded for matching purposes.)

OUTPUT FROM tests/filesys/extended/dir-under-file:

Copying tests/filesys/extended/dir-under-file to scratch partition...
Copying tests/filesys/extended/tar to scratch partition...
qemu-system-i386 -device isa-debug-exit -hda /tmp/OtCT4ZSwmz.dsk -hdb tmp.dsk -m 4 -net none -nographic -monitor null
PiLo hda1
Loading...........
Kernel command line: -q -f extract run dir-under-file
Pintos booting with 3,968 kB RAM...
367 pages available in kernel pool.
367 pages available in user pool.
Calibrating timer...  244,940,800 loops/s.
hda: 1,008 sectors (504 kB), model "QM00001", serial "QEMU HARDDISK"
hda1: 181 sectors (90 kB), Pintos OS kernel (20)
hda2: 234 sectors (117 kB), Pintos scratch (22)
hdb: 5,040 sectors (2 MB), model "QM00002", serial "QEMU HARDDISK"
hdb1: 4,096 sectors (2 MB), Pintos file system (21)
filesys: using hdb1
scratch: using hda2
Formatting file system...done.
Boot complete.
Extracting ustar archive from scratch device into file system...
Putting 'dir-under-file' into the file system...
Putting 'tar' into the file system...
Erasing ustar archive...
Executing 'dir-under-file':
(dir-under-file) begin
(dir-under-file) create "abc"
(dir-under-file) mkdir "abc" (must return false)
dir-under-file: exit(-1)
Execution of 'dir-under-file' complete.
Timer: 125 ticks
Thread: 39 idle ticks, 85 kernel ticks, 1 user ticks
hdb1 (filesys): 111 reads, 478 writes
hda2 (scratch): 233 reads, 2 writes
Console: 1090 characters output
Keyboard: 0 keys pressed
Exception: 0 page faults
Powering off...

- - - - - - - - - - - - - - - - - - - - - - - - - - - - - - - - - - - - - - 

DETAILS OF tests/filesys/extended/dir-rm-cwd FAILURE:

run: open "/": FAILED

OUTPUT FROM tests/filesys/extended/dir-rm-cwd:

Copying tests/filesys/extended/dir-rm-cwd to scratch partition...
Copying tests/filesys/extended/tar to scratch partition...
qemu-system-i386 -device isa-debug-exit -hda /tmp/0i3Ies3cke.dsk -hdb tmp.dsk -m 4 -net none -nographic -monitor null
PiLo hda1
Loading...........
Kernel command line: -q -f extract run dir-rm-cwd
Pintos booting with 3,968 kB RAM...
367 pages available in kernel pool.
367 pages available in user pool.
Calibrating timer...  241,254,400 loops/s.
hda: 1,008 sectors (504 kB), model "QM00001", serial "QEMU HARDDISK"
hda1: 181 sectors (90 kB), Pintos OS kernel (20)
hda2: 242 sectors (121 kB), Pintos scratch (22)
hdb: 5,040 sectors (2 MB), model "QM00002", serial "QEMU HARDDISK"
hdb1: 4,096 sectors (2 MB), Pintos file system (21)
filesys: using hdb1
scratch: using hda2
Formatting file system...done.
Boot complete.
Extracting ustar archive from scratch device into file system...
Putting 'dir-rm-cwd' into the file system...
Putting 'tar' into the file system...
Erasing ustar archive...
Executing 'dir-rm-cwd':
(dir-rm-cwd) begin
(dir-rm-cwd) open "/"
(dir-rm-cwd) open "/": FAILED
dir-rm-cwd: exit(1)
Execution of 'dir-rm-cwd' complete.
Timer: 112 ticks
Thread: 26 idle ticks, 84 kernel ticks, 2 user ticks
hdb1 (filesys): 113 reads, 490 writes
hda2 (scratch): 241 reads, 2 writes
Console: 1038 characters output
Keyboard: 0 keys pressed
Exception: 0 page faults
Powering off...

- - - - - - - - - - - - - - - - - - - - - - - - - - - - - - - - - - - - - - 

DETAILS OF tests/filesys/extended/dir-rm-parent FAILURE:

Test output failed to match any acceptable form.

Acceptable output:
  (dir-rm-parent) begin
  (dir-rm-parent) mkdir "a"
  (dir-rm-parent) chdir "a"
  (dir-rm-parent) mkdir "b"
  (dir-rm-parent) chdir "b"
  (dir-rm-parent) remove "/a" (must fail)
  (dir-rm-parent) end
Differences in `diff -u' format:
  (dir-rm-parent) begin
  (dir-rm-parent) mkdir "a"
- (dir-rm-parent) chdir "a"
- (dir-rm-parent) mkdir "b"
- (dir-rm-parent) chdir "b"
- (dir-rm-parent) remove "/a" (must fail)
- (dir-rm-parent) end

(Process exit codes are excluded for matching purposes.)

OUTPUT FROM tests/filesys/extended/dir-rm-parent:

Copying tests/filesys/extended/dir-rm-parent to scratch partition...
Copying tests/filesys/extended/tar to scratch partition...
qemu-system-i386 -device isa-debug-exit -hda /tmp/AElWpB0jca.dsk -hdb tmp.dsk -m 4 -net none -nographic -monitor null
PiLo hda1
Loading...........
Kernel command line: -q -f extract run dir-rm-parent
Pintos booting with 3,968 kB RAM...
367 pages available in kernel pool.
367 pages available in user pool.
Calibrating timer...  242,483,200 loops/s.
hda: 1,008 sectors (504 kB), model "QM00001", serial "QEMU HARDDISK"
hda1: 181 sectors (90 kB), Pintos OS kernel (20)
hda2: 235 sectors (117 kB), Pintos scratch (22)
hdb: 5,040 sectors (2 MB), model "QM00002", serial "QEMU HARDDISK"
hdb1: 4,096 sectors (2 MB), Pintos file system (21)
filesys: using hdb1
scratch: using hda2
Formatting file system...done.
Boot complete.
Extracting ustar archive from scratch device into file system...
Putting 'dir-rm-parent' into the file system...
Putting 'tar' into the file system...
Erasing ustar archive...
Executing 'dir-rm-parent':
(dir-rm-parent) begin
(dir-rm-parent) mkdir "a"
dir-rm-parent: exit(-1)
Execution of 'dir-rm-parent' complete.
Timer: 108 ticks
Thread: 24 idle ticks, 83 kernel ticks, 1 user ticks
hdb1 (filesys): 92 reads, 476 writes
hda2 (scratch): 234 reads, 2 writes
Console: 1030 characters output
Keyboard: 0 keys pressed
Exception: 0 page faults
Powering off...

- - - - - - - - - - - - - - - - - - - - - - - - - - - - - - - - - - - - - - 

DETAILS OF tests/filesys/extended/dir-empty-name-persistence FAILURE:

Prerequisite test tests/filesys/extended/dir-empty-name failed.

OUTPUT FROM tests/filesys/extended/dir-empty-name-persistence:

qemu-system-i386 -device isa-debug-exit -hda /tmp/vYWrVzU8Z2.dsk -hdb tmp.dsk -m 4 -net none -nographic -monitor null
PiLo hda1
Loading...........
Kernel command line: -q run 'tar fs.tar /' append fs.tar
Pintos booting with 3,968 kB RAM...
367 pages available in kernel pool.
367 pages available in user pool.
Calibrating timer...  253,542,400 loops/s.
hda: 3,024 sectors (1 MB), model "QM00001", serial "QEMU HARDDISK"
hda1: 181 sectors (90 kB), Pintos OS kernel (20)
hda2: 2,048 sectors (1 MB), Pintos scratch (22)
hdb: 5,040 sectors (2 MB), model "QM00002", serial "QEMU HARDDISK"
hdb1: 4,096 sectors (2 MB), Pintos file system (21)
filesys: using hdb1
scratch: using hda2
Boot complete.
Executing 'tar fs.tar /':
/: open failed
error writing archive
tar: exit(1)
Execution of 'tar fs.tar /' complete.
Appending 'fs.tar' to ustar archive on scratch device...
Timer: 83 ticks
Thread: 3 idle ticks, 79 kernel ticks, 1 user ticks
hdb1 (filesys): 95 reads, 4 writes
hda2 (scratch): 0 reads, 3 writes
Console: 852 characters output
Keyboard: 0 keys pressed
Exception: 0 page faults
Powering off...
Copying tests/filesys/extended/dir-empty-name.tar out of /tmp/vYWrVzU8Z2.dsk...

- - - - - - - - - - - - - - - - - - - - - - - - - - - - - - - - - - - - - - 

DETAILS OF tests/filesys/extended/dir-mk-tree-persistence FAILURE:

Prerequisite test tests/filesys/extended/dir-mk-tree failed.

OUTPUT FROM tests/filesys/extended/dir-mk-tree-persistence:

qemu-system-i386 -device isa-debug-exit -hda /tmp/KsdnQ4Lo4y.dsk -hdb tmp.dsk -m 4 -net none -nographic -monitor null
PiLo hda1
Loading...........
Kernel command line: -q run 'tar fs.tar /' append fs.tar
Pintos booting with 3,968 kB RAM...
367 pages available in kernel pool.
367 pages available in user pool.
Calibrating timer...  261,734,400 loops/s.
hda: 3,024 sectors (1 MB), model "QM00001", serial "QEMU HARDDISK"
hda1: 181 sectors (90 kB), Pintos OS kernel (20)
hda2: 2,048 sectors (1 MB), Pintos scratch (22)
hdb: 5,040 sectors (2 MB), model "QM00002", serial "QEMU HARDDISK"
hdb1: 4,096 sectors (2 MB), Pintos file system (21)
filesys: using hdb1
scratch: using hda2
Boot complete.
Executing 'tar fs.tar /':
/: open failed
error writing archive
tar: exit(1)
Execution of 'tar fs.tar /' complete.
Appending 'fs.tar' to ustar archive on scratch device...
Timer: 81 ticks
Thread: 2 idle ticks, 77 kernel ticks, 2 user ticks
hdb1 (filesys): 95 reads, 4 writes
hda2 (scratch): 0 reads, 3 writes
Console: 852 characters output
Keyboard: 0 keys pressed
Exception: 0 page faults
Powering off...
Copying tests/filesys/extended/dir-mk-tree.tar out of /tmp/KsdnQ4Lo4y.dsk...

- - - - - - - - - - - - - - - - - - - - - - - - - - - - - - - - - - - - - - 

DETAILS OF tests/filesys/extended/dir-mkdir-persistence FAILURE:

Prerequisite test tests/filesys/extended/dir-mkdir failed.

OUTPUT FROM tests/filesys/extended/dir-mkdir-persistence:

qemu-system-i386 -device isa-debug-exit -hda /tmp/WbOHGgqtFN.dsk -hdb tmp.dsk -m 4 -net none -nographic -monitor null
PiLo hda1
Loading...........
Kernel command line: -q run 'tar fs.tar /' append fs.tar
Pintos booting with 3,968 kB RAM...
367 pages available in kernel pool.
367 pages available in user pool.
Calibrating timer...  242,073,600 loops/s.
hda: 3,024 sectors (1 MB), model "QM00001", serial "QEMU HARDDISK"
hda1: 181 sectors (90 kB), Pintos OS kernel (20)
hda2: 2,048 sectors (1 MB), Pintos scratch (22)
hdb: 5,040 sectors (2 MB), model "QM00002", serial "QEMU HARDDISK"
hdb1: 4,096 sectors (2 MB), Pintos file system (21)
filesys: using hdb1
scratch: using hda2
Boot complete.
Executing 'tar fs.tar /':
/: open failed
error writing archive
tar: exit(1)
Execution of 'tar fs.tar /' complete.
Appending 'fs.tar' to ustar archive on scratch device...
Timer: 83 ticks
Thread: 2 idle ticks, 78 kernel ticks, 3 user ticks
hdb1 (filesys): 95 reads, 4 writes
hda2 (scratch): 0 reads, 3 writes
Console: 852 characters output
Keyboard: 0 keys pressed
Exception: 0 page faults
Powering off...
Copying tests/filesys/extended/dir-mkdir.tar out of /tmp/WbOHGgqtFN.dsk...

- - - - - - - - - - - - - - - - - - - - - - - - - - - - - - - - - - - - - - 

DETAILS OF tests/filesys/extended/dir-open-persistence FAILURE:

Prerequisite test tests/filesys/extended/dir-open failed.

OUTPUT FROM tests/filesys/extended/dir-open-persistence:

qemu-system-i386 -device isa-debug-exit -hda /tmp/u629ZJqwPL.dsk -hdb tmp.dsk -m 4 -net none -nographic -monitor null
PiLo hda1
Loading...........
Kernel command line: -q run 'tar fs.tar /' append fs.tar
Pintos booting with 3,968 kB RAM...
367 pages available in kernel pool.
367 pages available in user pool.
Calibrating timer...  251,904,000 loops/s.
hda: 3,024 sectors (1 MB), model "QM00001", serial "QEMU HARDDISK"
hda1: 181 sectors (90 kB), Pintos OS kernel (20)
hda2: 2,048 sectors (1 MB), Pintos scratch (22)
hdb: 5,040 sectors (2 MB), model "QM00002", serial "QEMU HARDDISK"
hdb1: 4,096 sectors (2 MB), Pintos file system (21)
filesys: using hdb1
scratch: using hda2
Boot complete.
Executing 'tar fs.tar /':
/: open failed
error writing archive
tar: exit(1)
Execution of 'tar fs.tar /' complete.
Appending 'fs.tar' to ustar archive on scratch device...
Timer: 85 ticks
Thread: 5 idle ticks, 78 kernel ticks, 2 user ticks
hdb1 (filesys): 95 reads, 4 writes
hda2 (scratch): 0 reads, 3 writes
Console: 852 characters output
Keyboard: 0 keys pressed
Exception: 0 page faults
Powering off...
Copying tests/filesys/extended/dir-open.tar out of /tmp/u629ZJqwPL.dsk...

- - - - - - - - - - - - - - - - - - - - - - - - - - - - - - - - - - - - - - 

DETAILS OF tests/filesys/extended/dir-over-file-persistence FAILURE:

Prerequisite test tests/filesys/extended/dir-over-file failed.

OUTPUT FROM tests/filesys/extended/dir-over-file-persistence:

qemu-system-i386 -device isa-debug-exit -hda /tmp/C5U2_aQrFS.dsk -hdb tmp.dsk -m 4 -net none -nographic -monitor null
PiLo hda1
Loading...........
Kernel command line: -q run 'tar fs.tar /' append fs.tar
Pintos booting with 3,968 kB RAM...
367 pages available in kernel pool.
367 pages available in user pool.
Calibrating timer...  247,808,000 loops/s.
hda: 3,024 sectors (1 MB), model "QM00001", serial "QEMU HARDDISK"
hda1: 181 sectors (90 kB), Pintos OS kernel (20)
hda2: 2,048 sectors (1 MB), Pintos scratch (22)
hdb: 5,040 sectors (2 MB), model "QM00002", serial "QEMU HARDDISK"
hdb1: 4,096 sectors (2 MB), Pintos file system (21)
filesys: using hdb1
scratch: using hda2
Boot complete.
Executing 'tar fs.tar /':
/: open failed
error writing archive
tar: exit(1)
Execution of 'tar fs.tar /' complete.
Appending 'fs.tar' to ustar archive on scratch device...
Timer: 85 ticks
Thread: 5 idle ticks, 81 kernel ticks, 0 user ticks
hdb1 (filesys): 95 reads, 4 writes
hda2 (scratch): 0 reads, 3 writes
Console: 852 characters output
Keyboard: 0 keys pressed
Exception: 0 page faults
Powering off...
Copying tests/filesys/extended/dir-over-file.tar out of /tmp/C5U2_aQrFS.dsk...

- - - - - - - - - - - - - - - - - - - - - - - - - - - - - - - - - - - - - - 

DETAILS OF tests/filesys/extended/dir-rm-cwd-persistence FAILURE:

Prerequisite test tests/filesys/extended/dir-rm-cwd failed.

OUTPUT FROM tests/filesys/extended/dir-rm-cwd-persistence:

qemu-system-i386 -device isa-debug-exit -hda /tmp/YVJKV5DfcW.dsk -hdb tmp.dsk -m 4 -net none -nographic -monitor null
PiLo hda1
Loading...........
Kernel command line: -q run 'tar fs.tar /' append fs.tar
Pintos booting with 3,968 kB RAM...
367 pages available in kernel pool.
367 pages available in user pool.
Calibrating timer...  249,036,800 loops/s.
hda: 3,024 sectors (1 MB), model "QM00001", serial "QEMU HARDDISK"
hda1: 181 sectors (90 kB), Pintos OS kernel (20)
hda2: 2,048 sectors (1 MB), Pintos scratch (22)
hdb: 5,040 sectors (2 MB), model "QM00002", serial "QEMU HARDDISK"
hdb1: 4,096 sectors (2 MB), Pintos file system (21)
filesys: using hdb1
scratch: using hda2
Boot complete.
Executing 'tar fs.tar /':
/: open failed
error writing archive
tar: exit(1)
Execution of 'tar fs.tar /' complete.
Appending 'fs.tar' to ustar archive on scratch device...
Timer: 85 ticks
Thread: 3 idle ticks, 81 kernel ticks, 1 user ticks
hdb1 (filesys): 95 reads, 4 writes
hda2 (scratch): 0 reads, 3 writes
Console: 852 characters output
Keyboard: 0 keys pressed
Exception: 0 page faults
Powering off...
Copying tests/filesys/extended/dir-rm-cwd.tar out of /tmp/YVJKV5DfcW.dsk...

- - - - - - - - - - - - - - - - - - - - - - - - - - - - - - - - - - - - - - 

DETAILS OF tests/filesys/extended/dir-rm-parent-persistence FAILURE:

Prerequisite test tests/filesys/extended/dir-rm-parent failed.

OUTPUT FROM tests/filesys/extended/dir-rm-parent-persistence:

qemu-system-i386 -device isa-debug-exit -hda /tmp/2lOtq4vh0A.dsk -hdb tmp.dsk -m 4 -net none -nographic -monitor null
PiLo hda1
Loading...........
Kernel command line: -q run 'tar fs.tar /' append fs.tar
Pintos booting with 3,968 kB RAM...
367 pages available in kernel pool.
367 pages available in user pool.
Calibrating timer...  246,988,800 loops/s.
hda: 3,024 sectors (1 MB), model "QM00001", serial "QEMU HARDDISK"
hda1: 181 sectors (90 kB), Pintos OS kernel (20)
hda2: 2,048 sectors (1 MB), Pintos scratch (22)
hdb: 5,040 sectors (2 MB), model "QM00002", serial "QEMU HARDDISK"
hdb1: 4,096 sectors (2 MB), Pintos file system (21)
filesys: using hdb1
scratch: using hda2
Boot complete.
Executing 'tar fs.tar /':
/: open failed
error writing archive
tar: exit(1)
Execution of 'tar fs.tar /' complete.
Appending 'fs.tar' to ustar archive on scratch device...
Timer: 85 ticks
Thread: 5 idle ticks, 78 kernel ticks, 2 user ticks
hdb1 (filesys): 95 reads, 4 writes
hda2 (scratch): 0 reads, 3 writes
Console: 852 characters output
Keyboard: 0 keys pressed
Exception: 0 page faults
Powering off...
Copying tests/filesys/extended/dir-rm-parent.tar out of /tmp/2lOtq4vh0A.dsk...

- - - - - - - - - - - - - - - - - - - - - - - - - - - - - - - - - - - - - - 

DETAILS OF tests/filesys/extended/dir-rm-root-persistence FAILURE:

Error extracting file system:
/: open failed
error writing archive

OUTPUT FROM tests/filesys/extended/dir-rm-root-persistence:

qemu-system-i386 -device isa-debug-exit -hda /tmp/IiA7ODKG9N.dsk -hdb tmp.dsk -m 4 -net none -nographic -monitor null
PiLo hda1
Loading...........
Kernel command line: -q run 'tar fs.tar /' append fs.tar
Pintos booting with 3,968 kB RAM...
367 pages available in kernel pool.
367 pages available in user pool.
Calibrating timer...  258,457,600 loops/s.
hda: 3,024 sectors (1 MB), model "QM00001", serial "QEMU HARDDISK"
hda1: 181 sectors (90 kB), Pintos OS kernel (20)
hda2: 2,048 sectors (1 MB), Pintos scratch (22)
hdb: 5,040 sectors (2 MB), model "QM00002", serial "QEMU HARDDISK"
hdb1: 4,096 sectors (2 MB), Pintos file system (21)
filesys: using hdb1
scratch: using hda2
Boot complete.
Executing 'tar fs.tar /':
/: open failed
error writing archive
tar: exit(1)
Execution of 'tar fs.tar /' complete.
Appending 'fs.tar' to ustar archive on scratch device...
Timer: 84 ticks
Thread: 6 idle ticks, 77 kernel ticks, 1 user ticks
hdb1 (filesys): 98 reads, 4 writes
hda2 (scratch): 0 reads, 3 writes
Console: 852 characters output
Keyboard: 0 keys pressed
Exception: 0 page faults
Powering off...
Copying tests/filesys/extended/dir-rm-root.tar out of /tmp/IiA7ODKG9N.dsk...

- - - - - - - - - - - - - - - - - - - - - - - - - - - - - - - - - - - - - - 

DETAILS OF tests/filesys/extended/dir-rm-tree-persistence FAILURE:

Prerequisite test tests/filesys/extended/dir-rm-tree failed.

OUTPUT FROM tests/filesys/extended/dir-rm-tree-persistence:

qemu-system-i386 -device isa-debug-exit -hda /tmp/0htbNrTzAf.dsk -hdb tmp.dsk -m 4 -net none -nographic -monitor null
PiLo hda1
Loading...........
Kernel command line: -q run 'tar fs.tar /' append fs.tar
Pintos booting with 3,968 kB RAM...
367 pages available in kernel pool.
367 pages available in user pool.
Calibrating timer...  244,531,200 loops/s.
hda: 3,024 sectors (1 MB), model "QM00001", serial "QEMU HARDDISK"
hda1: 181 sectors (90 kB), Pintos OS kernel (20)
hda2: 2,048 sectors (1 MB), Pintos scratch (22)
hdb: 5,040 sectors (2 MB), model "QM00002", serial "QEMU HARDDISK"
hdb1: 4,096 sectors (2 MB), Pintos file system (21)
filesys: using hdb1
scratch: using hda2
Boot complete.
Executing 'tar fs.tar /':
/: open failed
error writing archive
tar: exit(1)
Execution of 'tar fs.tar /' complete.
Appending 'fs.tar' to ustar archive on scratch device...
Timer: 85 ticks
Thread: 4 idle ticks, 79 kernel ticks, 2 user ticks
hdb1 (filesys): 95 reads, 4 writes
hda2 (scratch): 0 reads, 3 writes
Console: 852 characters output
Keyboard: 0 keys pressed
Exception: 0 page faults
Powering off...
Copying tests/filesys/extended/dir-rm-tree.tar out of /tmp/0htbNrTzAf.dsk...

- - - - - - - - - - - - - - - - - - - - - - - - - - - - - - - - - - - - - - 

DETAILS OF tests/filesys/extended/dir-rmdir-persistence FAILURE:

Prerequisite test tests/filesys/extended/dir-rmdir failed.

OUTPUT FROM tests/filesys/extended/dir-rmdir-persistence:

qemu-system-i386 -device isa-debug-exit -hda /tmp/3Z6gSpPjWo.dsk -hdb tmp.dsk -m 4 -net none -nographic -monitor null
PiLo hda1
Loading...........
Kernel command line: -q run 'tar fs.tar /' append fs.tar
Pintos booting with 3,968 kB RAM...
367 pages available in kernel pool.
367 pages available in user pool.
Calibrating timer...  262,144,000 loops/s.
hda: 3,024 sectors (1 MB), model "QM00001", serial "QEMU HARDDISK"
hda1: 181 sectors (90 kB), Pintos OS kernel (20)
hda2: 2,048 sectors (1 MB), Pintos scratch (22)
hdb: 5,040 sectors (2 MB), model "QM00002", serial "QEMU HARDDISK"
hdb1: 4,096 sectors (2 MB), Pintos file system (21)
filesys: using hdb1
scratch: using hda2
Boot complete.
Executing 'tar fs.tar /':
/: open failed
error writing archive
tar: exit(1)
Execution of 'tar fs.tar /' complete.
Appending 'fs.tar' to ustar archive on scratch device...
Timer: 87 ticks
Thread: 3 idle ticks, 83 kernel ticks, 1 user ticks
hdb1 (filesys): 95 reads, 4 writes
hda2 (scratch): 0 reads, 3 writes
Console: 852 characters output
Keyboard: 0 keys pressed
Exception: 0 page faults
Powering off...
Copying tests/filesys/extended/dir-rmdir.tar out of /tmp/3Z6gSpPjWo.dsk...

- - - - - - - - - - - - - - - - - - - - - - - - - - - - - - - - - - - - - - 

DETAILS OF tests/filesys/extended/dir-under-file-persistence FAILURE:

Prerequisite test tests/filesys/extended/dir-under-file failed.

OUTPUT FROM tests/filesys/extended/dir-under-file-persistence:

qemu-system-i386 -device isa-debug-exit -hda /tmp/fJh_zliaqN.dsk -hdb tmp.dsk -m 4 -net none -nographic -monitor null
PiLo hda1
Loading...........
Kernel command line: -q run 'tar fs.tar /' append fs.tar
Pintos booting with 3,968 kB RAM...
367 pages available in kernel pool.
367 pages available in user pool.
Calibrating timer...  252,313,600 loops/s.
hda: 3,024 sectors (1 MB), model "QM00001", serial "QEMU HARDDISK"
hda1: 181 sectors (90 kB), Pintos OS kernel (20)
hda2: 2,048 sectors (1 MB), Pintos scratch (22)
hdb: 5,040 sectors (2 MB), model "QM00002", serial "QEMU HARDDISK"
hdb1: 4,096 sectors (2 MB), Pintos file system (21)
filesys: using hdb1
scratch: using hda2
Boot complete.
Executing 'tar fs.tar /':
/: open failed
error writing archive
tar: exit(1)
Execution of 'tar fs.tar /' complete.
Appending 'fs.tar' to ustar archive on scratch device...
Timer: 84 ticks
Thread: 4 idle ticks, 79 kernel ticks, 1 user ticks
hdb1 (filesys): 98 reads, 4 writes
hda2 (scratch): 0 reads, 3 writes
Console: 852 characters output
Keyboard: 0 keys pressed
Exception: 0 page faults
Powering off...
Copying tests/filesys/extended/dir-under-file.tar out of /tmp/fJh_zliaqN.dsk...

- - - - - - - - - - - - - - - - - - - - - - - - - - - - - - - - - - - - - - 

DETAILS OF tests/filesys/extended/dir-vine-persistence FAILURE:

Prerequisite test tests/filesys/extended/dir-vine failed.

OUTPUT FROM tests/filesys/extended/dir-vine-persistence:

qemu-system-i386 -device isa-debug-exit -hda /tmp/7m_MdsrBM3.dsk -hdb tmp.dsk -m 4 -net none -nographic -monitor null
PiLo hda1
Loading...........
Kernel command line: -q run 'tar fs.tar /' append fs.tar
Pintos booting with 3,968 kB RAM...
367 pages available in kernel pool.
367 pages available in user pool.
Calibrating timer...  240,844,800 loops/s.
hda: 3,024 sectors (1 MB), model "QM00001", serial "QEMU HARDDISK"
hda1: 181 sectors (90 kB), Pintos OS kernel (20)
hda2: 2,048 sectors (1 MB), Pintos scratch (22)
hdb: 5,040 sectors (2 MB), model "QM00002", serial "QEMU HARDDISK"
hdb1: 4,096 sectors (2 MB), Pintos file system (21)
filesys: using hdb1
scratch: using hda2
Boot complete.
Executing 'tar fs.tar /':
/: open failed
error writing archive
tar: exit(1)
Execution of 'tar fs.tar /' complete.
Appending 'fs.tar' to ustar archive on scratch device...
Timer: 84 ticks
Thread: 4 idle ticks, 80 kernel ticks, 0 user ticks
hdb1 (filesys): 95 reads, 4 writes
hda2 (scratch): 0 reads, 3 writes
Console: 852 characters output
Keyboard: 0 keys pressed
Exception: 0 page faults
Powering off...
Copying tests/filesys/extended/dir-vine.tar out of /tmp/7m_MdsrBM3.dsk...

- - - - - - - - - - - - - - - - - - - - - - - - - - - - - - - - - - - - - - 

DETAILS OF tests/filesys/extended/grow-create-persistence FAILURE:

Error extracting file system:
/: open failed
error writing archive

OUTPUT FROM tests/filesys/extended/grow-create-persistence:

qemu-system-i386 -device isa-debug-exit -hda /tmp/ILp05oPB_h.dsk -hdb tmp.dsk -m 4 -net none -nographic -monitor null
PiLo hda1
Loading...........
Kernel command line: -q run 'tar fs.tar /' append fs.tar
Pintos booting with 3,968 kB RAM...
367 pages available in kernel pool.
367 pages available in user pool.
Calibrating timer...  255,590,400 loops/s.
hda: 3,024 sectors (1 MB), model "QM00001", serial "QEMU HARDDISK"
hda1: 181 sectors (90 kB), Pintos OS kernel (20)
hda2: 2,048 sectors (1 MB), Pintos scratch (22)
hdb: 5,040 sectors (2 MB), model "QM00002", serial "QEMU HARDDISK"
hdb1: 4,096 sectors (2 MB), Pintos file system (21)
filesys: using hdb1
scratch: using hda2
Boot complete.
Executing 'tar fs.tar /':
/: open failed
error writing archive
tar: exit(1)
Execution of 'tar fs.tar /' complete.
Appending 'fs.tar' to ustar archive on scratch device...
Timer: 84 ticks
Thread: 4 idle ticks, 79 kernel ticks, 1 user ticks
hdb1 (filesys): 98 reads, 4 writes
hda2 (scratch): 0 reads, 3 writes
Console: 852 characters output
Keyboard: 0 keys pressed
Exception: 0 page faults
Powering off...
Copying tests/filesys/extended/grow-create.tar out of /tmp/ILp05oPB_h.dsk...

- - - - - - - - - - - - - - - - - - - - - - - - - - - - - - - - - - - - - - 

DETAILS OF tests/filesys/extended/grow-dir-lg-persistence FAILURE:

Prerequisite test tests/filesys/extended/grow-dir-lg failed.

OUTPUT FROM tests/filesys/extended/grow-dir-lg-persistence:

qemu-system-i386 -device isa-debug-exit -hda /tmp/I2EawME8j2.dsk -hdb tmp.dsk -m 4 -net none -nographic -monitor null
PiLo hda1
Loading...........
Kernel command line: -q run 'tar fs.tar /' append fs.tar
Pintos booting with 3,968 kB RAM...
367 pages available in kernel pool.
367 pages available in user pool.
Calibrating timer...  254,361,600 loops/s.
hda: 3,024 sectors (1 MB), model "QM00001", serial "QEMU HARDDISK"
hda1: 181 sectors (90 kB), Pintos OS kernel (20)
hda2: 2,048 sectors (1 MB), Pintos scratch (22)
hdb: 5,040 sectors (2 MB), model "QM00002", serial "QEMU HARDDISK"
hdb1: 4,096 sectors (2 MB), Pintos file system (21)
filesys: using hdb1
scratch: using hda2
Boot complete.
Executing 'tar fs.tar /':
/: open failed
error writing archive
tar: exit(1)
Execution of 'tar fs.tar /' complete.
Appending 'fs.tar' to ustar archive on scratch device...
Timer: 84 ticks
Thread: 4 idle ticks, 78 kernel ticks, 2 user ticks
hdb1 (filesys): 95 reads, 4 writes
hda2 (scratch): 0 reads, 3 writes
Console: 852 characters output
Keyboard: 0 keys pressed
Exception: 0 page faults
Powering off...
Copying tests/filesys/extended/grow-dir-lg.tar out of /tmp/I2EawME8j2.dsk...

- - - - - - - - - - - - - - - - - - - - - - - - - - - - - - - - - - - - - - 

DETAILS OF tests/filesys/extended/grow-file-size-persistence FAILURE:

Prerequisite test tests/filesys/extended/grow-file-size failed.

OUTPUT FROM tests/filesys/extended/grow-file-size-persistence:

qemu-system-i386 -device isa-debug-exit -hda /tmp/RBSCWFICJu.dsk -hdb tmp.dsk -m 4 -net none -nographic -monitor null
PiLo hda1
Loading...........
Kernel command line: -q run 'tar fs.tar /' append fs.tar
Pintos booting with 3,968 kB RAM...
367 pages available in kernel pool.
367 pages available in user pool.
Calibrating timer...  249,036,800 loops/s.
hda: 3,024 sectors (1 MB), model "QM00001", serial "QEMU HARDDISK"
hda1: 181 sectors (90 kB), Pintos OS kernel (20)
hda2: 2,048 sectors (1 MB), Pintos scratch (22)
hdb: 5,040 sectors (2 MB), model "QM00002", serial "QEMU HARDDISK"
hdb1: 4,096 sectors (2 MB), Pintos file system (21)
filesys: using hdb1
scratch: using hda2
Boot complete.
Executing 'tar fs.tar /':
/: open failed
error writing archive
tar: exit(1)
Execution of 'tar fs.tar /' complete.
Appending 'fs.tar' to ustar archive on scratch device...
Timer: 85 ticks
Thread: 3 idle ticks, 81 kernel ticks, 1 user ticks
hdb1 (filesys): 98 reads, 4 writes
hda2 (scratch): 0 reads, 3 writes
Console: 852 characters output
Keyboard: 0 keys pressed
Exception: 0 page faults
Powering off...
Copying tests/filesys/extended/grow-file-size.tar out of /tmp/RBSCWFICJu.dsk...

- - - - - - - - - - - - - - - - - - - - - - - - - - - - - - - - - - - - - - 

DETAILS OF tests/filesys/extended/grow-root-lg-persistence FAILURE:

Prerequisite test tests/filesys/extended/grow-root-lg failed.

OUTPUT FROM tests/filesys/extended/grow-root-lg-persistence:

qemu-system-i386 -device isa-debug-exit -hda /tmp/o5S1C20vRU.dsk -hdb tmp.dsk -m 4 -net none -nographic -monitor null
PiLo hda1
Loading...........
Kernel command line: -q run 'tar fs.tar /' append fs.tar
Pintos booting with 3,968 kB RAM...
367 pages available in kernel pool.
367 pages available in user pool.
Calibrating timer...  221,184,000 loops/s.
hda: 3,024 sectors (1 MB), model "QM00001", serial "QEMU HARDDISK"
hda1: 181 sectors (90 kB), Pintos OS kernel (20)
hda2: 2,048 sectors (1 MB), Pintos scratch (22)
hdb: 5,040 sectors (2 MB), model "QM00002", serial "QEMU HARDDISK"
hdb1: 4,096 sectors (2 MB), Pintos file system (21)
filesys: using hdb1
scratch: using hda2
Boot complete.
Executing 'tar fs.tar /':
fs.tar: create failed
tar: exit(1)
Execution of 'tar fs.tar /' complete.
Appending 'fs.tar' to ustar archive on scratch device...
Kernel PANIC at ../../filesys/fsutil.c:187 in fsutil_append(): fs.tar: open failed
Call stack: 0xc0028a2f 0xc010840c.
The `backtrace' program can make call stacks useful.
Read "Backtraces" in the "Debugging Tools" chapter
of the Pintos documentation for more information.
Timer: 86 ticks
Thread: 5 idle ticks, 79 kernel ticks, 2 user ticks
hdb1 (filesys): 97 reads, 4 writes
hda2 (scratch): 0 reads, 0 writes
Console: 1109 characters output
Keyboard: 0 keys pressed
Exception: 0 page faults
Powering off...
Copying tests/filesys/extended/grow-root-lg.tar out of /tmp/o5S1C20vRU.dsk...

- - - - - - - - - - - - - - - - - - - - - - - - - - - - - - - - - - - - - - 

DETAILS OF tests/filesys/extended/grow-root-sm-persistence FAILURE:

Prerequisite test tests/filesys/extended/grow-root-sm failed.

OUTPUT FROM tests/filesys/extended/grow-root-sm-persistence:

qemu-system-i386 -device isa-debug-exit -hda /tmp/3C0ZSGoZTs.dsk -hdb tmp.dsk -m 4 -net none -nographic -monitor null
PiLo hda1
Loading...........
Kernel command line: -q run 'tar fs.tar /' append fs.tar
Pintos booting with 3,968 kB RAM...
367 pages available in kernel pool.
367 pages available in user pool.
Calibrating timer...  249,036,800 loops/s.
hda: 3,024 sectors (1 MB), model "QM00001", serial "QEMU HARDDISK"
hda1: 181 sectors (90 kB), Pintos OS kernel (20)
hda2: 2,048 sectors (1 MB), Pintos scratch (22)
hdb: 5,040 sectors (2 MB), model "QM00002", serial "QEMU HARDDISK"
hdb1: 4,096 sectors (2 MB), Pintos file system (21)
filesys: using hdb1
scratch: using hda2
Boot complete.
Executing 'tar fs.tar /':
fs.tar: create failed
tar: exit(1)
Execution of 'tar fs.tar /' complete.
Appending 'fs.tar' to ustar archive on scratch device...
Kernel PANIC at ../../filesys/fsutil.c:187 in fsutil_append(): fs.tar: open failed
Call stack: 0xc0028a2f 0xc010840c.
The `backtrace' program can make call stacks useful.
Read "Backtraces" in the "Debugging Tools" chapter
of the Pintos documentation for more information.
Timer: 85 ticks
Thread: 4 idle ticks, 81 kernel ticks, 0 user ticks
hdb1 (filesys): 97 reads, 4 writes
hda2 (scratch): 0 reads, 0 writes
Console: 1109 characters output
Keyboard: 0 keys pressed
Exception: 0 page faults
Powering off...
Copying tests/filesys/extended/grow-root-sm.tar out of /tmp/3C0ZSGoZTs.dsk...

- - - - - - - - - - - - - - - - - - - - - - - - - - - - - - - - - - - - - - 

DETAILS OF tests/filesys/extended/grow-seq-lg-persistence FAILURE:

Prerequisite test tests/filesys/extended/grow-seq-lg failed.

OUTPUT FROM tests/filesys/extended/grow-seq-lg-persistence:

qemu-system-i386 -device isa-debug-exit -hda /tmp/NSojIVMkBZ.dsk -hdb tmp.dsk -m 4 -net none -nographic -monitor null
PiLo hda1
Loading...........
Kernel command line: -q run 'tar fs.tar /' append fs.tar
Pintos booting with 3,968 kB RAM...
367 pages available in kernel pool.
367 pages available in user pool.
Calibrating timer...  244,940,800 loops/s.
hda: 3,024 sectors (1 MB), model "QM00001", serial "QEMU HARDDISK"
hda1: 181 sectors (90 kB), Pintos OS kernel (20)
hda2: 2,048 sectors (1 MB), Pintos scratch (22)
hdb: 5,040 sectors (2 MB), model "QM00002", serial "QEMU HARDDISK"
hdb1: 4,096 sectors (2 MB), Pintos file system (21)
filesys: using hdb1
scratch: using hda2
Boot complete.
Executing 'tar fs.tar /':
/: open failed
error writing archive
tar: exit(1)
Execution of 'tar fs.tar /' complete.
Appending 'fs.tar' to ustar archive on scratch device...
Timer: 83 ticks
Thread: 3 idle ticks, 79 kernel ticks, 1 user ticks
hdb1 (filesys): 98 reads, 4 writes
hda2 (scratch): 0 reads, 3 writes
Console: 852 characters output
Keyboard: 0 keys pressed
Exception: 0 page faults
Powering off...
Copying tests/filesys/extended/grow-seq-lg.tar out of /tmp/NSojIVMkBZ.dsk...

- - - - - - - - - - - - - - - - - - - - - - - - - - - - - - - - - - - - - - 

DETAILS OF tests/filesys/extended/grow-seq-sm-persistence FAILURE:

Prerequisite test tests/filesys/extended/grow-seq-sm failed.

OUTPUT FROM tests/filesys/extended/grow-seq-sm-persistence:

qemu-system-i386 -device isa-debug-exit -hda /tmp/frQym9F3ro.dsk -hdb tmp.dsk -m 4 -net none -nographic -monitor null
PiLo hda1
Loading...........
Kernel command line: -q run 'tar fs.tar /' append fs.tar
Pintos booting with 3,968 kB RAM...
367 pages available in kernel pool.
367 pages available in user pool.
Calibrating timer...  247,808,000 loops/s.
hda: 3,024 sectors (1 MB), model "QM00001", serial "QEMU HARDDISK"
hda1: 181 sectors (90 kB), Pintos OS kernel (20)
hda2: 2,048 sectors (1 MB), Pintos scratch (22)
hdb: 5,040 sectors (2 MB), model "QM00002", serial "QEMU HARDDISK"
hdb1: 4,096 sectors (2 MB), Pintos file system (21)
filesys: using hdb1
scratch: using hda2
Boot complete.
Executing 'tar fs.tar /':
/: open failed
error writing archive
tar: exit(1)
Execution of 'tar fs.tar /' complete.
Appending 'fs.tar' to ustar archive on scratch device...
Timer: 84 ticks
Thread: 4 idle ticks, 79 kernel ticks, 1 user ticks
hdb1 (filesys): 98 reads, 4 writes
hda2 (scratch): 0 reads, 3 writes
Console: 852 characters output
Keyboard: 0 keys pressed
Exception: 0 page faults
Powering off...
Copying tests/filesys/extended/grow-seq-sm.tar out of /tmp/frQym9F3ro.dsk...

- - - - - - - - - - - - - - - - - - - - - - - - - - - - - - - - - - - - - - 

DETAILS OF tests/filesys/extended/grow-sparse-persistence FAILURE:

Prerequisite test tests/filesys/extended/grow-sparse failed.

OUTPUT FROM tests/filesys/extended/grow-sparse-persistence:

qemu-system-i386 -device isa-debug-exit -hda /tmp/j2ot60nA2e.dsk -hdb tmp.dsk -m 4 -net none -nographic -monitor null
PiLo hda1
Loading...........
Kernel command line: -q run 'tar fs.tar /' append fs.tar
Pintos booting with 3,968 kB RAM...
367 pages available in kernel pool.
367 pages available in user pool.
Calibrating timer...  242,073,600 loops/s.
hda: 3,024 sectors (1 MB), model "QM00001", serial "QEMU HARDDISK"
hda1: 181 sectors (90 kB), Pintos OS kernel (20)
hda2: 2,048 sectors (1 MB), Pintos scratch (22)
hdb: 5,040 sectors (2 MB), model "QM00002", serial "QEMU HARDDISK"
hdb1: 4,096 sectors (2 MB), Pintos file system (21)
filesys: using hdb1
scratch: using hda2
Boot complete.
Executing 'tar fs.tar /':
/: open failed
error writing archive
tar: exit(1)
Execution of 'tar fs.tar /' complete.
Appending 'fs.tar' to ustar archive on scratch device...
Timer: 85 ticks
Thread: 6 idle ticks, 79 kernel ticks, 0 user ticks
hdb1 (filesys): 98 reads, 4 writes
hda2 (scratch): 0 reads, 3 writes
Console: 852 characters output
Keyboard: 0 keys pressed
Exception: 0 page faults
Powering off...
Copying tests/filesys/extended/grow-sparse.tar out of /tmp/j2ot60nA2e.dsk...

- - - - - - - - - - - - - - - - - - - - - - - - - - - - - - - - - - - - - - 

DETAILS OF tests/filesys/extended/grow-tell-persistence FAILURE:

Prerequisite test tests/filesys/extended/grow-tell failed.

OUTPUT FROM tests/filesys/extended/grow-tell-persistence:

qemu-system-i386 -device isa-debug-exit -hda /tmp/JddA7lBbqx.dsk -hdb tmp.dsk -m 4 -net none -nographic -monitor null
PiLo hda1
Loading...........
Kernel command line: -q run 'tar fs.tar /' append fs.tar
Pintos booting with 3,968 kB RAM...
367 pages available in kernel pool.
367 pages available in user pool.
Calibrating timer...  260,505,600 loops/s.
hda: 3,024 sectors (1 MB), model "QM00001", serial "QEMU HARDDISK"
hda1: 181 sectors (90 kB), Pintos OS kernel (20)
hda2: 2,048 sectors (1 MB), Pintos scratch (22)
hdb: 5,040 sectors (2 MB), model "QM00002", serial "QEMU HARDDISK"
hdb1: 4,096 sectors (2 MB), Pintos file system (21)
filesys: using hdb1
scratch: using hda2
Boot complete.
Executing 'tar fs.tar /':
/: open failed
error writing archive
tar: exit(1)
Execution of 'tar fs.tar /' complete.
Appending 'fs.tar' to ustar archive on scratch device...
Timer: 81 ticks
Thread: 2 idle ticks, 78 kernel ticks, 1 user ticks
hdb1 (filesys): 98 reads, 4 writes
hda2 (scratch): 0 reads, 3 writes
Console: 852 characters output
Keyboard: 0 keys pressed
Exception: 0 page faults
Powering off...
Copying tests/filesys/extended/grow-tell.tar out of /tmp/JddA7lBbqx.dsk...

- - - - - - - - - - - - - - - - - - - - - - - - - - - - - - - - - - - - - - 

DETAILS OF tests/filesys/extended/grow-two-files-persistence FAILURE:

Prerequisite test tests/filesys/extended/grow-two-files failed.

OUTPUT FROM tests/filesys/extended/grow-two-files-persistence:

qemu-system-i386 -device isa-debug-exit -hda /tmp/fobaULEPKu.dsk -hdb tmp.dsk -m 4 -net none -nographic -monitor null
PiLo hda1
Loading...........
Kernel command line: -q run 'tar fs.tar /' append fs.tar
Pintos booting with 3,968 kB RAM...
367 pages available in kernel pool.
367 pages available in user pool.
Calibrating timer...  248,627,200 loops/s.
hda: 3,024 sectors (1 MB), model "QM00001", serial "QEMU HARDDISK"
hda1: 181 sectors (90 kB), Pintos OS kernel (20)
hda2: 2,048 sectors (1 MB), Pintos scratch (22)
hdb: 5,040 sectors (2 MB), model "QM00002", serial "QEMU HARDDISK"
hdb1: 4,096 sectors (2 MB), Pintos file system (21)
filesys: using hdb1
scratch: using hda2
Boot complete.
Executing 'tar fs.tar /':
/: open failed
error writing archive
tar: exit(1)
Execution of 'tar fs.tar /' complete.
Appending 'fs.tar' to ustar archive on scratch device...
Timer: 82 ticks
Thread: 4 idle ticks, 78 kernel ticks, 0 user ticks
hdb1 (filesys): 101 reads, 4 writes
hda2 (scratch): 0 reads, 3 writes
Console: 853 characters output
Keyboard: 0 keys pressed
Exception: 0 page faults
Powering off...
Copying tests/filesys/extended/grow-two-files.tar out of /tmp/fobaULEPKu.dsk...

- - - - - - - - - - - - - - - - - - - - - - - - - - - - - - - - - - - - - - 

DETAILS OF tests/filesys/extended/syn-rw-persistence FAILURE:

Prerequisite test tests/filesys/extended/syn-rw failed.

OUTPUT FROM tests/filesys/extended/syn-rw-persistence:

qemu-system-i386 -device isa-debug-exit -hda /tmp/Q845gndyGE.dsk -hdb tmp.dsk -m 4 -net none -nographic -monitor null
PiLo hda1
Loading...........
Kernel command line: -q run 'tar fs.tar /' append fs.tar
Pintos booting with 3,968 kB RAM...
367 pages available in kernel pool.
367 pages available in user pool.
Calibrating timer...  245,350,400 loops/s.
hda: 3,024 sectors (1 MB), model "QM00001", serial "QEMU HARDDISK"
hda1: 181 sectors (90 kB), Pintos OS kernel (20)
hda2: 2,048 sectors (1 MB), Pintos scratch (22)
hdb: 5,040 sectors (2 MB), model "QM00002", serial "QEMU HARDDISK"
hdb1: 4,096 sectors (2 MB), Pintos file system (21)
filesys: using hdb1
scratch: using hda2
Boot complete.
Executing 'tar fs.tar /':
/: open failed
error writing archive
tar: exit(1)
Execution of 'tar fs.tar /' complete.
Appending 'fs.tar' to ustar archive on scratch device...
Timer: 83 ticks
Thread: 3 idle ticks, 80 kernel ticks, 1 user ticks
hdb1 (filesys): 101 reads, 4 writes
hda2 (scratch): 0 reads, 3 writes
Console: 853 characters output
Keyboard: 0 keys pressed
Exception: 0 page faults
Powering off...
Copying tests/filesys/extended/syn-rw.tar out of /tmp/Q845gndyGE.dsk...
make[1]: Leaving directory '/home/6a/pintos/src/filesys/build'
